<?xml version="1.0" encoding="utf-8"?><testsuites name="pytest tests"><testsuite name="pytest" errors="0" failures="1" skipped="0" tests="13" time="2.703" timestamp="2026-08-19T21:09:47.728434+00:00" hostname="agent-env-5f35255d-4b36-4220-a229-8613b5162e3a"><testcase classname="tests.test_iteration43.TestBudgetExport" name="test_export_csv_structure" time="0.881" /><testcase classname="tests.test_iteration43.TestShiftIncompatWarning" name="test_first_shift_no_warning" time="0.954" /><testcase classname="tests.test_iteration43.TestBudgetExport" name="test_period_too_long" time="0.075" /><testcase classname="tests.test_iteration43.TestShiftIncompatWarning" name="test_overlap_same_branch_warns_but_creates" time="0.127" /><testcase classname="tests.test_iteration43.TestBudgetExport" name="test_invalid_dates" time="0.080" /><testcase classname="tests.test_iteration43.TestBudgetExport" name="test_reversed_dates" time="0.076" /><testcase classname="tests.test_iteration43.TestShiftIncompatWarning" name="test_overlap_other_branch_no_warning" time="0.105" /><testcase classname="tests.test_iteration43.TestShiftIncompatWarning" name="test_put_back_same_branch_warns" time="0.471" /><testcase classname="tests.test_iteration43.TestBudgetExport" name="test_employee_forbidden" time="0.555" /><testcase classname="tests.test_iteration43.TestAiMultiBranch" name="test_legacy_payload_accepted" time="0.057"><failure message="AssertionError: 422 {&quot;detail&quot;:[{&quot;type&quot;:&quot;missing&quot;,&quot;loc&quot;:[&quot;body&quot;,&quot;employees&quot;,0,&quot;position&quot;],&quot;msg&quot;:&quot;Field required&quot;,&quot;input&quot;:{&quot;id&quot;:&quot;e1&quot;,&quot;name&quot;:&quot;Sophie&quot;,&quot;role&quot;:&quot;ATP&quot;,&quot;branch_id&quot;:&quot;br1&quot;,&quot;branch_name&quot;:&quot;Centre&quot;},&quot;url&quot;:&quot;https://errors.pydantic.dev/2.13/v/missing&quot;}]}&#10;assert 422 in (200, 201)&#10; +  where 422 = &lt;Response [422]&gt;.status_code">tests/test_iteration43.py:189: in test_legacy_payload_accepted
    assert r.status_code in (200, 201), f"{r.status_code} {r.text[:300]}"
E   AssertionError: 422 {"detail":[{"type":"missing","loc":["body","employees",0,"position"],"msg":"Field required","input":{"id":"e1","name":"Sophie","role":"ATP","branch_id":"br1","branch_name":"Centre"},"url":"https://errors.pydantic.dev/2.13/v/missing"}]}
E   assert 422 in (200, 201)
E    +  where 422 = &lt;Response [422]&gt;.status_code</failure></testcase><testcase classname="tests.test_iteration43.TestIncompatibilities" name="test_reciprocity_add_and_remove" time="0.342" /><testcase classname="tests.test_iteration43.TestIncompatibilities" name="test_self_reference_ignored" time="0.156" /><testcase classname="tests.test_iteration43.TestIncompatibilities" name="test_employee_cannot_set_incompat" time="0.155" /></testsuite></testsuites>