<?xml version="1.0" encoding="utf-8"?><testsuites name="pytest tests"><testsuite name="pytest" errors="0" failures="0" skipped="0" tests="12" time="5.030" timestamp="2026-08-19T21:20:05.391144+00:00" hostname="agent-env-5f35255d-4b36-4220-a229-8613b5162e3a"><testcase classname="tests.test_iteration43.TestBudgetExport" name="test_export_csv_structure" time="3.052" /><testcase classname="tests.test_iteration43.TestBudgetExport" name="test_period_too_long" time="0.080" /><testcase classname="tests.test_iteration43.TestBudgetExport" name="test_invalid_dates" time="0.109" /><testcase classname="tests.test_iteration43.TestShiftIncompatWarning" name="test_first_shift_no_warning" time="3.294" /><testcase classname="tests.test_iteration43.TestBudgetExport" name="test_reversed_dates" time="0.087" /><testcase classname="tests.test_iteration43.TestShiftIncompatWarning" name="test_overlap_same_branch_warns_but_creates" time="0.398" /><testcase classname="tests.test_iteration43.TestBudgetExport" name="test_employee_forbidden" time="0.507" /><testcase classname="tests.test_iteration43.TestShiftIncompatWarning" name="test_overlap_other_branch_no_warning" time="0.084" /><testcase classname="tests.test_iteration43.TestShiftIncompatWarning" name="test_put_back_same_branch_warns" time="0.412" /><testcase classname="tests.test_iteration43.TestIncompatibilities" name="test_reciprocity_add_and_remove" time="0.367" /><testcase classname="tests.test_iteration43.TestIncompatibilities" name="test_self_reference_ignored" time="0.274" /><testcase classname="tests.test_iteration43.TestIncompatibilities" name="test_employee_cannot_set_incompat" time="0.181" /></testsuite></testsuites>