<?xml version="1.0" encoding="utf-8"?><testsuites name="pytest tests"><testsuite name="pytest" errors="0" failures="0" skipped="0" tests="12" time="7.079" timestamp="2026-08-25T21:07:17.725224+00:00" hostname="agent-env-5f35255d-4b36-4220-a229-8613b5162e3a"><testcase classname="tests.test_iteration50.TestTrialOnboarding" name="test_signup_trial_sets_onboarding_pending" time="1.412" /><testcase classname="tests.test_iteration50.TestTrialOnboarding" name="test_post_onboarding_completes" time="0.157" /><testcase classname="tests.test_iteration50.TestTrialOnboarding" name="test_onboarding_skipped_flow" time="1.144" /><testcase classname="tests.test_iteration50.TestTrialOnboarding" name="test_onboarding_forbidden_for_employee" time="0.609" /><testcase classname="tests.test_iteration50.TestTrialOnboarding" name="test_onboarding_requires_auth" time="0.075" /><testcase classname="tests.test_iteration50.TestTrialOnboarding" name="test_existing_admin_ph1_no_onboarding" time="0.384" /><testcase classname="tests.test_iteration50.TestSuperadminPharmacyCreate" name="test_create_without_admin_returns_400_fr" time="0.079" /><testcase classname="tests.test_iteration50.TestSuperadminPharmacyCreate" name="test_create_with_admin" time="1.058" /><testcase classname="tests.test_iteration50.TestSuperadminPharmacyCreate" name="test_non_superadmin_cannot_create" time="0.501" /><testcase classname="tests.test_iteration50.TestSuperadminPharmacyDelete" name="test_cascade_delete" time="0.459" /><testcase classname="tests.test_iteration50.TestSuperadminPharmacyDelete" name="test_delete_unknown_returns_404" time="0.092" /><testcase classname="tests.test_iteration50.TestSuperadminPharmacyDelete" name="test_delete_requires_superadmin" time="1.038" /></testsuite></testsuites>