<?xml version="1.0" encoding="utf-8"?><testsuites name="pytest tests"><testsuite name="pytest" errors="0" failures="0" skipped="0" tests="12" time="3.285" timestamp="2026-07-31T02:45:01.081440+00:00" hostname="agent-env-5f35255d-4b36-4220-a229-8613b5162e3a"><testcase classname="tests.test_iteration22.TestListTemplates" name="test_get_admin_ok" time="0.787" /><testcase classname="tests.test_iteration22.TestCreateTemplate" name="test_create_success_and_persistence" time="1.162" /><testcase classname="tests.test_iteration22.TestListTemplates" name="test_get_manager_ok" time="0.516" /><testcase classname="tests.test_iteration22.TestCreateTemplate" name="test_create_empty_name_400" time="0.190" /><testcase classname="tests.test_iteration22.TestCreateTemplate" name="test_create_empty_entries_400" time="0.277" /><testcase classname="tests.test_iteration22.TestCreateTemplate" name="test_create_weekday_out_of_range_400" time="0.112" /><testcase classname="tests.test_iteration22.TestListTemplates" name="test_get_employee_forbidden" time="0.439" /><testcase classname="tests.test_iteration22.TestCreateTemplate" name="test_create_end_le_start_400" time="0.105" /><testcase classname="tests.test_iteration22.TestDeleteTemplate" name="test_delete_success_and_gone" time="0.604" /><testcase classname="tests.test_iteration22.TestCreateTemplate" name="test_create_employee_forbidden" time="0.695" /><testcase classname="tests.test_iteration22.TestDeleteTemplate" name="test_delete_unknown_404" time="0.119" /><testcase classname="tests.test_iteration22.TestDeleteTemplate" name="test_delete_employee_forbidden" time="0.479" /></testsuite></testsuites>