<?xml version="1.0" encoding="utf-8"?><testsuites name="pytest tests"><testsuite name="pytest" errors="0" failures="0" skipped="0" tests="6" time="2.297" timestamp="2026-08-02T23:40:08.981717+00:00" hostname="agent-env-5f35255d-4b36-4220-a229-8613b5162e3a"><testcase classname="tests.test_iteration34.TestHourlyRateProfileEndpoint" name="test_admin_sets_rate_e3_valid" time="0.718" /><testcase classname="tests.test_iteration34.TestHourlyRateProfileEndpoint" name="test_admin_sets_rate_invalid_high" time="0.117" /><testcase classname="tests.test_iteration34.TestHourlyRateProfileEndpoint" name="test_admin_sets_rate_invalid_negative" time="0.114" /><testcase classname="tests.test_iteration34.TestHourlyRateProfileEndpoint" name="test_employee_cannot_change_rate" time="0.645" /><testcase classname="tests.test_iteration34.TestHourlyRateProfileEndpoint" name="test_admin_zero_rate_accepted" time="0.230" /><testcase classname="tests.test_iteration34.TestHourlyRateProfileEndpoint" name="test_cleanup_restore_e3" time="0.146" /></testsuite></testsuites>