<?xml version="1.0" encoding="utf-8"?><testsuites name="pytest tests"><testsuite name="pytest" errors="0" failures="0" skipped="0" tests="14" time="5.832" timestamp="2026-07-31T02:02:38.037629+00:00" hostname="agent-env-5f35255d-4b36-4220-a229-8613b5162e3a"><testcase classname="tests.test_iteration20.TestDeliveryMileage" name="test_invalid_start_400" time="0.666" /><testcase classname="tests.test_iteration20.TestAppointmentReminders" name="test_manager_run_empty" time="1.017" /><testcase classname="tests.test_iteration20.TestDeliveryMileage" name="test_julie_forbidden" time="0.505" /><testcase classname="tests.test_iteration20.TestAppointmentReminders" name="test_invalid_date_400" time="0.107" /><testcase classname="tests.test_iteration20.TestDeliveryMileage" name="test_manager_ok_structure" time="0.278" /><testcase classname="tests.test_iteration20.TestAppointmentReminders" name="test_julie_forbidden" time="0.434" /><testcase classname="tests.test_iteration20.TestDeliveryMileage" name="test_create_deliveries_and_verify_km" time="3.051" /><testcase classname="tests.test_iteration20.TestAppointmentReminders" name="test_with_appointment_today_pipeline" time="1.046" /><testcase classname="tests.test_iteration20.TestAppointmentReminders" name="test_zzz_cleanup" time="0.104" /><testcase classname="tests.test_iteration20.TestDeliveryMileage" name="test_zzz_cleanup" time="0.207" /><testcase classname="tests.test_iteration20.TestPharmacySettingsMileageRate" name="test_put_address_and_rate" time="0.210" /><testcase classname="tests.test_iteration20.TestPharmacySettingsMileageRate" name="test_rate_too_high_400" time="0.105" /><testcase classname="tests.test_iteration20.TestPharmacySettingsMileageRate" name="test_put_without_rate_keeps_previous" time="0.231" /><testcase classname="tests.test_iteration20.TestPharmacySettingsMileageRate" name="test_restore_defaults" time="0.242" /></testsuite></testsuites>