<?xml version="1.0" encoding="utf-8"?><testsuites name="pytest tests"><testsuite name="pytest" errors="0" failures="0" skipped="0" tests="14" time="20.661" timestamp="2026-08-03T01:03:17.047351+00:00" hostname="agent-env-5f35255d-4b36-4220-a229-8613b5162e3a"><testcase classname="tests.test_iteration36" name="test_admin_lists_all_benefits" time="0.522" /><testcase classname="tests.test_iteration36" name="test_employee_sees_only_published" time="0.547" /><testcase classname="tests.test_iteration36" name="test_admin_creates_benefit_and_image_generates" time="9.570" /><testcase classname="tests.test_iteration36" name="test_get_image_admin" time="0.177" /><testcase classname="tests.test_iteration36" name="test_employee_gets_404_on_draft_image" time="0.146" /><testcase classname="tests.test_iteration36" name="test_update_invalid_status" time="0.104" /><testcase classname="tests.test_iteration36" name="test_update_empty_title" time="0.100" /><testcase classname="tests.test_iteration36" name="test_update_title_category_roles_persists" time="0.107" /><testcase classname="tests.test_iteration36" name="test_publish_then_employee_sees" time="0.221" /><testcase classname="tests.test_iteration36" name="test_regenerate_image_endpoint" time="0.108" /><testcase classname="tests.test_iteration36" name="test_employee_upload_forbidden" time="0.129" /><testcase classname="tests.test_iteration36" name="test_upload_non_pdf_rejected" time="0.096" /><testcase classname="tests.test_iteration36" name="test_admin_uploads_pdf_and_job_completes" time="6.657" /><testcase classname="tests.test_iteration36" name="test_delete_created_benefit_at_end" time="1.849" /></testsuite></testsuites>