<?xml version="1.0" encoding="utf-8"?><testsuites name="pytest tests"><testsuite name="pytest" errors="0" failures="0" skipped="0" tests="8" time="3.309" timestamp="2026-07-31T17:05:08.572825+00:00" hostname="agent-env-5f35255d-4b36-4220-a229-8613b5162e3a"><testcase classname="tests.test_iteration25.TestRegression" name="test_export_payroll_nethris" time="0.622" /><testcase classname="tests.test_iteration25.TestRegression" name="test_punches_summary" time="0.324" /><testcase classname="tests.test_iteration25.TestPunchGeo" name="test_punch_me_with_geo_then_close" time="1.473" /><testcase classname="tests.test_iteration25.TestPayrollNumber" name="test_put_and_get_payroll_number" time="0.216" /><testcase classname="tests.test_iteration25.TestPunchGeo" name="test_punch_me_empty_body" time="0.337" /><testcase classname="tests.test_iteration25.TestPunchGeo" name="test_punch_me_no_body" time="0.428" /><testcase classname="tests.test_iteration25.TestPunchGeo" name="test_punch_public_with_geo" time="0.339" /><testcase classname="tests.test_iteration25.TestPunchGeo" name="test_punch_public_without_geo" time="0.330" /></testsuite></testsuites>