<?xml version="1.0" encoding="utf-8"?><testsuites name="pytest tests"><testsuite name="pytest" errors="2" failures="0" skipped="0" tests="68" time="19.909" timestamp="2026-07-30T21:00:13.021941+00:00" hostname="agent-env-5f35255d-4b36-4220-a229-8613b5162e3a"><testcase classname="tests.backend_test.TestLicensesJWT" name="test_list_no_token_401" time="0.360" /><testcase classname="tests.backend_test.TestAuthJWT" name="test_login_admin_ok" time="0.361" /><testcase classname="tests.backend_test.TestAuthJWT" name="test_login_bad_password" time="0.500" /><testcase classname="tests.backend_test.TestLicensesJWT" name="test_list_with_admin_bearer" time="0.552" /><testcase classname="tests.backend_test.TestLicensesJWT" name="test_create_and_get_license" time="0.319" /><testcase classname="tests.backend_test.TestAuthJWT" name="test_me_with_token" time="0.384" /><testcase classname="tests.backend_test.TestLicensesJWT" name="test_report_60d" time="0.146" /><testcase classname="tests.backend_test.TestAuthJWT" name="test_me_no_token" time="0.051" /><testcase classname="tests.backend_test.TestAuthJWT" name="test_me_invalid_token" time="0.054" /><testcase classname="tests.backend_test.TestLicensesJWT" name="test_audit_admin_forbidden" time="0.053" /><testcase classname="tests.backend_test.TestAuthJWT" name="test_employee_login_and_licenses_forbidden" time="0.589" /><testcase classname="tests.backend_test.TestLicensesJWT" name="test_audit_superadmin_ok" time="0.520" /><testcase classname="tests.backend_test.TestAuthJWT" name="test_superadmin_temp_password_flag" time="0.505" /><testcase classname="tests.backend_test.TestAuthJWT" name="test_brute_force_lockout_via_public_url" time="1.135" /><testcase classname="tests.backend_test.TestAdminUsers" name="test_list_requires_superadmin" time="0.649" /><testcase classname="tests.backend_test.TestAdminUsers" name="test_list_users_superadmin" time="0.048" /><testcase classname="tests.backend_test.TestAdminUsers" name="test_create_login_reset_suspend_delete" time="2.687" /><testcase classname="tests.backend_test.TestAuthJWT" name="test_valid_login_unaffected_by_other_email_lockout" time="1.982" /><testcase classname="tests.backend_test.TestAdminUsers" name="test_cannot_self_suspend_or_self_delete" time="0.321" /><testcase classname="tests.backend_test.TestAdminUsers" name="test_invalid_role" time="1.137" /><testcase classname="tests.test_iteration7.TestEmailSettings" name="test_get_settings_admin_ok" time="0.628" /><testcase classname="tests.test_iteration7.TestEmailSettings" name="test_post_admin_forbidden" time="0.051" /><testcase classname="tests.test_iteration7.TestEmailSettings" name="test_post_employee_forbidden" time="0.551" /><testcase classname="tests.test_iteration7.TestEmailSettings" name="test_post_no_token_401" time="0.049" /><testcase classname="tests.test_iteration7.TestEmailSettings" name="test_superadmin_save_and_restore" time="0.748" /><testcase classname="tests.test_iteration9.TestProfiles" name="test_employee_list_returns_only_own_profile" time="0.604" /><testcase classname="tests.test_iteration9.TestProfiles" name="test_employee_cannot_update_other_profile" time="0.047" /><testcase classname="tests.test_iteration9.TestProfiles" name="test_employee_can_update_own" time="0.146" /><testcase classname="tests.test_iteration9.TestProfiles" name="test_employee_cannot_generate_punch_code" time="0.049" /><testcase classname="tests.backend_test.TestTrimWhitespaceLoginFix" name="test_owner_login_with_padded_email_and_password" time="0.561" /><testcase classname="tests.test_iteration9.TestProfiles" name="test_admin_lists_all_profiles" time="0.498" /><testcase classname="tests.backend_test.TestTrimWhitespaceLoginFix" name="test_owner_login_exact" time="0.292" /><testcase classname="tests.backend_test.TestTrimWhitespaceLoginFix" name="test_wrong_password_still_401_on_throwaway_email" time="0.225" /><testcase classname="tests.backend_test.TestLicenseReminders" name="test_reminders_run_admin_ok" time="0.811" /><testcase classname="tests.backend_test.TestLicenseReminders" name="test_reminders_forbidden_without_token" time="0.054" /><testcase classname="tests.backend_test.TestTrimWhitespaceLoginFix" name="test_change_password_with_surrounding_spaces_roundtrip" time="3.037" /><testcase classname="tests.backend_test.TestLicenseReminders" name="test_reminders_forbidden_for_employee" time="0.690" /><testcase classname="tests.backend_test.TestLicenseReminders" name="test_reminder_sent_and_deduplicated" time="2.181" /><testcase classname="tests.test_iteration7.TestSuperadminOverview" name="test_admin_forbidden" time="0.625" /><testcase classname="tests.test_iteration8.TestUpsertAndDelete" name="test_upsert_same_email_produces_one_row_and_updates_due" time="1.221" /><testcase classname="tests.test_iteration7.TestSuperadminOverview" name="test_employee_forbidden" time="0.352" /><testcase classname="tests.test_iteration7.TestSuperadminOverview" name="test_no_token_401" time="0.065" /><testcase classname="tests.test_iteration7.TestSuperadminOverview" name="test_superadmin_ok" time="0.358" /><testcase classname="tests.test_iteration8.TestUpsertAndDelete" name="test_overdue_computed_when_past_due" time="0.568" /><testcase classname="tests.test_iteration8.TestRemindersRBAC" name="test_employee_forbidden" time="0.451" /><testcase classname="tests.test_iteration8.TestRemindersRBAC" name="test_no_token_401" time="0.060" /><testcase classname="tests.test_iteration8.TestUpsertAndDelete" name="test_delete_nonexistent_returns_404" time="0.254" /><testcase classname="tests.test_iteration8.TestRemindersRBAC" name="test_admin_ok_returns_sent_count" time="0.412" /><testcase classname="tests.test_iteration9.TestPaySettings" name="test_invalid_period_type_400" time="0.439" /><testcase classname="tests.test_iteration9.TestPaySettings" name="test_get_pay_settings" time="0.248" /><testcase classname="tests.backend_test.TestChangePassword" name="test_change_password_wrong_current" time="0.821" /><testcase classname="tests.test_iteration9.TestPaySettings" name="test_set_and_reset_biweekly" time="0.550" /><testcase classname="tests.backend_test.TestChangePassword" name="test_change_password_success_and_restore" time="3.185" /><testcase classname="tests.test_iteration7.TestTrainingsList" name="test_admin_sees_correct_index" time="0.937" /><testcase classname="tests.test_iteration7.TestTrainingsList" name="test_employee_hides_correct_index" time="0.496"><error message="failed on setup with &quot;AssertionError: {&quot;detail&quot;:&quot;Courriel ou mot de passe invalide.&quot;}&#10;assert 401 == 200&#10; +  where 401 = &lt;Response [401]&gt;.status_code&quot;">E   AssertionError: {"detail":"Courriel ou mot de passe invalide."}
    assert 401 == 200
     +  where 401 = &lt;Response [401]&gt;.status_code</error></testcase><testcase classname="tests.test_iteration7.TestAttempts" name="test_wrong_answer_count_400" time="0.000"><error message="failed on setup with &quot;AssertionError: {&quot;detail&quot;:&quot;Courriel ou mot de passe invalide.&quot;}&#10;assert 401 == 200&#10; +  where 401 = &lt;Response [401]&gt;.status_code&quot;">E   AssertionError: {"detail":"Courriel ou mot de passe invalide."}
    assert 401 == 200
     +  where 401 = &lt;Response [401]&gt;.status_code</error></testcase><testcase classname="tests.test_iteration7.TestAttempts" name="test_attempt_requires_auth" time="0.443" /><testcase classname="tests.test_iteration8.TestListAssignments" name="test_admin_list_ok_has_julie_with_computed_fields" time="0.748" /><testcase classname="tests.test_iteration8.TestListAssignments" name="test_list_requires_auth" time="0.271" /><testcase classname="tests.test_iteration9.TestPunchByCode" name="test_invalid_code_returns_404" time="0.120" /><testcase classname="tests.test_iteration9.TestPunchByCode" name="test_missing_code_field" time="0.231" /><testcase classname="tests.test_iteration9.TestPunchesSummary" name="test_summary_requires_auth" time="0.109" /><testcase classname="tests.test_iteration7.TestTrainingUploadGuards" name="test_upload_rejects_non_pdf" time="0.552" /><testcase classname="tests.test_iteration7.TestTrainingUploadGuards" name="test_upload_requires_auth" time="0.239" /><testcase classname="tests.test_iteration9.TestPunchesSummary" name="test_summary_admin_ok" time="0.373" /><testcase classname="tests.test_iteration9.TestScheduleApply" name="test_admin_apply_blocked_400_when_pending_approvals" time="0.593" /><testcase classname="tests.test_iteration8.TestMyAssignment" name="test_julie_gets_my_assignment_on_demo" time="0.569" /><testcase classname="tests.test_iteration9.TestScheduleApply" name="test_get_proposals_includes_demo" time="0.090" /></testsuite></testsuites>