<?xml version="1.0" encoding="utf-8"?><testsuites name="pytest tests"><testsuite name="pytest" errors="0" failures="0" skipped="0" tests="5" time="5.370" timestamp="2026-07-31T00:55:53.371804+00:00" hostname="agent-env-5f35255d-4b36-4220-a229-8613b5162e3a"><testcase classname="tests.test_iteration18.TestDeliveryProof" name="test_full_flow_with_signature" time="1.633" /><testcase classname="tests.test_iteration18.TestDeliveryProof" name="test_invalid_proof_format" time="0.591" /><testcase classname="tests.test_iteration18.TestDeliveryProof" name="test_invalid_proof_type" time="1.633" /><testcase classname="tests.test_iteration18.TestDeliveryProof" name="test_livree_without_proof" time="0.611" /><testcase classname="tests.test_iteration18.TestDeliveryProof" name="test_photo_proof" time="0.569" /></testsuite></testsuites>