<?xml version="1.0" encoding="utf-8"?><testsuites name="pytest tests"><testsuite name="pytest" errors="0" failures="0" skipped="0" tests="30" time="11.773" timestamp="2026-07-30T17:02:39.016392+00:00" hostname="agent-env-5f35255d-4b36-4220-a229-8613b5162e3a"><testcase classname="tests.backend_test.TestLicensesJWT" name="test_list_no_token_401" time="0.381" /><testcase classname="tests.backend_test.TestAuthJWT" name="test_login_admin_ok" time="0.368" /><testcase classname="tests.backend_test.TestAuthJWT" name="test_login_bad_password" time="0.283" /><testcase classname="tests.backend_test.TestLicensesJWT" name="test_list_with_admin_bearer" time="0.733" /><testcase classname="tests.backend_test.TestAuthJWT" name="test_me_with_token" time="0.510" /><testcase classname="tests.backend_test.TestLicensesJWT" name="test_create_and_get_license" time="0.245" /><testcase classname="tests.backend_test.TestAuthJWT" name="test_me_no_token" time="0.064" /><testcase classname="tests.backend_test.TestAuthJWT" name="test_me_invalid_token" time="0.062" /><testcase classname="tests.backend_test.TestLicensesJWT" name="test_report_60d" time="0.313" /><testcase classname="tests.backend_test.TestAuthJWT" name="test_employee_login_and_licenses_forbidden" time="0.414" /><testcase classname="tests.backend_test.TestLicensesJWT" name="test_audit_admin_forbidden" time="0.086" /><testcase classname="tests.backend_test.TestAuthJWT" name="test_superadmin_temp_password_flag" time="0.504" /><testcase classname="tests.backend_test.TestAuthJWT" name="test_brute_force_lockout_via_public_url" time="0.797" /><testcase classname="tests.backend_test.TestLicensesJWT" name="test_audit_superadmin_ok" time="0.595" /><testcase classname="tests.backend_test.TestAdminUsers" name="test_list_requires_superadmin" time="0.680" /><testcase classname="tests.backend_test.TestAuthJWT" name="test_valid_login_unaffected_by_other_email_lockout" time="1.080" /><testcase classname="tests.backend_test.TestAdminUsers" name="test_list_users_superadmin" time="0.091" /><testcase classname="tests.backend_test.TestAdminUsers" name="test_create_login_reset_suspend_delete" time="4.289" /><testcase classname="tests.backend_test.TestTrimWhitespaceLoginFix" name="test_owner_login_with_padded_email_and_password" time="0.443" /><testcase classname="tests.backend_test.TestTrimWhitespaceLoginFix" name="test_owner_login_exact" time="0.299" /><testcase classname="tests.backend_test.TestTrimWhitespaceLoginFix" name="test_wrong_password_still_401_on_throwaway_email" time="0.223" /><testcase classname="tests.backend_test.TestTrimWhitespaceLoginFix" name="test_change_password_with_surrounding_spaces_roundtrip" time="2.192" /><testcase classname="tests.backend_test.TestLicenseReminders" name="test_reminders_run_admin_ok" time="0.068" /><testcase classname="tests.backend_test.TestLicenseReminders" name="test_reminders_forbidden_without_token" time="0.064" /><testcase classname="tests.backend_test.TestLicenseReminders" name="test_reminders_forbidden_for_employee" time="0.105" /><testcase classname="tests.backend_test.TestAdminUsers" name="test_cannot_self_suspend_or_self_delete" time="0.298" /><testcase classname="tests.backend_test.TestLicenseReminders" name="test_reminder_sent_and_deduplicated" time="0.621" /><testcase classname="tests.backend_test.TestAdminUsers" name="test_invalid_role" time="1.700" /><testcase classname="tests.backend_test.TestChangePassword" name="test_change_password_wrong_current" time="0.286" /><testcase classname="tests.backend_test.TestChangePassword" name="test_change_password_success_and_restore" time="3.033" /></testsuite></testsuites>