<?xml version="1.0" encoding="utf-8"?><testsuites name="pytest tests"><testsuite name="pytest" errors="0" failures="0" skipped="0" tests="11" time="3.096" timestamp="2026-07-30T22:58:45.517911+00:00" hostname="agent-env-5f35255d-4b36-4220-a229-8613b5162e3a"><testcase classname="tests.test_iteration13.TestPWA" name="test_manifest" time="0.789" /><testcase classname="tests.test_iteration13.TestPWA" name="test_icons_and_sw" time="0.379" /><testcase classname="tests.test_iteration13.TestTasksCRUD" name="test_admin_create_team_task" time="0.987" /><testcase classname="tests.test_iteration13.TestTasksCRUD" name="test_admin_create_julie_task" time="0.115" /><testcase classname="tests.test_iteration13.TestTasksCRUD" name="test_admin_list_tasks" time="0.111" /><testcase classname="tests.test_iteration13.TestCopyWeek" name="test_copy_week" time="1.349" /><testcase classname="tests.test_iteration13.TestTasksCRUD" name="test_julie_list_sees_own_and_team" time="0.533" /><testcase classname="tests.test_iteration13.TestTasksCRUD" name="test_julie_toggle_team_task" time="0.225" /><testcase classname="tests.test_iteration13.TestTasksCRUD" name="test_karim_task_hidden_from_julie" time="0.334" /><testcase classname="tests.test_iteration13.TestTasksCRUD" name="test_julie_cannot_create" time="0.151" /><testcase classname="tests.test_iteration13.TestTasksCRUD" name="test_admin_delete_karim" time="0.316" /></testsuite></testsuites>