<?xml version="1.0" encoding="utf-8"?><testsuites name="pytest tests"><testsuite name="pytest" errors="0" failures="1" skipped="0" tests="13" time="16.816" timestamp="2026-08-03T12:10:08.880572+00:00" hostname="agent-env-5f35255d-4b36-4220-a229-8613b5162e3a"><testcase classname="tests.test_iteration39" name="test_p1_ai_generation_flow" time="10.073" /><testcase classname="tests.test_iteration39" name="test_p2_decision_apply_and_rotation" time="0.463" /><testcase classname="tests.test_iteration39" name="test_reg1_auth_ok_and_bad_password" time="1.655" /><testcase classname="tests.test_iteration39" name="test_reg2_shifts_crud" time="0.878" /><testcase classname="tests.test_iteration39" name="test_reg3_work_stations" time="0.299" /><testcase classname="tests.test_iteration39" name="test_reg4_tasks_admin_and_superadmin" time="1.089" /><testcase classname="tests.test_iteration39" name="test_reg5_punch_flow" time="0.434" /><testcase classname="tests.test_iteration39" name="test_reg5_punch_settings" time="0.141" /><testcase classname="tests.test_iteration39" name="test_reg6_leave_flow" time="0.202"><failure message="AssertionError: leave create: 422 {&quot;detail&quot;:[{&quot;type&quot;:&quot;missing&quot;,&quot;loc&quot;:[&quot;body&quot;,&quot;start_date&quot;],&quot;msg&quot;:&quot;Field required&quot;,&quot;input&quot;:{&quot;employee_id&quot;:&quot;e2&quot;,&quot;employee_name&quot;:&quot;Julie Gagnon&quot;,&quot;type&quot;:&quot;Vacances&quot;,&quot;start&quot;:&quot;2026-09-21&quot;,&quot;end&quot;:&quot;2026-09-21&quot;,&quot;reason&quot;:&quot;TEST_iter39&quot;},&quot;url&quot;:&quot;https://errors.pydantic.dev/2.13/v/missing&quot;},{&quot;type&quot;:&quot;missing&quot;,&quot;loc&quot;:[&quot;b&#10;assert 422 in (200, 201)&#10; +  where 422 = &lt;Response [422]&gt;.status_code">backend/tests/test_iteration39.py:339: in test_reg6_leave_flow
    assert r.status_code in (200, 201), f"leave create: {r.status_code} {r.text[:300]}"
E   AssertionError: leave create: 422 {"detail":[{"type":"missing","loc":["body","start_date"],"msg":"Field required","input":{"employee_id":"e2","employee_name":"Julie Gagnon","type":"Vacances","start":"2026-09-21","end":"2026-09-21","reason":"TEST_iter39"},"url":"https://errors.pydantic.dev/2.13/v/missing"},{"type":"missing","loc":["b
E   assert 422 in (200, 201)
E    +  where 422 = &lt;Response [422]&gt;.status_code</failure></testcase><testcase classname="tests.test_iteration39" name="test_reg7_birthdays_today" time="0.097" /><testcase classname="tests.test_iteration39" name="test_reg7_superadmin_overview" time="0.169" /><testcase classname="tests.test_iteration39" name="test_reg7_open_shifts" time="0.099" /><testcase classname="tests.test_iteration39" name="test_reg7_chat_conversations" time="0.233" /></testsuite></testsuites>