<?xml version="1.0" encoding="utf-8"?><testsuites name="pytest tests"><testsuite name="pytest" errors="0" failures="1" skipped="0" tests="34" time="7.087" timestamp="2026-08-04T03:00:51.218449+00:00" hostname="agent-env-5f35255d-4b36-4220-a229-8613b5162e3a"><testcase classname="tests.test_iteration41.TestApiKeysPos" name="test_create_key" time="0.781" /><testcase classname="tests.test_iteration41.TestOpenShiftSeniority" name="test_publish_seniority" time="0.781" /><testcase classname="tests.test_iteration41.TestApiKeysPos" name="test_pos_webhook_valid" time="0.330" /><testcase classname="tests.test_iteration41.TestOpenShiftSeniority" name="test_julie_applies" time="0.441" /><testcase classname="tests.test_iteration41.TestApiKeysPos" name="test_pos_webhook_invalid_key" time="0.109" /><testcase classname="tests.test_iteration41.TestApiKeysPos" name="test_revoke_key" time="0.146" /><testcase classname="tests.test_iteration41.TestOpenShiftSeniority" name="test_admin_sees_applicants" time="0.117" /><testcase classname="tests.test_iteration41.TestOpenShiftSeniority" name="test_award" time="0.108" /><testcase classname="tests.test_iteration41.TestOpenShiftSeniority" name="test_cleanup" time="0.413" /><testcase classname="tests.test_iteration41.TestShiftTraining" name="test_create_shift_with_training" time="0.543" /><testcase classname="tests.test_iteration41.TestSST" name="test_julie_declares" time="0.165" /><testcase classname="tests.test_iteration41.TestShiftTraining" name="test_shift_training_persisted" time="0.108" /><testcase classname="tests.test_iteration41.TestShiftTraining" name="test_cleanup_shift" time="0.108" /><testcase classname="tests.test_iteration41.TestSST" name="test_admin_closes" time="0.158" /><testcase classname="tests.test_iteration41.TestReports" name="test_catalog" time="0.121" /><testcase classname="tests.test_iteration41.TestSST" name="test_list_shows_it" time="0.146" /><testcase classname="tests.test_iteration41.TestReports" name="test_favorite_toggle_and_schedule" time="0.600" /><testcase classname="tests.test_iteration41.TestWeather" name="test_get_weather_7days" time="0.115" /><testcase classname="tests.test_iteration41.TestWeather" name="test_weather_requires_auth" time="0.108" /><testcase classname="tests.test_iteration41.TestCustomFields" name="test_get_has_demo_fields" time="0.102" /><testcase classname="tests.test_iteration41.TestCustomFields" name="test_profile_custom_values_persist" time="0.270" /><testcase classname="tests.test_iteration41.TestReports" name="test_send_now_returns_clean_502" time="0.542"><failure message="assert ('courriel' in '&lt;!doctype html&gt;\n&lt;!--[if lt ie 7]&gt; &lt;html class=&quot;no-js ie6 oldie&quot; lang=&quot;en-us&quot;&gt; &lt;![endif]--&gt;\n&lt;!--[if ie 7]&gt;    &lt;html class=&quot;no-js ie7 oldie&quot; lang=&quot;en-us&quot;&gt; &lt;![endif]--&gt;\n&lt;!--[if ie 8]&gt;    &lt;html class=&quot;no-js ie8 oldie&quot; lang=&quot;en-us&quot;&gt; &lt;![endif]--&gt;\n&lt;!--[if gt ie 8]&gt;&lt;!--&gt; &lt;html class=&quot;no-js&quot; lang=&quot;en-us&quot;&gt; &lt;!--&lt;![endif]--&gt;\n&lt;head&gt;\n\n&lt;title&gt;preview.emergentagent.com | 502: bad gateway&lt;/title&gt;\n&lt;meta charset=&quot;utf-8&quot; /&gt;\n&lt;meta http-equiv=&quot;content-type&quot; content=&quot;text/html; charset=utf-8&quot; /&gt;\n&lt;meta http-equiv=&quot;x-ua-compatible&quot; content=&quot;ie=edge&quot; /&gt;\n&lt;meta name=&quot;robots&quot; content=&quot;noindex, nofollow&quot; /&gt;\n&lt;meta name=&quot;viewport&quot; content=&quot;width=device-width,initial-scale=1&quot; /&gt;\n&lt;link rel=&quot;stylesheet&quot; id=&quot;cf_styles-css&quot; href=&quot;/cdn-cgi/styles/main.css&quot; /&gt;\n&lt;/head&gt;\n&lt;body&gt;\n&lt;div id=&quot;cf-wrapper&quot;&gt;\n    &lt;div id=&quot;cf-error-details&quot; class=&quot;p-0&quot;&gt;\n        &lt;header class=&quot;mx-auto pt-10 lg:pt-6 lg:px-8 w-240 lg:w-full mb-8&quot;&gt;\n            &lt;h1 class=&quot;inline-block sm:block sm:mb-2 font-light text-60 lg:text-4xl text-black-dark leading-tight mr-2&quot;&gt;\n                &lt;span class=&quot;inline-block&quot;&gt;bad gateway&lt;/span&gt;\n                &lt;span class=&quot;code-label&quot;&gt;error code 502&lt;/span&gt;\n            &lt;/h1&gt;\n            &lt;div&gt;\n  ...a.getelementbyid(&quot;cf-footer-ip&quot;).classlist.remove(&quot;hidden&quot;)}))}var a=document;document.addeventlistener&amp;&amp;a.addeventlistener(&quot;domcontentloaded&quot;,d)})();&lt;/script&gt;\n  &lt;/div&gt;&lt;!-- /.error-footer --&gt;\n\n    &lt;/div&gt;\n&lt;/div&gt;\n&lt;script&gt;(function(){function c(){var b=a.contentdocument||(a.contentwindow&amp;&amp;a.contentwindow.document);if(b){var d=b.createelement(\'script\');d.innerhtml=&quot;window.__cf$cv$params={r:\'a25a50807f54e7fa\',t:\'mtc4ntgxmjq1na==\'};var a=document.createelement(\'script\');a.src=\'/cdn-cgi/challenge-platform/scripts/jsd/main.js\';document.getelementsbytagname(\'head\')[0].appendchild(a);&quot;;b.getelementsbytagname(\'head\')[0].appendchild(d)}}if(document.body){var a=document.createelement(\'iframe\');a.height=1;a.width=1;a.style.position=\'absolute\';a.style.top=0;a.style.left=0;a.style.border=\'none\';a.style.visibility=\'hidden\';document.body.appendchild(a);if(\'loading\'!==document.readystate)c();else if(window.addeventlistener)document.addeventlistener(\'domcontentloaded\',c);else{var e=document.onreadystatechange||function(){};document.onreadystatechange=function(b){e(b);\'loading\'!==document.readystate&amp;&amp;(document.onreadystatechange=e,c())}}}})();&lt;/script&gt;&lt;/body&gt;\n&lt;/html&gt;' or 'resend' in '&lt;!doctype html&gt;\n&lt;!--[if lt ie 7]&gt; &lt;html class=&quot;no-js ie6 oldie&quot; lang=&quot;en-us&quot;&gt; &lt;![endif]--&gt;\n&lt;!--[if ie 7]&gt;    &lt;html class=&quot;no-js ie7 oldie&quot; lang=&quot;en-us&quot;&gt; &lt;![endif]--&gt;\n&lt;!--[if ie 8]&gt;    &lt;html class=&quot;no-js ie8 oldie&quot; lang=&quot;en-us&quot;&gt; &lt;![endif]--&gt;\n&lt;!--[if gt ie 8]&gt;&lt;!--&gt; &lt;html class=&quot;no-js&quot; lang=&quot;en-us&quot;&gt; &lt;!--&lt;![endif]--&gt;\n&lt;head&gt;\n\n&lt;title&gt;preview.emergentagent.com | 502: bad gateway&lt;/title&gt;\n&lt;meta charset=&quot;utf-8&quot; /&gt;\n&lt;meta http-equiv=&quot;content-type&quot; content=&quot;text/html; charset=utf-8&quot; /&gt;\n&lt;meta http-equiv=&quot;x-ua-compatible&quot; content=&quot;ie=edge&quot; /&gt;\n&lt;meta name=&quot;robots&quot; content=&quot;noindex, nofollow&quot; /&gt;\n&lt;meta name=&quot;viewport&quot; content=&quot;width=device-width,initial-scale=1&quot; /&gt;\n&lt;link rel=&quot;stylesheet&quot; id=&quot;cf_styles-css&quot; href=&quot;/cdn-cgi/styles/main.css&quot; /&gt;\n&lt;/head&gt;\n&lt;body&gt;\n&lt;div id=&quot;cf-wrapper&quot;&gt;\n    &lt;div id=&quot;cf-error-details&quot; class=&quot;p-0&quot;&gt;\n        &lt;header class=&quot;mx-auto pt-10 lg:pt-6 lg:px-8 w-240 lg:w-full mb-8&quot;&gt;\n            &lt;h1 class=&quot;inline-block sm:block sm:mb-2 font-light text-60 lg:text-4xl text-black-dark leading-tight mr-2&quot;&gt;\n                &lt;span class=&quot;inline-block&quot;&gt;bad gateway&lt;/span&gt;\n                &lt;span class=&quot;code-label&quot;&gt;error code 502&lt;/span&gt;\n            &lt;/h1&gt;\n            &lt;div&gt;\n  ...a.getelementbyid(&quot;cf-footer-ip&quot;).classlist.remove(&quot;hidden&quot;)}))}var a=document;document.addeventlistener&amp;&amp;a.addeventlistener(&quot;domcontentloaded&quot;,d)})();&lt;/script&gt;\n  &lt;/div&gt;&lt;!-- /.error-footer --&gt;\n\n    &lt;/div&gt;\n&lt;/div&gt;\n&lt;script&gt;(function(){function c(){var b=a.contentdocument||(a.contentwindow&amp;&amp;a.contentwindow.document);if(b){var d=b.createelement(\'script\');d.innerhtml=&quot;window.__cf$cv$params={r:\'a25a50807f54e7fa\',t:\'mtc4ntgxmjq1na==\'};var a=document.createelement(\'script\');a.src=\'/cdn-cgi/challenge-platform/scripts/jsd/main.js\';document.getelementsbytagname(\'head\')[0].appendchild(a);&quot;;b.getelementsbytagname(\'head\')[0].appendchild(d)}}if(document.body){var a=document.createelement(\'iframe\');a.height=1;a.width=1;a.style.position=\'absolute\';a.style.top=0;a.style.left=0;a.style.border=\'none\';a.style.visibility=\'hidden\';document.body.appendchild(a);if(\'loading\'!==document.readystate)c();else if(window.addeventlistener)document.addeventlistener(\'domcontentloaded\',c);else{var e=document.onreadystatechange||function(){};document.onreadystatechange=function(b){e(b);\'loading\'!==document.readystate&amp;&amp;(document.onreadystatechange=e,c())}}}})();&lt;/script&gt;&lt;/body&gt;\n&lt;/html&gt;')&#10; +  where '&lt;!doctype html&gt;\n&lt;!--[if lt ie 7]&gt; &lt;html class=&quot;no-js ie6 oldie&quot; lang=&quot;en-us&quot;&gt; &lt;![endif]--&gt;\n&lt;!--[if ie 7]&gt;    &lt;html class=&quot;no-js ie7 oldie&quot; lang=&quot;en-us&quot;&gt; &lt;![endif]--&gt;\n&lt;!--[if ie 8]&gt;    &lt;html class=&quot;no-js ie8 oldie&quot; lang=&quot;en-us&quot;&gt; &lt;![endif]--&gt;\n&lt;!--[if gt ie 8]&gt;&lt;!--&gt; &lt;html class=&quot;no-js&quot; lang=&quot;en-us&quot;&gt; &lt;!--&lt;![endif]--&gt;\n&lt;head&gt;\n\n&lt;title&gt;preview.emergentagent.com | 502: bad gateway&lt;/title&gt;\n&lt;meta charset=&quot;utf-8&quot; /&gt;\n&lt;meta http-equiv=&quot;content-type&quot; content=&quot;text/html; charset=utf-8&quot; /&gt;\n&lt;meta http-equiv=&quot;x-ua-compatible&quot; content=&quot;ie=edge&quot; /&gt;\n&lt;meta name=&quot;robots&quot; content=&quot;noindex, nofollow&quot; /&gt;\n&lt;meta name=&quot;viewport&quot; content=&quot;width=device-width,initial-scale=1&quot; /&gt;\n&lt;link rel=&quot;stylesheet&quot; id=&quot;cf_styles-css&quot; href=&quot;/cdn-cgi/styles/main.css&quot; /&gt;\n&lt;/head&gt;\n&lt;body&gt;\n&lt;div id=&quot;cf-wrapper&quot;&gt;\n    &lt;div id=&quot;cf-error-details&quot; class=&quot;p-0&quot;&gt;\n        &lt;header class=&quot;mx-auto pt-10 lg:pt-6 lg:px-8 w-240 lg:w-full mb-8&quot;&gt;\n            &lt;h1 class=&quot;inline-block sm:block sm:mb-2 font-light text-60 lg:text-4xl text-black-dark leading-tight mr-2&quot;&gt;\n                &lt;span class=&quot;inline-block&quot;&gt;bad gateway&lt;/span&gt;\n                &lt;span class=&quot;code-label&quot;&gt;error code 502&lt;/span&gt;\n            &lt;/h1&gt;\n            &lt;div&gt;\n  ...a.getelementbyid(&quot;cf-footer-ip&quot;).classlist.remove(&quot;hidden&quot;)}))}var a=document;document.addeventlistener&amp;&amp;a.addeventlistener(&quot;domcontentloaded&quot;,d)})();&lt;/script&gt;\n  &lt;/div&gt;&lt;!-- /.error-footer --&gt;\n\n    &lt;/div&gt;\n&lt;/div&gt;\n&lt;script&gt;(function(){function c(){var b=a.contentdocument||(a.contentwindow&amp;&amp;a.contentwindow.document);if(b){var d=b.createelement(\'script\');d.innerhtml=&quot;window.__cf$cv$params={r:\'a25a50807f54e7fa\',t:\'mtc4ntgxmjq1na==\'};var a=document.createelement(\'script\');a.src=\'/cdn-cgi/challenge-platform/scripts/jsd/main.js\';document.getelementsbytagname(\'head\')[0].appendchild(a);&quot;;b.getelementsbytagname(\'head\')[0].appendchild(d)}}if(document.body){var a=document.createelement(\'iframe\');a.height=1;a.width=1;a.style.position=\'absolute\';a.style.top=0;a.style.left=0;a.style.border=\'none\';a.style.visibility=\'hidden\';document.body.appendchild(a);if(\'loading\'!==document.readystate)c();else if(window.addeventlistener)document.addeventlistener(\'domcontentloaded\',c);else{var e=document.onreadystatechange||function(){};document.onreadystatechange=function(b){e(b);\'loading\'!==document.readystate&amp;&amp;(document.onreadystatechange=e,c())}}}})();&lt;/script&gt;&lt;/body&gt;\n&lt;/html&gt;' = &lt;built-in method lower of str object at 0xb24e2f4ea520&gt;()&#10; +    where &lt;built-in method lower of str object at 0xb24e2f4ea520&gt; = '&lt;!DOCTYPE html&gt;\n&lt;!--[if lt IE 7]&gt; &lt;html class=&quot;no-js ie6 oldie&quot; lang=&quot;en-US&quot;&gt; &lt;![endif]--&gt;\n&lt;!--[if IE 7]&gt;    &lt;html class=&quot;no-js ie7 oldie&quot; lang=&quot;en-US&quot;&gt; &lt;![endif]--&gt;\n&lt;!--[if IE 8]&gt;    &lt;html class=&quot;no-js ie8 oldie&quot; lang=&quot;en-US&quot;&gt; &lt;![endif]--&gt;\n&lt;!--[if gt IE 8]&gt;&lt;!--&gt; &lt;html class=&quot;no-js&quot; lang=&quot;en-US&quot;&gt; &lt;!--&lt;![endif]--&gt;\n&lt;head&gt;\n\n&lt;title&gt;preview.emergentagent.com | 502: Bad gateway&lt;/title&gt;\n&lt;meta charset=&quot;UTF-8&quot; /&gt;\n&lt;meta http-equiv=&quot;Content-Type&quot; content=&quot;text/html; charset=UTF-8&quot; /&gt;\n&lt;meta http-equiv=&quot;X-UA-Compatible&quot; content=&quot;IE=Edge&quot; /&gt;\n&lt;meta name=&quot;robots&quot; content=&quot;noindex, nofollow&quot; /&gt;\n&lt;meta name=&quot;viewport&quot; content=&quot;width=device-width,initial-scale=1&quot; /&gt;\n&lt;link rel=&quot;stylesheet&quot; id=&quot;cf_styles-css&quot; href=&quot;/cdn-cgi/styles/main.css&quot; /&gt;\n&lt;/head&gt;\n&lt;body&gt;\n&lt;div id=&quot;cf-wrapper&quot;&gt;\n    &lt;div id=&quot;cf-error-details&quot; class=&quot;p-0&quot;&gt;\n        &lt;header class=&quot;mx-auto pt-10 lg:pt-6 lg:px-8 w-240 lg:w-full mb-8&quot;&gt;\n            &lt;h1 class=&quot;inline-block sm:block sm:mb-2 font-light text-60 lg:text-4xl text-black-dark leading-tight mr-2&quot;&gt;\n                &lt;span class=&quot;inline-block&quot;&gt;Bad gateway&lt;/span&gt;\n                &lt;span class=&quot;code-label&quot;&gt;Error code 502&lt;/span&gt;\n            &lt;/h1&gt;\n            &lt;div&gt;\n  ...a.getElementById(&quot;cf-footer-ip&quot;).classList.remove(&quot;hidden&quot;)}))}var a=document;document.addEventListener&amp;&amp;a.addEventListener(&quot;DOMContentLoaded&quot;,d)})();&lt;/script&gt;\n  &lt;/div&gt;&lt;!-- /.error-footer --&gt;\n\n    &lt;/div&gt;\n&lt;/div&gt;\n&lt;script&gt;(function(){function c(){var b=a.contentDocument||(a.contentWindow&amp;&amp;a.contentWindow.document);if(b){var d=b.createElement(\'script\');d.innerHTML=&quot;window.__CF$cv$params={r:\'a25a50807f54e7fa\',t:\'MTc4NTgxMjQ1NA==\'};var a=document.createElement(\'script\');a.src=\'/cdn-cgi/challenge-platform/scripts/jsd/main.js\';document.getElementsByTagName(\'head\')[0].appendChild(a);&quot;;b.getElementsByTagName(\'head\')[0].appendChild(d)}}if(document.body){var a=document.createElement(\'iframe\');a.height=1;a.width=1;a.style.position=\'absolute\';a.style.top=0;a.style.left=0;a.style.border=\'none\';a.style.visibility=\'hidden\';document.body.appendChild(a);if(\'loading\'!==document.readyState)c();else if(window.addEventListener)document.addEventListener(\'DOMContentLoaded\',c);else{var e=document.onreadystatechange||function(){};document.onreadystatechange=function(b){e(b);\'loading\'!==document.readyState&amp;&amp;(document.onreadystatechange=e,c())}}}})();&lt;/script&gt;&lt;/body&gt;\n&lt;/html&gt;'.lower&#10; +      where '&lt;!DOCTYPE html&gt;\n&lt;!--[if lt IE 7]&gt; &lt;html class=&quot;no-js ie6 oldie&quot; lang=&quot;en-US&quot;&gt; &lt;![endif]--&gt;\n&lt;!--[if IE 7]&gt;    &lt;html class=&quot;no-js ie7 oldie&quot; lang=&quot;en-US&quot;&gt; &lt;![endif]--&gt;\n&lt;!--[if IE 8]&gt;    &lt;html class=&quot;no-js ie8 oldie&quot; lang=&quot;en-US&quot;&gt; &lt;![endif]--&gt;\n&lt;!--[if gt IE 8]&gt;&lt;!--&gt; &lt;html class=&quot;no-js&quot; lang=&quot;en-US&quot;&gt; &lt;!--&lt;![endif]--&gt;\n&lt;head&gt;\n\n&lt;title&gt;preview.emergentagent.com | 502: Bad gateway&lt;/title&gt;\n&lt;meta charset=&quot;UTF-8&quot; /&gt;\n&lt;meta http-equiv=&quot;Content-Type&quot; content=&quot;text/html; charset=UTF-8&quot; /&gt;\n&lt;meta http-equiv=&quot;X-UA-Compatible&quot; content=&quot;IE=Edge&quot; /&gt;\n&lt;meta name=&quot;robots&quot; content=&quot;noindex, nofollow&quot; /&gt;\n&lt;meta name=&quot;viewport&quot; content=&quot;width=device-width,initial-scale=1&quot; /&gt;\n&lt;link rel=&quot;stylesheet&quot; id=&quot;cf_styles-css&quot; href=&quot;/cdn-cgi/styles/main.css&quot; /&gt;\n&lt;/head&gt;\n&lt;body&gt;\n&lt;div id=&quot;cf-wrapper&quot;&gt;\n    &lt;div id=&quot;cf-error-details&quot; class=&quot;p-0&quot;&gt;\n        &lt;header class=&quot;mx-auto pt-10 lg:pt-6 lg:px-8 w-240 lg:w-full mb-8&quot;&gt;\n            &lt;h1 class=&quot;inline-block sm:block sm:mb-2 font-light text-60 lg:text-4xl text-black-dark leading-tight mr-2&quot;&gt;\n                &lt;span class=&quot;inline-block&quot;&gt;Bad gateway&lt;/span&gt;\n                &lt;span class=&quot;code-label&quot;&gt;Error code 502&lt;/span&gt;\n            &lt;/h1&gt;\n            &lt;div&gt;\n  ...a.getElementById(&quot;cf-footer-ip&quot;).classList.remove(&quot;hidden&quot;)}))}var a=document;document.addEventListener&amp;&amp;a.addEventListener(&quot;DOMContentLoaded&quot;,d)})();&lt;/script&gt;\n  &lt;/div&gt;&lt;!-- /.error-footer --&gt;\n\n    &lt;/div&gt;\n&lt;/div&gt;\n&lt;script&gt;(function(){function c(){var b=a.contentDocument||(a.contentWindow&amp;&amp;a.contentWindow.document);if(b){var d=b.createElement(\'script\');d.innerHTML=&quot;window.__CF$cv$params={r:\'a25a50807f54e7fa\',t:\'MTc4NTgxMjQ1NA==\'};var a=document.createElement(\'script\');a.src=\'/cdn-cgi/challenge-platform/scripts/jsd/main.js\';document.getElementsByTagName(\'head\')[0].appendChild(a);&quot;;b.getElementsByTagName(\'head\')[0].appendChild(d)}}if(document.body){var a=document.createElement(\'iframe\');a.height=1;a.width=1;a.style.position=\'absolute\';a.style.top=0;a.style.left=0;a.style.border=\'none\';a.style.visibility=\'hidden\';document.body.appendChild(a);if(\'loading\'!==document.readyState)c();else if(window.addEventListener)document.addEventListener(\'DOMContentLoaded\',c);else{var e=document.onreadystatechange||function(){};document.onreadystatechange=function(b){e(b);\'loading\'!==document.readyState&amp;&amp;(document.onreadystatechange=e,c())}}}})();&lt;/script&gt;&lt;/body&gt;\n&lt;/html&gt;' = &lt;Response [502]&gt;.text&#10; +  and   '&lt;!doctype html&gt;\n&lt;!--[if lt ie 7]&gt; &lt;html class=&quot;no-js ie6 oldie&quot; lang=&quot;en-us&quot;&gt; &lt;![endif]--&gt;\n&lt;!--[if ie 7]&gt;    &lt;html class=&quot;no-js ie7 oldie&quot; lang=&quot;en-us&quot;&gt; &lt;![endif]--&gt;\n&lt;!--[if ie 8]&gt;    &lt;html class=&quot;no-js ie8 oldie&quot; lang=&quot;en-us&quot;&gt; &lt;![endif]--&gt;\n&lt;!--[if gt ie 8]&gt;&lt;!--&gt; &lt;html class=&quot;no-js&quot; lang=&quot;en-us&quot;&gt; &lt;!--&lt;![endif]--&gt;\n&lt;head&gt;\n\n&lt;title&gt;preview.emergentagent.com | 502: bad gateway&lt;/title&gt;\n&lt;meta charset=&quot;utf-8&quot; /&gt;\n&lt;meta http-equiv=&quot;content-type&quot; content=&quot;text/html; charset=utf-8&quot; /&gt;\n&lt;meta http-equiv=&quot;x-ua-compatible&quot; content=&quot;ie=edge&quot; /&gt;\n&lt;meta name=&quot;robots&quot; content=&quot;noindex, nofollow&quot; /&gt;\n&lt;meta name=&quot;viewport&quot; content=&quot;width=device-width,initial-scale=1&quot; /&gt;\n&lt;link rel=&quot;stylesheet&quot; id=&quot;cf_styles-css&quot; href=&quot;/cdn-cgi/styles/main.css&quot; /&gt;\n&lt;/head&gt;\n&lt;body&gt;\n&lt;div id=&quot;cf-wrapper&quot;&gt;\n    &lt;div id=&quot;cf-error-details&quot; class=&quot;p-0&quot;&gt;\n        &lt;header class=&quot;mx-auto pt-10 lg:pt-6 lg:px-8 w-240 lg:w-full mb-8&quot;&gt;\n            &lt;h1 class=&quot;inline-block sm:block sm:mb-2 font-light text-60 lg:text-4xl text-black-dark leading-tight mr-2&quot;&gt;\n                &lt;span class=&quot;inline-block&quot;&gt;bad gateway&lt;/span&gt;\n                &lt;span class=&quot;code-label&quot;&gt;error code 502&lt;/span&gt;\n            &lt;/h1&gt;\n            &lt;div&gt;\n  ...a.getelementbyid(&quot;cf-footer-ip&quot;).classlist.remove(&quot;hidden&quot;)}))}var a=document;document.addeventlistener&amp;&amp;a.addeventlistener(&quot;domcontentloaded&quot;,d)})();&lt;/script&gt;\n  &lt;/div&gt;&lt;!-- /.error-footer --&gt;\n\n    &lt;/div&gt;\n&lt;/div&gt;\n&lt;script&gt;(function(){function c(){var b=a.contentdocument||(a.contentwindow&amp;&amp;a.contentwindow.document);if(b){var d=b.createelement(\'script\');d.innerhtml=&quot;window.__cf$cv$params={r:\'a25a50807f54e7fa\',t:\'mtc4ntgxmjq1na==\'};var a=document.createelement(\'script\');a.src=\'/cdn-cgi/challenge-platform/scripts/jsd/main.js\';document.getelementsbytagname(\'head\')[0].appendchild(a);&quot;;b.getelementsbytagname(\'head\')[0].appendchild(d)}}if(document.body){var a=document.createelement(\'iframe\');a.height=1;a.width=1;a.style.position=\'absolute\';a.style.top=0;a.style.left=0;a.style.border=\'none\';a.style.visibility=\'hidden\';document.body.appendchild(a);if(\'loading\'!==document.readystate)c();else if(window.addeventlistener)document.addeventlistener(\'domcontentloaded\',c);else{var e=document.onreadystatechange||function(){};document.onreadystatechange=function(b){e(b);\'loading\'!==document.readystate&amp;&amp;(document.onreadystatechange=e,c())}}}})();&lt;/script&gt;&lt;/body&gt;\n&lt;/html&gt;' = &lt;built-in method lower of str object at 0xb24e2f74add0&gt;()&#10; +    where &lt;built-in method lower of str object at 0xb24e2f74add0&gt; = '&lt;!DOCTYPE html&gt;\n&lt;!--[if lt IE 7]&gt; &lt;html class=&quot;no-js ie6 oldie&quot; lang=&quot;en-US&quot;&gt; &lt;![endif]--&gt;\n&lt;!--[if IE 7]&gt;    &lt;html class=&quot;no-js ie7 oldie&quot; lang=&quot;en-US&quot;&gt; &lt;![endif]--&gt;\n&lt;!--[if IE 8]&gt;    &lt;html class=&quot;no-js ie8 oldie&quot; lang=&quot;en-US&quot;&gt; &lt;![endif]--&gt;\n&lt;!--[if gt IE 8]&gt;&lt;!--&gt; &lt;html class=&quot;no-js&quot; lang=&quot;en-US&quot;&gt; &lt;!--&lt;![endif]--&gt;\n&lt;head&gt;\n\n&lt;title&gt;preview.emergentagent.com | 502: Bad gateway&lt;/title&gt;\n&lt;meta charset=&quot;UTF-8&quot; /&gt;\n&lt;meta http-equiv=&quot;Content-Type&quot; content=&quot;text/html; charset=UTF-8&quot; /&gt;\n&lt;meta http-equiv=&quot;X-UA-Compatible&quot; content=&quot;IE=Edge&quot; /&gt;\n&lt;meta name=&quot;robots&quot; content=&quot;noindex, nofollow&quot; /&gt;\n&lt;meta name=&quot;viewport&quot; content=&quot;width=device-width,initial-scale=1&quot; /&gt;\n&lt;link rel=&quot;stylesheet&quot; id=&quot;cf_styles-css&quot; href=&quot;/cdn-cgi/styles/main.css&quot; /&gt;\n&lt;/head&gt;\n&lt;body&gt;\n&lt;div id=&quot;cf-wrapper&quot;&gt;\n    &lt;div id=&quot;cf-error-details&quot; class=&quot;p-0&quot;&gt;\n        &lt;header class=&quot;mx-auto pt-10 lg:pt-6 lg:px-8 w-240 lg:w-full mb-8&quot;&gt;\n            &lt;h1 class=&quot;inline-block sm:block sm:mb-2 font-light text-60 lg:text-4xl text-black-dark leading-tight mr-2&quot;&gt;\n                &lt;span class=&quot;inline-block&quot;&gt;Bad gateway&lt;/span&gt;\n                &lt;span class=&quot;code-label&quot;&gt;Error code 502&lt;/span&gt;\n            &lt;/h1&gt;\n            &lt;div&gt;\n  ...a.getElementById(&quot;cf-footer-ip&quot;).classList.remove(&quot;hidden&quot;)}))}var a=document;document.addEventListener&amp;&amp;a.addEventListener(&quot;DOMContentLoaded&quot;,d)})();&lt;/script&gt;\n  &lt;/div&gt;&lt;!-- /.error-footer --&gt;\n\n    &lt;/div&gt;\n&lt;/div&gt;\n&lt;script&gt;(function(){function c(){var b=a.contentDocument||(a.contentWindow&amp;&amp;a.contentWindow.document);if(b){var d=b.createElement(\'script\');d.innerHTML=&quot;window.__CF$cv$params={r:\'a25a50807f54e7fa\',t:\'MTc4NTgxMjQ1NA==\'};var a=document.createElement(\'script\');a.src=\'/cdn-cgi/challenge-platform/scripts/jsd/main.js\';document.getElementsByTagName(\'head\')[0].appendChild(a);&quot;;b.getElementsByTagName(\'head\')[0].appendChild(d)}}if(document.body){var a=document.createElement(\'iframe\');a.height=1;a.width=1;a.style.position=\'absolute\';a.style.top=0;a.style.left=0;a.style.border=\'none\';a.style.visibility=\'hidden\';document.body.appendChild(a);if(\'loading\'!==document.readyState)c();else if(window.addEventListener)document.addEventListener(\'DOMContentLoaded\',c);else{var e=document.onreadystatechange||function(){};document.onreadystatechange=function(b){e(b);\'loading\'!==document.readyState&amp;&amp;(document.onreadystatechange=e,c())}}}})();&lt;/script&gt;&lt;/body&gt;\n&lt;/html&gt;'.lower&#10; +      where '&lt;!DOCTYPE html&gt;\n&lt;!--[if lt IE 7]&gt; &lt;html class=&quot;no-js ie6 oldie&quot; lang=&quot;en-US&quot;&gt; &lt;![endif]--&gt;\n&lt;!--[if IE 7]&gt;    &lt;html class=&quot;no-js ie7 oldie&quot; lang=&quot;en-US&quot;&gt; &lt;![endif]--&gt;\n&lt;!--[if IE 8]&gt;    &lt;html class=&quot;no-js ie8 oldie&quot; lang=&quot;en-US&quot;&gt; &lt;![endif]--&gt;\n&lt;!--[if gt IE 8]&gt;&lt;!--&gt; &lt;html class=&quot;no-js&quot; lang=&quot;en-US&quot;&gt; &lt;!--&lt;![endif]--&gt;\n&lt;head&gt;\n\n&lt;title&gt;preview.emergentagent.com | 502: Bad gateway&lt;/title&gt;\n&lt;meta charset=&quot;UTF-8&quot; /&gt;\n&lt;meta http-equiv=&quot;Content-Type&quot; content=&quot;text/html; charset=UTF-8&quot; /&gt;\n&lt;meta http-equiv=&quot;X-UA-Compatible&quot; content=&quot;IE=Edge&quot; /&gt;\n&lt;meta name=&quot;robots&quot; content=&quot;noindex, nofollow&quot; /&gt;\n&lt;meta name=&quot;viewport&quot; content=&quot;width=device-width,initial-scale=1&quot; /&gt;\n&lt;link rel=&quot;stylesheet&quot; id=&quot;cf_styles-css&quot; href=&quot;/cdn-cgi/styles/main.css&quot; /&gt;\n&lt;/head&gt;\n&lt;body&gt;\n&lt;div id=&quot;cf-wrapper&quot;&gt;\n    &lt;div id=&quot;cf-error-details&quot; class=&quot;p-0&quot;&gt;\n        &lt;header class=&quot;mx-auto pt-10 lg:pt-6 lg:px-8 w-240 lg:w-full mb-8&quot;&gt;\n            &lt;h1 class=&quot;inline-block sm:block sm:mb-2 font-light text-60 lg:text-4xl text-black-dark leading-tight mr-2&quot;&gt;\n                &lt;span class=&quot;inline-block&quot;&gt;Bad gateway&lt;/span&gt;\n                &lt;span class=&quot;code-label&quot;&gt;Error code 502&lt;/span&gt;\n            &lt;/h1&gt;\n            &lt;div&gt;\n  ...a.getElementById(&quot;cf-footer-ip&quot;).classList.remove(&quot;hidden&quot;)}))}var a=document;document.addEventListener&amp;&amp;a.addEventListener(&quot;DOMContentLoaded&quot;,d)})();&lt;/script&gt;\n  &lt;/div&gt;&lt;!-- /.error-footer --&gt;\n\n    &lt;/div&gt;\n&lt;/div&gt;\n&lt;script&gt;(function(){function c(){var b=a.contentDocument||(a.contentWindow&amp;&amp;a.contentWindow.document);if(b){var d=b.createElement(\'script\');d.innerHTML=&quot;window.__CF$cv$params={r:\'a25a50807f54e7fa\',t:\'MTc4NTgxMjQ1NA==\'};var a=document.createElement(\'script\');a.src=\'/cdn-cgi/challenge-platform/scripts/jsd/main.js\';document.getElementsByTagName(\'head\')[0].appendChild(a);&quot;;b.getElementsByTagName(\'head\')[0].appendChild(d)}}if(document.body){var a=document.createElement(\'iframe\');a.height=1;a.width=1;a.style.position=\'absolute\';a.style.top=0;a.style.left=0;a.style.border=\'none\';a.style.visibility=\'hidden\';document.body.appendChild(a);if(\'loading\'!==document.readyState)c();else if(window.addEventListener)document.addEventListener(\'DOMContentLoaded\',c);else{var e=document.onreadystatechange||function(){};document.onreadystatechange=function(b){e(b);\'loading\'!==document.readyState&amp;&amp;(document.onreadystatechange=e,c())}}}})();&lt;/script&gt;&lt;/body&gt;\n&lt;/html&gt;' = &lt;Response [502]&gt;.text">backend/tests/test_iteration41.py:411: in test_send_now_returns_clean_502
    assert "courriel" in r.text.lower() or "resend" in r.text.lower()
E   assert ('courriel' in '&lt;!doctype html&gt;\n&lt;!--[if lt ie 7]&gt; &lt;html class="no-js ie6 oldie" lang="en-us"&gt; &lt;![endif]--&gt;\n&lt;!--[if ie 7]&gt;    &lt;html class="no-js ie7 oldie" lang="en-us"&gt; &lt;![endif]--&gt;\n&lt;!--[if ie 8]&gt;    &lt;html class="no-js ie8 oldie" lang="en-us"&gt; &lt;![endif]--&gt;\n&lt;!--[if gt ie 8]&gt;&lt;!--&gt; &lt;html class="no-js" lang="en-us"&gt; &lt;!--&lt;![endif]--&gt;\n&lt;head&gt;\n\n&lt;title&gt;preview.emergentagent.com | 502: bad gateway&lt;/title&gt;\n&lt;meta charset="utf-8" /&gt;\n&lt;meta http-equiv="content-type" content="text/html; charset=utf-8" /&gt;\n&lt;meta http-equiv="x-ua-compatible" content="ie=edge" /&gt;\n&lt;meta name="robots" content="noindex, nofollow" /&gt;\n&lt;meta name="viewport" content="width=device-width,initial-scale=1" /&gt;\n&lt;link rel="stylesheet" id="cf_styles-css" href="/cdn-cgi/styles/main.css" /&gt;\n&lt;/head&gt;\n&lt;body&gt;\n&lt;div id="cf-wrapper"&gt;\n    &lt;div id="cf-error-details" class="p-0"&gt;\n        &lt;header class="mx-auto pt-10 lg:pt-6 lg:px-8 w-240 lg:w-full mb-8"&gt;\n            &lt;h1 class="inline-block sm:block sm:mb-2 font-light text-60 lg:text-4xl text-black-dark leading-tight mr-2"&gt;\n                &lt;span class="inline-block"&gt;bad gateway&lt;/span&gt;\n                &lt;span class="code-label"&gt;error code 502&lt;/span&gt;\n            &lt;/h1&gt;\n            &lt;div&gt;\n  ...a.getelementbyid("cf-footer-ip").classlist.remove("hidden")}))}var a=document;document.addeventlistener&amp;&amp;a.addeventlistener("domcontentloaded",d)})();&lt;/script&gt;\n  &lt;/div&gt;&lt;!-- /.error-footer --&gt;\n\n    &lt;/div&gt;\n&lt;/div&gt;\n&lt;script&gt;(function(){function c(){var b=a.contentdocument||(a.contentwindow&amp;&amp;a.contentwindow.document);if(b){var d=b.createelement(\'script\');d.innerhtml="window.__cf$cv$params={r:\'a25a50807f54e7fa\',t:\'mtc4ntgxmjq1na==\'};var a=document.createelement(\'script\');a.src=\'/cdn-cgi/challenge-platform/scripts/jsd/main.js\';document.getelementsbytagname(\'head\')[0].appendchild(a);";b.getelementsbytagname(\'head\')[0].appendchild(d)}}if(document.body){var a=document.createelement(\'iframe\');a.height=1;a.width=1;a.style.position=\'absolute\';a.style.top=0;a.style.left=0;a.style.border=\'none\';a.style.visibility=\'hidden\';document.body.appendchild(a);if(\'loading\'!==document.readystate)c();else if(window.addeventlistener)document.addeventlistener(\'domcontentloaded\',c);else{var e=document.onreadystatechange||function(){};document.onreadystatechange=function(b){e(b);\'loading\'!==document.readystate&amp;&amp;(document.onreadystatechange=e,c())}}}})();&lt;/script&gt;&lt;/body&gt;\n&lt;/html&gt;' or 'resend' in '&lt;!doctype html&gt;\n&lt;!--[if lt ie 7]&gt; &lt;html class="no-js ie6 oldie" lang="en-us"&gt; &lt;![endif]--&gt;\n&lt;!--[if ie 7]&gt;    &lt;html class="no-js ie7 oldie" lang="en-us"&gt; &lt;![endif]--&gt;\n&lt;!--[if ie 8]&gt;    &lt;html class="no-js ie8 oldie" lang="en-us"&gt; &lt;![endif]--&gt;\n&lt;!--[if gt ie 8]&gt;&lt;!--&gt; &lt;html class="no-js" lang="en-us"&gt; &lt;!--&lt;![endif]--&gt;\n&lt;head&gt;\n\n&lt;title&gt;preview.emergentagent.com | 502: bad gateway&lt;/title&gt;\n&lt;meta charset="utf-8" /&gt;\n&lt;meta http-equiv="content-type" content="text/html; charset=utf-8" /&gt;\n&lt;meta http-equiv="x-ua-compatible" content="ie=edge" /&gt;\n&lt;meta name="robots" content="noindex, nofollow" /&gt;\n&lt;meta name="viewport" content="width=device-width,initial-scale=1" /&gt;\n&lt;link rel="stylesheet" id="cf_styles-css" href="/cdn-cgi/styles/main.css" /&gt;\n&lt;/head&gt;\n&lt;body&gt;\n&lt;div id="cf-wrapper"&gt;\n    &lt;div id="cf-error-details" class="p-0"&gt;\n        &lt;header class="mx-auto pt-10 lg:pt-6 lg:px-8 w-240 lg:w-full mb-8"&gt;\n            &lt;h1 class="inline-block sm:block sm:mb-2 font-light text-60 lg:text-4xl text-black-dark leading-tight mr-2"&gt;\n                &lt;span class="inline-block"&gt;bad gateway&lt;/span&gt;\n                &lt;span class="code-label"&gt;error code 502&lt;/span&gt;\n            &lt;/h1&gt;\n            &lt;div&gt;\n  ...a.getelementbyid("cf-footer-ip").classlist.remove("hidden")}))}var a=document;document.addeventlistener&amp;&amp;a.addeventlistener("domcontentloaded",d)})();&lt;/script&gt;\n  &lt;/div&gt;&lt;!-- /.error-footer --&gt;\n\n    &lt;/div&gt;\n&lt;/div&gt;\n&lt;script&gt;(function(){function c(){var b=a.contentdocument||(a.contentwindow&amp;&amp;a.contentwindow.document);if(b){var d=b.createelement(\'script\');d.innerhtml="window.__cf$cv$params={r:\'a25a50807f54e7fa\',t:\'mtc4ntgxmjq1na==\'};var a=document.createelement(\'script\');a.src=\'/cdn-cgi/challenge-platform/scripts/jsd/main.js\';document.getelementsbytagname(\'head\')[0].appendchild(a);";b.getelementsbytagname(\'head\')[0].appendchild(d)}}if(document.body){var a=document.createelement(\'iframe\');a.height=1;a.width=1;a.style.position=\'absolute\';a.style.top=0;a.style.left=0;a.style.border=\'none\';a.style.visibility=\'hidden\';document.body.appendchild(a);if(\'loading\'!==document.readystate)c();else if(window.addeventlistener)document.addeventlistener(\'domcontentloaded\',c);else{var e=document.onreadystatechange||function(){};document.onreadystatechange=function(b){e(b);\'loading\'!==document.readystate&amp;&amp;(document.onreadystatechange=e,c())}}}})();&lt;/script&gt;&lt;/body&gt;\n&lt;/html&gt;')
E    +  where '&lt;!doctype html&gt;\n&lt;!--[if lt ie 7]&gt; &lt;html class="no-js ie6 oldie" lang="en-us"&gt; &lt;![endif]--&gt;\n&lt;!--[if ie 7]&gt;    &lt;html class="no-js ie7 oldie" lang="en-us"&gt; &lt;![endif]--&gt;\n&lt;!--[if ie 8]&gt;    &lt;html class="no-js ie8 oldie" lang="en-us"&gt; &lt;![endif]--&gt;\n&lt;!--[if gt ie 8]&gt;&lt;!--&gt; &lt;html class="no-js" lang="en-us"&gt; &lt;!--&lt;![endif]--&gt;\n&lt;head&gt;\n\n&lt;title&gt;preview.emergentagent.com | 502: bad gateway&lt;/title&gt;\n&lt;meta charset="utf-8" /&gt;\n&lt;meta http-equiv="content-type" content="text/html; charset=utf-8" /&gt;\n&lt;meta http-equiv="x-ua-compatible" content="ie=edge" /&gt;\n&lt;meta name="robots" content="noindex, nofollow" /&gt;\n&lt;meta name="viewport" content="width=device-width,initial-scale=1" /&gt;\n&lt;link rel="stylesheet" id="cf_styles-css" href="/cdn-cgi/styles/main.css" /&gt;\n&lt;/head&gt;\n&lt;body&gt;\n&lt;div id="cf-wrapper"&gt;\n    &lt;div id="cf-error-details" class="p-0"&gt;\n        &lt;header class="mx-auto pt-10 lg:pt-6 lg:px-8 w-240 lg:w-full mb-8"&gt;\n            &lt;h1 class="inline-block sm:block sm:mb-2 font-light text-60 lg:text-4xl text-black-dark leading-tight mr-2"&gt;\n                &lt;span class="inline-block"&gt;bad gateway&lt;/span&gt;\n                &lt;span class="code-label"&gt;error code 502&lt;/span&gt;\n            &lt;/h1&gt;\n            &lt;div&gt;\n  ...a.getelementbyid("cf-footer-ip").classlist.remove("hidden")}))}var a=document;document.addeventlistener&amp;&amp;a.addeventlistener("domcontentloaded",d)})();&lt;/script&gt;\n  &lt;/div&gt;&lt;!-- /.error-footer --&gt;\n\n    &lt;/div&gt;\n&lt;/div&gt;\n&lt;script&gt;(function(){function c(){var b=a.contentdocument||(a.contentwindow&amp;&amp;a.contentwindow.document);if(b){var d=b.createelement(\'script\');d.innerhtml="window.__cf$cv$params={r:\'a25a50807f54e7fa\',t:\'mtc4ntgxmjq1na==\'};var a=document.createelement(\'script\');a.src=\'/cdn-cgi/challenge-platform/scripts/jsd/main.js\';document.getelementsbytagname(\'head\')[0].appendchild(a);";b.getelementsbytagname(\'head\')[0].appendchild(d)}}if(document.body){var a=document.createelement(\'iframe\');a.height=1;a.width=1;a.style.position=\'absolute\';a.style.top=0;a.style.left=0;a.style.border=\'none\';a.style.visibility=\'hidden\';document.body.appendchild(a);if(\'loading\'!==document.readystate)c();else if(window.addeventlistener)document.addeventlistener(\'domcontentloaded\',c);else{var e=document.onreadystatechange||function(){};document.onreadystatechange=function(b){e(b);\'loading\'!==document.readystate&amp;&amp;(document.onreadystatechange=e,c())}}}})();&lt;/script&gt;&lt;/body&gt;\n&lt;/html&gt;' = &lt;built-in method lower of str object at 0xb24e2f4ea520&gt;()
E    +    where &lt;built-in method lower of str object at 0xb24e2f4ea520&gt; = '&lt;!DOCTYPE html&gt;\n&lt;!--[if lt IE 7]&gt; &lt;html class="no-js ie6 oldie" lang="en-US"&gt; &lt;![endif]--&gt;\n&lt;!--[if IE 7]&gt;    &lt;html class="no-js ie7 oldie" lang="en-US"&gt; &lt;![endif]--&gt;\n&lt;!--[if IE 8]&gt;    &lt;html class="no-js ie8 oldie" lang="en-US"&gt; &lt;![endif]--&gt;\n&lt;!--[if gt IE 8]&gt;&lt;!--&gt; &lt;html class="no-js" lang="en-US"&gt; &lt;!--&lt;![endif]--&gt;\n&lt;head&gt;\n\n&lt;title&gt;preview.emergentagent.com | 502: Bad gateway&lt;/title&gt;\n&lt;meta charset="UTF-8" /&gt;\n&lt;meta http-equiv="Content-Type" content="text/html; charset=UTF-8" /&gt;\n&lt;meta http-equiv="X-UA-Compatible" content="IE=Edge" /&gt;\n&lt;meta name="robots" content="noindex, nofollow" /&gt;\n&lt;meta name="viewport" content="width=device-width,initial-scale=1" /&gt;\n&lt;link rel="stylesheet" id="cf_styles-css" href="/cdn-cgi/styles/main.css" /&gt;\n&lt;/head&gt;\n&lt;body&gt;\n&lt;div id="cf-wrapper"&gt;\n    &lt;div id="cf-error-details" class="p-0"&gt;\n        &lt;header class="mx-auto pt-10 lg:pt-6 lg:px-8 w-240 lg:w-full mb-8"&gt;\n            &lt;h1 class="inline-block sm:block sm:mb-2 font-light text-60 lg:text-4xl text-black-dark leading-tight mr-2"&gt;\n                &lt;span class="inline-block"&gt;Bad gateway&lt;/span&gt;\n                &lt;span class="code-label"&gt;Error code 502&lt;/span&gt;\n            &lt;/h1&gt;\n            &lt;div&gt;\n  ...a.getElementById("cf-footer-ip").classList.remove("hidden")}))}var a=document;document.addEventListener&amp;&amp;a.addEventListener("DOMContentLoaded",d)})();&lt;/script&gt;\n  &lt;/div&gt;&lt;!-- /.error-footer --&gt;\n\n    &lt;/div&gt;\n&lt;/div&gt;\n&lt;script&gt;(function(){function c(){var b=a.contentDocument||(a.contentWindow&amp;&amp;a.contentWindow.document);if(b){var d=b.createElement(\'script\');d.innerHTML="window.__CF$cv$params={r:\'a25a50807f54e7fa\',t:\'MTc4NTgxMjQ1NA==\'};var a=document.createElement(\'script\');a.src=\'/cdn-cgi/challenge-platform/scripts/jsd/main.js\';document.getElementsByTagName(\'head\')[0].appendChild(a);";b.getElementsByTagName(\'head\')[0].appendChild(d)}}if(document.body){var a=document.createElement(\'iframe\');a.height=1;a.width=1;a.style.position=\'absolute\';a.style.top=0;a.style.left=0;a.style.border=\'none\';a.style.visibility=\'hidden\';document.body.appendChild(a);if(\'loading\'!==document.readyState)c();else if(window.addEventListener)document.addEventListener(\'DOMContentLoaded\',c);else{var e=document.onreadystatechange||function(){};document.onreadystatechange=function(b){e(b);\'loading\'!==document.readyState&amp;&amp;(document.onreadystatechange=e,c())}}}})();&lt;/script&gt;&lt;/body&gt;\n&lt;/html&gt;'.lower
E    +      where '&lt;!DOCTYPE html&gt;\n&lt;!--[if lt IE 7]&gt; &lt;html class="no-js ie6 oldie" lang="en-US"&gt; &lt;![endif]--&gt;\n&lt;!--[if IE 7]&gt;    &lt;html class="no-js ie7 oldie" lang="en-US"&gt; &lt;![endif]--&gt;\n&lt;!--[if IE 8]&gt;    &lt;html class="no-js ie8 oldie" lang="en-US"&gt; &lt;![endif]--&gt;\n&lt;!--[if gt IE 8]&gt;&lt;!--&gt; &lt;html class="no-js" lang="en-US"&gt; &lt;!--&lt;![endif]--&gt;\n&lt;head&gt;\n\n&lt;title&gt;preview.emergentagent.com | 502: Bad gateway&lt;/title&gt;\n&lt;meta charset="UTF-8" /&gt;\n&lt;meta http-equiv="Content-Type" content="text/html; charset=UTF-8" /&gt;\n&lt;meta http-equiv="X-UA-Compatible" content="IE=Edge" /&gt;\n&lt;meta name="robots" content="noindex, nofollow" /&gt;\n&lt;meta name="viewport" content="width=device-width,initial-scale=1" /&gt;\n&lt;link rel="stylesheet" id="cf_styles-css" href="/cdn-cgi/styles/main.css" /&gt;\n&lt;/head&gt;\n&lt;body&gt;\n&lt;div id="cf-wrapper"&gt;\n    &lt;div id="cf-error-details" class="p-0"&gt;\n        &lt;header class="mx-auto pt-10 lg:pt-6 lg:px-8 w-240 lg:w-full mb-8"&gt;\n            &lt;h1 class="inline-block sm:block sm:mb-2 font-light text-60 lg:text-4xl text-black-dark leading-tight mr-2"&gt;\n                &lt;span class="inline-block"&gt;Bad gateway&lt;/span&gt;\n                &lt;span class="code-label"&gt;Error code 502&lt;/span&gt;\n            &lt;/h1&gt;\n            &lt;div&gt;\n  ...a.getElementById("cf-footer-ip").classList.remove("hidden")}))}var a=document;document.addEventListener&amp;&amp;a.addEventListener("DOMContentLoaded",d)})();&lt;/script&gt;\n  &lt;/div&gt;&lt;!-- /.error-footer --&gt;\n\n    &lt;/div&gt;\n&lt;/div&gt;\n&lt;script&gt;(function(){function c(){var b=a.contentDocument||(a.contentWindow&amp;&amp;a.contentWindow.document);if(b){var d=b.createElement(\'script\');d.innerHTML="window.__CF$cv$params={r:\'a25a50807f54e7fa\',t:\'MTc4NTgxMjQ1NA==\'};var a=document.createElement(\'script\');a.src=\'/cdn-cgi/challenge-platform/scripts/jsd/main.js\';document.getElementsByTagName(\'head\')[0].appendChild(a);";b.getElementsByTagName(\'head\')[0].appendChild(d)}}if(document.body){var a=document.createElement(\'iframe\');a.height=1;a.width=1;a.style.position=\'absolute\';a.style.top=0;a.style.left=0;a.style.border=\'none\';a.style.visibility=\'hidden\';document.body.appendChild(a);if(\'loading\'!==document.readyState)c();else if(window.addEventListener)document.addEventListener(\'DOMContentLoaded\',c);else{var e=document.onreadystatechange||function(){};document.onreadystatechange=function(b){e(b);\'loading\'!==document.readyState&amp;&amp;(document.onreadystatechange=e,c())}}}})();&lt;/script&gt;&lt;/body&gt;\n&lt;/html&gt;' = &lt;Response [502]&gt;.text
E    +  and   '&lt;!doctype html&gt;\n&lt;!--[if lt ie 7]&gt; &lt;html class="no-js ie6 oldie" lang="en-us"&gt; &lt;![endif]--&gt;\n&lt;!--[if ie 7]&gt;    &lt;html class="no-js ie7 oldie" lang="en-us"&gt; &lt;![endif]--&gt;\n&lt;!--[if ie 8]&gt;    &lt;html class="no-js ie8 oldie" lang="en-us"&gt; &lt;![endif]--&gt;\n&lt;!--[if gt ie 8]&gt;&lt;!--&gt; &lt;html class="no-js" lang="en-us"&gt; &lt;!--&lt;![endif]--&gt;\n&lt;head&gt;\n\n&lt;title&gt;preview.emergentagent.com | 502: bad gateway&lt;/title&gt;\n&lt;meta charset="utf-8" /&gt;\n&lt;meta http-equiv="content-type" content="text/html; charset=utf-8" /&gt;\n&lt;meta http-equiv="x-ua-compatible" content="ie=edge" /&gt;\n&lt;meta name="robots" content="noindex, nofollow" /&gt;\n&lt;meta name="viewport" content="width=device-width,initial-scale=1" /&gt;\n&lt;link rel="stylesheet" id="cf_styles-css" href="/cdn-cgi/styles/main.css" /&gt;\n&lt;/head&gt;\n&lt;body&gt;\n&lt;div id="cf-wrapper"&gt;\n    &lt;div id="cf-error-details" class="p-0"&gt;\n        &lt;header class="mx-auto pt-10 lg:pt-6 lg:px-8 w-240 lg:w-full mb-8"&gt;\n            &lt;h1 class="inline-block sm:block sm:mb-2 font-light text-60 lg:text-4xl text-black-dark leading-tight mr-2"&gt;\n                &lt;span class="inline-block"&gt;bad gateway&lt;/span&gt;\n                &lt;span class="code-label"&gt;error code 502&lt;/span&gt;\n            &lt;/h1&gt;\n            &lt;div&gt;\n  ...a.getelementbyid("cf-footer-ip").classlist.remove("hidden")}))}var a=document;document.addeventlistener&amp;&amp;a.addeventlistener("domcontentloaded",d)})();&lt;/script&gt;\n  &lt;/div&gt;&lt;!-- /.error-footer --&gt;\n\n    &lt;/div&gt;\n&lt;/div&gt;\n&lt;script&gt;(function(){function c(){var b=a.contentdocument||(a.contentwindow&amp;&amp;a.contentwindow.document);if(b){var d=b.createelement(\'script\');d.innerhtml="window.__cf$cv$params={r:\'a25a50807f54e7fa\',t:\'mtc4ntgxmjq1na==\'};var a=document.createelement(\'script\');a.src=\'/cdn-cgi/challenge-platform/scripts/jsd/main.js\';document.getelementsbytagname(\'head\')[0].appendchild(a);";b.getelementsbytagname(\'head\')[0].appendchild(d)}}if(document.body){var a=document.createelement(\'iframe\');a.height=1;a.width=1;a.style.position=\'absolute\';a.style.top=0;a.style.left=0;a.style.border=\'none\';a.style.visibility=\'hidden\';document.body.appendchild(a);if(\'loading\'!==document.readystate)c();else if(window.addeventlistener)document.addeventlistener(\'domcontentloaded\',c);else{var e=document.onreadystatechange||function(){};document.onreadystatechange=function(b){e(b);\'loading\'!==document.readystate&amp;&amp;(document.onreadystatechange=e,c())}}}})();&lt;/script&gt;&lt;/body&gt;\n&lt;/html&gt;' = &lt;built-in method lower of str object at 0xb24e2f74add0&gt;()
E    +    where &lt;built-in method lower of str object at 0xb24e2f74add0&gt; = '&lt;!DOCTYPE html&gt;\n&lt;!--[if lt IE 7]&gt; &lt;html class="no-js ie6 oldie" lang="en-US"&gt; &lt;![endif]--&gt;\n&lt;!--[if IE 7]&gt;    &lt;html class="no-js ie7 oldie" lang="en-US"&gt; &lt;![endif]--&gt;\n&lt;!--[if IE 8]&gt;    &lt;html class="no-js ie8 oldie" lang="en-US"&gt; &lt;![endif]--&gt;\n&lt;!--[if gt IE 8]&gt;&lt;!--&gt; &lt;html class="no-js" lang="en-US"&gt; &lt;!--&lt;![endif]--&gt;\n&lt;head&gt;\n\n&lt;title&gt;preview.emergentagent.com | 502: Bad gateway&lt;/title&gt;\n&lt;meta charset="UTF-8" /&gt;\n&lt;meta http-equiv="Content-Type" content="text/html; charset=UTF-8" /&gt;\n&lt;meta http-equiv="X-UA-Compatible" content="IE=Edge" /&gt;\n&lt;meta name="robots" content="noindex, nofollow" /&gt;\n&lt;meta name="viewport" content="width=device-width,initial-scale=1" /&gt;\n&lt;link rel="stylesheet" id="cf_styles-css" href="/cdn-cgi/styles/main.css" /&gt;\n&lt;/head&gt;\n&lt;body&gt;\n&lt;div id="cf-wrapper"&gt;\n    &lt;div id="cf-error-details" class="p-0"&gt;\n        &lt;header class="mx-auto pt-10 lg:pt-6 lg:px-8 w-240 lg:w-full mb-8"&gt;\n            &lt;h1 class="inline-block sm:block sm:mb-2 font-light text-60 lg:text-4xl text-black-dark leading-tight mr-2"&gt;\n                &lt;span class="inline-block"&gt;Bad gateway&lt;/span&gt;\n                &lt;span class="code-label"&gt;Error code 502&lt;/span&gt;\n            &lt;/h1&gt;\n            &lt;div&gt;\n  ...a.getElementById("cf-footer-ip").classList.remove("hidden")}))}var a=document;document.addEventListener&amp;&amp;a.addEventListener("DOMContentLoaded",d)})();&lt;/script&gt;\n  &lt;/div&gt;&lt;!-- /.error-footer --&gt;\n\n    &lt;/div&gt;\n&lt;/div&gt;\n&lt;script&gt;(function(){function c(){var b=a.contentDocument||(a.contentWindow&amp;&amp;a.contentWindow.document);if(b){var d=b.createElement(\'script\');d.innerHTML="window.__CF$cv$params={r:\'a25a50807f54e7fa\',t:\'MTc4NTgxMjQ1NA==\'};var a=document.createElement(\'script\');a.src=\'/cdn-cgi/challenge-platform/scripts/jsd/main.js\';document.getElementsByTagName(\'head\')[0].appendChild(a);";b.getElementsByTagName(\'head\')[0].appendChild(d)}}if(document.body){var a=document.createElement(\'iframe\');a.height=1;a.width=1;a.style.position=\'absolute\';a.style.top=0;a.style.left=0;a.style.border=\'none\';a.style.visibility=\'hidden\';document.body.appendChild(a);if(\'loading\'!==document.readyState)c();else if(window.addEventListener)document.addEventListener(\'DOMContentLoaded\',c);else{var e=document.onreadystatechange||function(){};document.onreadystatechange=function(b){e(b);\'loading\'!==document.readyState&amp;&amp;(document.onreadystatechange=e,c())}}}})();&lt;/script&gt;&lt;/body&gt;\n&lt;/html&gt;'.lower
E    +      where '&lt;!DOCTYPE html&gt;\n&lt;!--[if lt IE 7]&gt; &lt;html class="no-js ie6 oldie" lang="en-US"&gt; &lt;![endif]--&gt;\n&lt;!--[if IE 7]&gt;    &lt;html class="no-js ie7 oldie" lang="en-US"&gt; &lt;![endif]--&gt;\n&lt;!--[if IE 8]&gt;    &lt;html class="no-js ie8 oldie" lang="en-US"&gt; &lt;![endif]--&gt;\n&lt;!--[if gt IE 8]&gt;&lt;!--&gt; &lt;html class="no-js" lang="en-US"&gt; &lt;!--&lt;![endif]--&gt;\n&lt;head&gt;\n\n&lt;title&gt;preview.emergentagent.com | 502: Bad gateway&lt;/title&gt;\n&lt;meta charset="UTF-8" /&gt;\n&lt;meta http-equiv="Content-Type" content="text/html; charset=UTF-8" /&gt;\n&lt;meta http-equiv="X-UA-Compatible" content="IE=Edge" /&gt;\n&lt;meta name="robots" content="noindex, nofollow" /&gt;\n&lt;meta name="viewport" content="width=device-width,initial-scale=1" /&gt;\n&lt;link rel="stylesheet" id="cf_styles-css" href="/cdn-cgi/styles/main.css" /&gt;\n&lt;/head&gt;\n&lt;body&gt;\n&lt;div id="cf-wrapper"&gt;\n    &lt;div id="cf-error-details" class="p-0"&gt;\n        &lt;header class="mx-auto pt-10 lg:pt-6 lg:px-8 w-240 lg:w-full mb-8"&gt;\n            &lt;h1 class="inline-block sm:block sm:mb-2 font-light text-60 lg:text-4xl text-black-dark leading-tight mr-2"&gt;\n                &lt;span class="inline-block"&gt;Bad gateway&lt;/span&gt;\n                &lt;span class="code-label"&gt;Error code 502&lt;/span&gt;\n            &lt;/h1&gt;\n            &lt;div&gt;\n  ...a.getElementById("cf-footer-ip").classList.remove("hidden")}))}var a=document;document.addEventListener&amp;&amp;a.addEventListener("DOMContentLoaded",d)})();&lt;/script&gt;\n  &lt;/div&gt;&lt;!-- /.error-footer --&gt;\n\n    &lt;/div&gt;\n&lt;/div&gt;\n&lt;script&gt;(function(){function c(){var b=a.contentDocument||(a.contentWindow&amp;&amp;a.contentWindow.document);if(b){var d=b.createElement(\'script\');d.innerHTML="window.__CF$cv$params={r:\'a25a50807f54e7fa\',t:\'MTc4NTgxMjQ1NA==\'};var a=document.createElement(\'script\');a.src=\'/cdn-cgi/challenge-platform/scripts/jsd/main.js\';document.getElementsByTagName(\'head\')[0].appendChild(a);";b.getElementsByTagName(\'head\')[0].appendChild(d)}}if(document.body){var a=document.createElement(\'iframe\');a.height=1;a.width=1;a.style.position=\'absolute\';a.style.top=0;a.style.left=0;a.style.border=\'none\';a.style.visibility=\'hidden\';document.body.appendChild(a);if(\'loading\'!==document.readyState)c();else if(window.addEventListener)document.addEventListener(\'DOMContentLoaded\',c);else{var e=document.onreadystatechange||function(){};document.onreadystatechange=function(b){e(b);\'loading\'!==document.readyState&amp;&amp;(document.onreadystatechange=e,c())}}}})();&lt;/script&gt;&lt;/body&gt;\n&lt;/html&gt;' = &lt;Response [502]&gt;.text</failure></testcase><testcase classname="tests.test_iteration41.TestDocumentRequests" name="test_julie_creates" time="0.100" /><testcase classname="tests.test_iteration41.TestDocumentRequests" name="test_admin_fulfills" time="0.107" /><testcase classname="tests.test_iteration41.TestContractSign" name="test_invalid_signature_rejected" time="0.103" /><testcase classname="tests.test_iteration41.TestContractSign" name="test_valid_signature_accepted" time="0.106" /><testcase classname="tests.test_iteration41.TestAnnouncements" name="test_pinned_exists" time="0.122" /><testcase classname="tests.test_iteration41.TestAutoBreaks" name="test_auto_break_persists_without_overwriting_budget" time="0.366" /><testcase classname="tests.test_iteration41.TestAnnouncements" name="test_create_like_delete" time="0.340" /><testcase classname="tests.test_iteration41.TestAutoBreaks" name="test_cleanup_auto_break" time="0.117" /><testcase classname="tests.test_iteration41.TestModuleAccess" name="test_get_current" time="0.140" /><testcase classname="tests.test_iteration41.TestTimeBank" name="test_credit_debit" time="0.536" /><testcase classname="tests.test_iteration41.TestModuleAccess" name="test_set_and_reset" time="0.224" /><testcase classname="tests.test_iteration41.TestMfaFlow" name="test_full_flow" time="2.241" /></testsuite></testsuites>