<?xml version="1.0" encoding="utf-8"?><testsuites name="pytest tests"><testsuite name="pytest" errors="0" failures="0" skipped="4" tests="134" time="32.120" timestamp="2026-08-21T15:31:31.736624+00:00" hostname="agent-env-5f35255d-4b36-4220-a229-8613b5162e3a"><testcase classname="tests.test_iteration47.TestPriorite1IsolationLeo" name="test_leo_no_ph1_data[/hr-state]" time="2.710" /><testcase classname="tests.test_iteration47.TestPriorite1IsolationSuperadmin" name="test_superadmin_no_hr_data[/hr-state]" time="2.682" /><testcase classname="tests.test_iteration47.TestPriorite1IsolationSuperadmin" name="test_superadmin_no_hr_data[/shifts]" time="0.137" /><testcase classname="tests.test_iteration47.TestPriorite1IsolationLeo" name="test_leo_no_ph1_data[/shifts]" time="0.128" /><testcase classname="tests.test_iteration47.TestPriorite1IsolationSuperadmin" name="test_superadmin_no_hr_data[/tasks?start=2026-08-01&amp;end=2026-08-31]" time="0.161" /><testcase classname="tests.test_iteration47.TestPriorite1IsolationLeo" name="test_leo_no_ph1_data[/tasks?start=2026-08-01&amp;end=2026-08-31]" time="0.219" /><testcase classname="tests.test_iteration47.TestPriorite1IsolationSuperadmin" name="test_superadmin_no_hr_data[/leave/requests]" time="0.178" /><testcase classname="tests.test_iteration47.TestPriorite1IsolationLeo" name="test_leo_no_ph1_data[/tasks/goal?start=2026-08-03]" time="0.157" /><testcase classname="tests.test_iteration47.TestPriorite1IsolationSuperadmin" name="test_superadmin_no_hr_data[/benefits]" time="0.169" /><testcase classname="tests.test_iteration47.TestPriorite1IsolationLeo" name="test_leo_no_ph1_data[/tasks/honor-roll?month=2026-08]" time="0.169" /><testcase classname="tests.test_iteration47.TestPriorite1IsolationSuperadmin" name="test_superadmin_no_hr_data[/punches/summary?start=2026-01-01&amp;end=2026-12-31]" time="0.136" /><testcase classname="tests.test_iteration47.TestPriorite1IsolationLeo" name="test_leo_no_ph1_data[/leave/requests]" time="0.133" /><testcase classname="tests.test_iteration47.TestPriorite1IsolationSuperadmin" name="test_superadmin_no_hr_data[/evaluations]" time="0.273" /><testcase classname="tests.test_iteration47.TestPriorite1IsolationLeo" name="test_leo_no_ph1_data[/leave/absences]" time="0.206" /><testcase classname="tests.test_iteration47.TestPriorite1IsolationLeo" name="test_leo_no_ph1_data[/leave/balances]" time="0.190" /><testcase classname="tests.test_iteration47.TestPriorite1IsolationSuperadmin" name="test_superadmin_no_hr_data[/deliveries]" time="0.130" /><testcase classname="tests.test_iteration47.TestPriorite1IsolationSuperadmin" name="test_superadmin_no_hr_data[/open-shifts]" time="0.172" /><testcase classname="tests.test_iteration47.TestPriorite1IsolationLeo" name="test_leo_no_ph1_data[/leave/policy]" time="0.200" /><testcase classname="tests.test_iteration47.TestPriorite1IsolationSuperadmin" name="test_superadmin_no_hr_data[/polls]" time="0.204" /><testcase classname="tests.test_iteration47.TestPriorite1IsolationLeo" name="test_leo_no_ph1_data[/benefits]" time="0.165" /><testcase classname="tests.test_iteration47.TestPriorite1IsolationSuperadmin" name="test_superadmin_no_hr_data[/kudos]" time="0.148" /><testcase classname="tests.test_iteration47.TestPriorite1IsolationLeo" name="test_leo_no_ph1_data[/punches?start=2026-01-01&amp;end=2026-12-31]" time="0.145" /><testcase classname="tests.test_iteration47.TestPriorite1IsolationSuperadmin" name="test_superadmin_no_hr_data[/announcements]" time="0.137" /><testcase classname="tests.test_iteration47.TestPriorite1IsolationLeo" name="test_leo_no_ph1_data[/punches/summary?start=2026-01-01&amp;end=2026-12-31]" time="0.158" /><testcase classname="tests.test_iteration47.TestPriorite1IsolationSuperadmin" name="test_superadmin_no_hr_data[/trainings]" time="0.375" /><testcase classname="tests.test_iteration47.TestPriorite1IsolationLeo" name="test_leo_no_ph1_data[/punches/open]" time="0.334" /><testcase classname="tests.test_iteration47.TestPriorite1IsolationSuperadmin" name="test_superadmin_hr_state_null" time="0.243" /><testcase classname="tests.test_iteration47.TestPriorite1IsolationLeo" name="test_leo_no_ph1_data[/punch/settings]" time="0.146" /><testcase classname="tests.test_iteration47.TestPriorite1IsolationLeo" name="test_leo_no_ph1_data[/punch/cost?start=2026-01-01&amp;end=2026-12-31]" time="0.190" /><testcase classname="tests.test_iteration47.TestPriorite1IsolationSuperadmin" name="test_superadmin_cross_pharmacy_endpoints[/licenses]" time="0.173" /><testcase classname="tests.test_iteration47.TestPriorite1IsolationLeo" name="test_leo_no_ph1_data[/licenses]" time="0.149" /><testcase classname="tests.test_iteration47.TestPriorite1IsolationSuperadmin" name="test_superadmin_cross_pharmacy_endpoints[/evaluations]" time="0.184" /><testcase classname="tests.test_iteration47.TestPriorite1IsolationLeo" name="test_leo_no_ph1_data[/evaluations]" time="0.166" /><testcase classname="tests.test_iteration47.TestPriorite1IsolationSuperadmin" name="test_superadmin_cross_pharmacy_endpoints[/trainings]" time="0.136" /><testcase classname="tests.test_iteration47.TestPriorite1IsolationLeo" name="test_leo_no_ph1_data[/deliveries]" time="0.181" /><testcase classname="tests.test_iteration47.TestPriorite1IsolationSuperadmin" name="test_superadmin_cross_pharmacy_endpoints[/profiles]" time="0.157" /><testcase classname="tests.test_iteration47.TestPriorite1IsolationLeo" name="test_leo_no_ph1_data[/deliveries/proofs]" time="0.157" /><testcase classname="tests.test_iteration47.TestPriorite1IsolationSuperadmin" name="test_superadmin_cross_pharmacy_endpoints[/schedule/proposals]" time="0.170" /><testcase classname="tests.test_iteration47.TestPriorite1IsolationLeo" name="test_leo_no_ph1_data[/announcements]" time="0.153" /><testcase classname="tests.test_iteration47.TestPriorite1IsolationLeo" name="test_leo_no_ph1_data[/polls]" time="0.311" /><testcase classname="tests.test_iteration47.TestPriorite1IsolationLeo" name="test_leo_no_ph1_data[/kudos]" time="0.175" /><testcase classname="tests.test_iteration45.TestHrStateSync" name="test_get_shape" time="0.661" /><testcase classname="tests.test_iteration47.TestPriorite1IsolationLeo" name="test_leo_no_ph1_data[/open-shifts]" time="0.187" /><testcase classname="tests.test_iteration45.TestHrStateSync" name="test_put_strips_shifts_and_persists" time="0.164" /><testcase classname="tests.test_iteration47.TestPriorite1IsolationLeo" name="test_leo_no_ph1_data[/appointments?start=2026-01-01&amp;end=2026-12-31]" time="0.142" /><testcase classname="tests.test_iteration45.TestHrStateSync" name="test_wipe_guard_rejects_emptied_lists" time="0.266" /><testcase classname="tests.test_iteration47.TestPriorite1IsolationLeo" name="test_leo_no_ph1_data[/time-bank]" time="0.155" /><testcase classname="tests.test_iteration47.TestPriorite1IsolationLeo" name="test_leo_no_ph1_data[/sst]" time="0.328"><skipped type="pytest.skip" message="/sst inexistant (404)">/app/backend/tests/test_iteration47.py:80: /sst inexistant (404)</skipped></testcase><testcase classname="tests.test_iteration47.TestPriorite1IsolationLeo" name="test_leo_no_ph1_data[/work-stations]" time="0.148" /><testcase classname="tests.test_iteration45.TestHrStateSync" name="test_same_pharmacy_users_share_state" time="0.540" /><testcase classname="tests.test_iteration47.TestPriorite1IsolationLeo" name="test_leo_no_ph1_data[/hr-custom-fields]" time="0.151"><skipped type="pytest.skip" message="/hr-custom-fields inexistant (404)">/app/backend/tests/test_iteration47.py:80: /hr-custom-fields inexistant (404)</skipped></testcase><testcase classname="tests.test_iteration45.TestHrStateSync" name="test_employee_write_is_merged_not_full" time="0.250" /><testcase classname="tests.test_iteration47.TestPriorite1IsolationLeo" name="test_leo_no_ph1_data[/agencies]" time="0.174" /><testcase classname="tests.test_iteration47.TestPriorite1IsolationLeo" name="test_leo_no_ph1_data[/replacements/requests]" time="0.160" /><testcase classname="tests.test_iteration45.TestHrStateSync" name="test_large_state_rejected" time="0.832" /><testcase classname="tests.test_iteration47.TestPriorite1IsolationLeo" name="test_leo_no_ph1_data[/chat/conversations]" time="0.140" /><testcase classname="tests.test_iteration47.TestPriorite1IsolationLeo" name="test_leo_no_ph1_data[/chat/users]" time="0.127" /><testcase classname="tests.test_iteration47.TestPriorite1IsolationLeo" name="test_leo_no_ph1_data[/schedule/settings]" time="0.201" /><testcase classname="tests.test_iteration47.TestPriorite1IsolationLeo" name="test_leo_no_ph1_data[/schedule/proposals]" time="0.141" /><testcase classname="tests.test_iteration47.TestPriorite1IsolationLeo" name="test_leo_no_ph1_data[/schedule/templates]" time="0.161" /><testcase classname="tests.test_iteration47.TestPriorite1IsolationLeo" name="test_leo_no_ph1_data[/trainings]" time="0.323" /><testcase classname="tests.test_iteration46.TestPayroll" name="test_export_payroll[nethris]" time="0.508" /><testcase classname="tests.test_iteration47.TestPriorite1IsolationLeo" name="test_leo_no_ph1_data[/notifications]" time="0.157" /><testcase classname="tests.test_iteration46.TestPayroll" name="test_export_payroll[adp]" time="0.164" /><testcase classname="tests.test_iteration47.TestPriorite1IsolationLeo" name="test_leo_no_ph1_data[/pay-settings]" time="0.181" /><testcase classname="tests.test_iteration46.TestPayroll" name="test_export_payroll[employeurd]" time="0.591" /><testcase classname="tests.test_iteration47.TestPriorite1IsolationLeo" name="test_leo_no_ph1_data[/pharmacy/settings]" time="0.512" /><testcase classname="tests.test_iteration47.TestPriorite1IsolationLeo" name="test_leo_no_ph1_data[/report-settings]" time="0.350" /><testcase classname="tests.test_iteration47.TestPriorite1IsolationLeo" name="test_leo_no_ph1_data[/security-settings]" time="0.234" /><testcase classname="tests.test_iteration46.TestPayroll" name="test_export_forbidden_employee" time="0.510" /><testcase classname="tests.test_iteration46.TestPayroll" name="test_budgets_report_csv" time="0.152" /><testcase classname="tests.test_iteration47.TestPriorite1IsolationLeo" name="test_leo_no_ph1_data[/email-settings]" time="0.112" /><testcase classname="tests.test_iteration46.TestPayroll" name="test_pay_settings" time="0.106" /><testcase classname="tests.test_iteration47.TestPriorite1IsolationLeo" name="test_leo_no_ph1_data[/reports/budget-history]" time="0.171" /><testcase classname="tests.test_iteration46.TestContent" name="test_benefits_admin_vs_employee" time="0.196" /><testcase classname="tests.test_iteration47.TestPriorite1IsolationLeo" name="test_leo_no_ph1_data[/branches]" time="0.141"><skipped type="pytest.skip" message="/branches inexistant (404)">/app/backend/tests/test_iteration47.py:80: /branches inexistant (404)</skipped></testcase><testcase classname="tests.test_iteration46.TestContent" name="test_trainings" time="0.234" /><testcase classname="tests.test_iteration47.TestPriorite1IsolationLeo" name="test_leo_no_ph1_data[/profiles]" time="0.123" /><testcase classname="tests.test_iteration47.TestPriorite1IsolationLeo" name="test_leo_no_ph1_data[/documents]" time="0.152"><skipped type="pytest.skip" message="/documents inexistant (404)">/app/backend/tests/test_iteration47.py:80: /documents inexistant (404)</skipped></testcase><testcase classname="tests.test_iteration46.TestContent" name="test_notifications" time="0.214" /><testcase classname="tests.test_iteration47.TestPriorite1IsolationLeo" name="test_leo_no_ph1_data[/document-requests]" time="0.184" /><testcase classname="tests.test_iteration46.TestContent" name="test_open_shifts_and_team" time="0.371" /><testcase classname="tests.test_iteration47.TestPriorite1IsolationLeo" name="test_leo_hr_state_only_own_employee" time="0.271" /><testcase classname="tests.test_iteration47.TestPriorite1IsolationLeo" name="test_leo_shifts_empty" time="0.136" /><testcase classname="tests.test_iteration46.TestContent" name="test_appointments_and_deliveries" time="0.178" /><testcase classname="tests.test_iteration46.TestContent" name="test_licenses_and_chat" time="0.343" /><testcase classname="tests.test_iteration47.TestRegressionPh1" name="test_admin_sees_own_employees_and_payroll" time="0.361" /><testcase classname="tests.test_iteration47.TestRegressionPh1" name="test_admin_shifts_present" time="0.302" /><testcase classname="tests.test_iteration47.TestRegressionPh1" name="test_shift_create_delete" time="0.827" /><testcase classname="tests.test_iteration46.TestAuth" name="test_login_roles" time="1.421" /><testcase classname="tests.test_iteration46.TestAuth" name="test_bad_password" time="0.089" /><testcase classname="tests.test_iteration46.TestAuth" name="test_me" time="0.204" /><testcase classname="tests.test_iteration46.TestAuth" name="test_me_without_token" time="0.119" /><testcase classname="tests.test_iteration46.TestAuth" name="test_security_settings_defaults" time="0.078" /><testcase classname="tests.test_iteration46.TestSchedule" name="test_settings" time="0.079" /><testcase classname="tests.test_iteration47.TestRegressionPh1" name="test_employee_julie_sees_own_data" time="0.171" /><testcase classname="tests.test_iteration46.TestSchedule" name="test_publish_week" time="0.381" /><testcase classname="tests.test_iteration47.TestRegressionPh1" name="test_auth_me_scoping" time="0.343" /><testcase classname="tests.test_iteration46.TestSchedule" name="test_publish_forbidden_for_employee" time="0.082" /><testcase classname="tests.test_iteration46.TestPunch" name="test_preview_and_punch_cycle" time="0.344" /><testcase classname="tests.test_iteration46.TestSchedule" name="test_templates_list" time="0.088" /><testcase classname="tests.test_iteration46.TestPerformance" name="test_hot_endpoint_under_1_5s[/api/shifts]" time="0.183" /><testcase classname="tests.test_iteration46.TestPerformance" name="test_hot_endpoint_under_1_5s[/api/hr-state]" time="0.178" /><testcase classname="tests.test_iteration46.TestPunch" name="test_bad_pin" time="0.097" /><testcase classname="tests.test_iteration46.TestPunch" name="test_summary_admin" time="0.091" /><testcase classname="tests.test_iteration46.TestPerformance" name="test_hot_endpoint_under_1_5s[/api/notifications]" time="0.174" /><testcase classname="tests.test_iteration46.TestPunch" name="test_punch_settings" time="0.108" /><testcase classname="tests.test_iteration47.TestPriorite3Pharmacies" name="test_list_pharmacies" time="0.143" /><testcase classname="tests.test_iteration46.TestPerformance" name="test_hot_endpoint_under_1_5s[/api/tasks?start=2026-08-17&amp;end=2026-08-23]" time="0.202" /><testcase classname="tests.test_iteration47.TestPriorite3Pharmacies" name="test_create_requires_name" time="0.486" /><testcase classname="tests.test_iteration47.TestPriorite3Pharmacies" name="test_create_update_pharmacy" time="0.749" /><testcase classname="tests.test_iteration45.TestHrStateAuth" name="test_get_without_token" time="0.609" /><testcase classname="tests.test_iteration45.TestHrStateAuth" name="test_put_without_token" time="0.084" /><testcase classname="tests.test_iteration45.TestHrStateAuth" name="test_put_invalid_payload" time="0.221" /><testcase classname="tests.test_iteration47.TestPriorite2CompteSansPharmacie" name="test_create_admin_without_pharmacy_rejected" time="0.192" /><testcase classname="tests.test_iteration47.TestPriorite2CompteSansPharmacie" name="test_create_admin_unknown_pharmacy_rejected" time="0.188" /><testcase classname="tests.test_iteration47.TestPriorite3Pharmacies" name="test_update_unknown_pharmacy_404" time="0.180" /><testcase classname="tests.test_iteration47.TestPriorite2CompteSansPharmacie" name="test_create_superadmin_without_pharmacy_ok" time="0.533" /><testcase classname="tests.test_iteration46.TestLeave" name="test_request_approve_flow" time="0.855" /><testcase classname="tests.test_iteration46.TestLeave" name="test_balances" time="0.132" /><testcase classname="tests.test_iteration45.TestShiftsRegression" name="test_shifts_get" time="0.532" /><testcase classname="tests.test_iteration46.TestLeave" name="test_policy" time="0.096" /><testcase classname="tests.test_iteration45.TestShiftsRegression" name="test_shift_crud" time="0.444" /><testcase classname="tests.test_iteration46.TestTasks" name="test_tasks_list_stats_goal" time="0.505" /><testcase classname="tests.test_iteration46.TestShiftEmployeeName" name="test_post_shift_stores_employee_name" time="0.381" /><testcase classname="tests.test_iteration46.TestTasks" name="test_task_create_toggle_delete" time="0.617" /><testcase classname="tests.test_iteration46.TestShiftEmployeeName" name="test_employee_cannot_write_shifts" time="0.134" /><testcase classname="tests.test_iteration47.TestAuthHardening" name="test_bcrypt_hash_format" time="0.097" /><testcase classname="tests.test_iteration47.TestAuthHardening" name="test_no_token_401" time="0.159" /><testcase classname="tests.test_iteration47.TestPriorite1IsolationPh1" name="test_admin_ph1_no_leo_data" time="0.123" /><testcase classname="tests.test_iteration47.TestPriorite1IsolationPh1" name="test_admin_ph1_pharmacies_forbidden" time="0.283" /><testcase classname="tests.test_iteration46.TestScheduleAI" name="test_generate_and_delete" time="12.675" /><testcase classname="tests.test_iteration45" name="test_zz_cleanup" time="0.744" /><testcase classname="tests.test_iteration46.TestHrStateSecurity" name="test_employee_put_does_not_wipe_sensitive_lists" time="0.453" /></testsuite></testsuites>