<?xml version="1.0" encoding="utf-8"?><testsuites name="pytest tests"><testsuite name="pytest" errors="0" failures="0" skipped="0" tests="18" time="3.260" timestamp="2026-08-01T01:45:14.512722+00:00" hostname="agent-env-5f35255d-4b36-4220-a229-8613b5162e3a"><testcase classname="tests.test_iteration27.TestIncidents" name="test_admin_forbidden_list" time="0.769" /><testcase classname="tests.test_iteration27.TestLoginEvents" name="test_admin_forbidden" time="0.813" /><testcase classname="tests.test_iteration27.TestIncidents" name="test_admin_forbidden_create" time="0.104" /><testcase classname="tests.test_iteration27.TestLoginEvents" name="test_su_can_list" time="0.555" /><testcase classname="tests.test_iteration27.TestIncidents" name="test_create_incident" time="0.820" /><testcase classname="tests.test_iteration27.TestLoginEvents" name="test_new_login_appears" time="0.426" /><testcase classname="tests.test_iteration27.TestIncidents" name="test_invalid_status_400" time="0.097" /><testcase classname="tests.test_iteration27.TestIncidents" name="test_invalid_severity_400" time="0.328" /><testcase classname="tests.test_iteration27.TestIncidents" name="test_empty_title_400" time="0.101" /><testcase classname="tests.test_iteration27.TestLoginEvents" name="test_change_password_recorded" time="0.433" /><testcase classname="tests.test_iteration27.TestIncidents" name="test_list_contains_created" time="0.101" /><testcase classname="tests.test_iteration27.TestDataExport" name="test_export_unauth_401" time="0.097" /><testcase classname="tests.test_iteration27.TestIncidents" name="test_update_incident" time="0.200" /><testcase classname="tests.test_iteration27.TestDataExport" name="test_julie_export" time="0.102" /><testcase classname="tests.test_iteration27.TestDataExport" name="test_admin_export" time="0.112" /><testcase classname="tests.test_iteration27.TestIncidents" name="test_admin_forbidden_update" time="0.102" /><testcase classname="tests.test_iteration27.TestIncidents" name="test_admin_forbidden_delete" time="0.111" /><testcase classname="tests.test_iteration27.TestIncidents" name="test_zzz_cleanup_delete" time="0.211" /></testsuite></testsuites>