<?xml version="1.0" encoding="utf-8"?><testsuites name="pytest tests"><testsuite name="pytest" errors="0" failures="0" skipped="0" tests="15" time="2.732" timestamp="2026-07-30T17:02:31.720591+00:00" hostname="agent-env-5f35255d-4b36-4220-a229-8613b5162e3a"><testcase classname="tests.test_iteration7.TestEmailSettings" name="test_get_settings_admin_ok" time="0.645" /><testcase classname="tests.test_iteration7.TestSuperadminOverview" name="test_admin_forbidden" time="0.700" /><testcase classname="tests.test_iteration7.TestEmailSettings" name="test_post_admin_forbidden" time="0.064" /><testcase classname="tests.test_iteration7.TestSuperadminOverview" name="test_employee_forbidden" time="0.503" /><testcase classname="tests.test_iteration7.TestSuperadminOverview" name="test_no_token_401" time="0.062" /><testcase classname="tests.test_iteration7.TestEmailSettings" name="test_post_employee_forbidden" time="0.642" /><testcase classname="tests.test_iteration7.TestEmailSettings" name="test_post_no_token_401" time="0.203" /><testcase classname="tests.test_iteration7.TestSuperadminOverview" name="test_superadmin_ok" time="0.345" /><testcase classname="tests.test_iteration7.TestTrainingUploadGuards" name="test_upload_rejects_non_pdf" time="0.225" /><testcase classname="tests.test_iteration7.TestTrainingUploadGuards" name="test_upload_requires_auth" time="0.056" /><testcase classname="tests.test_iteration7.TestEmailSettings" name="test_superadmin_save_and_restore" time="0.670" /><testcase classname="tests.test_iteration7.TestAttempts" name="test_wrong_answer_count_400" time="0.056" /><testcase classname="tests.test_iteration7.TestAttempts" name="test_attempt_requires_auth" time="0.054" /><testcase classname="tests.test_iteration7.TestTrainingsList" name="test_admin_sees_correct_index" time="0.114" /><testcase classname="tests.test_iteration7.TestTrainingsList" name="test_employee_hides_correct_index" time="0.058" /></testsuite></testsuites>