<?xml version="1.0" encoding="utf-8"?><testsuites name="pytest tests"><testsuite name="pytest" errors="0" failures="0" skipped="0" tests="9" time="2.080" timestamp="2026-07-30T20:26:52.595624+00:00" hostname="agent-env-5f35255d-4b36-4220-a229-8613b5162e3a"><testcase classname="tests.test_iteration8.TestRemindersRBAC" name="test_employee_forbidden" time="0.721" /><testcase classname="tests.test_iteration8.TestUpsertAndDelete" name="test_upsert_same_email_produces_one_row_and_updates_due" time="1.293" /><testcase classname="tests.test_iteration8.TestRemindersRBAC" name="test_no_token_401" time="0.065" /><testcase classname="tests.test_iteration8.TestRemindersRBAC" name="test_admin_ok_returns_sent_count" time="0.403" /><testcase classname="tests.test_iteration8.TestListAssignments" name="test_admin_list_ok_has_julie_with_computed_fields" time="0.073" /><testcase classname="tests.test_iteration8.TestListAssignments" name="test_list_requires_auth" time="0.111" /><testcase classname="tests.test_iteration8.TestUpsertAndDelete" name="test_overdue_computed_when_past_due" time="0.355" /><testcase classname="tests.test_iteration8.TestMyAssignment" name="test_julie_gets_my_assignment_on_demo" time="0.074" /><testcase classname="tests.test_iteration8.TestUpsertAndDelete" name="test_delete_nonexistent_returns_404" time="0.060" /></testsuite></testsuites>