<?xml version="1.0" encoding="utf-8"?><testsuites name="pytest tests"><testsuite name="pytest" errors="0" failures="0" skipped="0" tests="38" time="17.856" timestamp="2026-08-21T12:00:46.844766+00:00" hostname="agent-env-5f35255d-4b36-4220-a229-8613b5162e3a"><testcase classname="tests.test_iteration46.TestPayroll" name="test_export_payroll[nethris]" time="0.684" /><testcase classname="tests.test_iteration46.TestPayroll" name="test_export_payroll[adp]" time="0.238" /><testcase classname="tests.test_iteration46.TestPayroll" name="test_export_payroll[employeurd]" time="0.213" /><testcase classname="tests.test_iteration46.TestContent" name="test_benefits_admin_vs_employee" time="1.436" /><testcase classname="tests.test_iteration46.TestPayroll" name="test_export_forbidden_employee" time="0.367" /><testcase classname="tests.test_iteration46.TestContent" name="test_trainings" time="0.194" /><testcase classname="tests.test_iteration46.TestPayroll" name="test_budgets_report_csv" time="0.123" /><testcase classname="tests.test_iteration46.TestPayroll" name="test_pay_settings" time="0.068" /><testcase classname="tests.test_iteration46.TestContent" name="test_notifications" time="0.371" /><testcase classname="tests.test_iteration46.TestContent" name="test_open_shifts_and_team" time="0.534" /><testcase classname="tests.test_iteration46.TestAuth" name="test_login_roles" time="0.590" /><testcase classname="tests.test_iteration46.TestAuth" name="test_bad_password" time="0.073" /><testcase classname="tests.test_iteration46.TestAuth" name="test_me" time="0.183" /><testcase classname="tests.test_iteration46.TestContent" name="test_appointments_and_deliveries" time="0.208" /><testcase classname="tests.test_iteration46.TestAuth" name="test_me_without_token" time="0.067" /><testcase classname="tests.test_iteration46.TestAuth" name="test_security_settings_defaults" time="0.075" /><testcase classname="tests.test_iteration46.TestPunch" name="test_preview_and_punch_cycle" time="0.256" /><testcase classname="tests.test_iteration46.TestContent" name="test_licenses_and_chat" time="0.171" /><testcase classname="tests.test_iteration46.TestSchedule" name="test_settings" time="0.085" /><testcase classname="tests.test_iteration46.TestPunch" name="test_bad_pin" time="0.067" /><testcase classname="tests.test_iteration46.TestSchedule" name="test_publish_week" time="0.557" /><testcase classname="tests.test_iteration46.TestPunch" name="test_summary_admin" time="0.068" /><testcase classname="tests.test_iteration46.TestPunch" name="test_punch_settings" time="0.077" /><testcase classname="tests.test_iteration46.TestPerformance" name="test_hot_endpoint_under_1_5s[/api/shifts]" time="0.144" /><testcase classname="tests.test_iteration46.TestPerformance" name="test_hot_endpoint_under_1_5s[/api/hr-state]" time="0.136" /><testcase classname="tests.test_iteration46.TestPerformance" name="test_hot_endpoint_under_1_5s[/api/notifications]" time="0.138" /><testcase classname="tests.test_iteration46.TestSchedule" name="test_publish_forbidden_for_employee" time="0.078" /><testcase classname="tests.test_iteration46.TestPerformance" name="test_hot_endpoint_under_1_5s[/api/tasks?start=2026-08-17&amp;end=2026-08-23]" time="0.146" /><testcase classname="tests.test_iteration46.TestSchedule" name="test_templates_list" time="0.081" /><testcase classname="tests.test_iteration46.TestShiftEmployeeName" name="test_post_shift_stores_employee_name" time="0.295" /><testcase classname="tests.test_iteration46.TestLeave" name="test_request_approve_flow" time="0.361" /><testcase classname="tests.test_iteration46.TestShiftEmployeeName" name="test_employee_cannot_write_shifts" time="0.122" /><testcase classname="tests.test_iteration46.TestLeave" name="test_balances" time="0.114" /><testcase classname="tests.test_iteration46.TestTasks" name="test_tasks_list_stats_goal" time="0.380" /><testcase classname="tests.test_iteration46.TestLeave" name="test_policy" time="0.067" /><testcase classname="tests.test_iteration46.TestHrStateSecurity" name="test_employee_put_does_not_wipe_sensitive_lists" time="0.453" /><testcase classname="tests.test_iteration46.TestTasks" name="test_task_create_toggle_delete" time="0.567" /><testcase classname="tests.test_iteration46.TestScheduleAI" name="test_generate_and_delete" time="12.392" /></testsuite></testsuites>