<?xml version="1.0" encoding="utf-8"?><testsuites name="pytest tests"><testsuite name="pytest" errors="0" failures="0" skipped="0" tests="14" time="2.801" timestamp="2026-08-01T14:20:50.434403+00:00" hostname="agent-env-5f35255d-4b36-4220-a229-8613b5162e3a"><testcase classname="tests.test_iteration32.TestShifts" name="test_get_shifts_admin" time="0.695" /><testcase classname="tests.test_iteration32.TestPrioritySets" name="test_get_settings" time="0.699" /><testcase classname="tests.test_iteration32.TestShifts" name="test_post_shift_upsert_idempotent" time="0.180" /><testcase classname="tests.test_iteration32.TestPrioritySets" name="test_put_priority_sets_without_name_400" time="0.048" /><testcase classname="tests.test_iteration32.TestPrioritySets" name="test_put_priority_sets_valid_ok" time="0.195" /><testcase classname="tests.test_iteration32.TestShifts" name="test_put_shift_partial_patch" time="0.103" /><testcase classname="tests.test_iteration32.TestBudgetMonthlyReport" name="test_run_valid_month" time="0.556" /><testcase classname="tests.test_iteration32.TestShifts" name="test_put_shift_invalid_department_falls_back" time="0.102" /><testcase classname="tests.test_iteration32.TestShifts" name="test_put_shift_invalid_hours_400" time="0.053" /><testcase classname="tests.test_iteration32.TestShifts" name="test_delete_nonexistent_404" time="0.049" /><testcase classname="tests.test_iteration32.TestShifts" name="test_employee_read_ok" time="0.321" /><testcase classname="tests.test_iteration32.TestBudgetMonthlyReport" name="test_run_invalid_month_400" time="0.049" /><testcase classname="tests.test_iteration32.TestShifts" name="test_employee_write_forbidden" time="0.957" /><testcase classname="tests.test_iteration32.TestBudgetMonthlyReport" name="test_run_forbidden_employee" time="0.820" /></testsuite></testsuites>