<?xml version="1.0" encoding="utf-8"?><testsuites name="pytest tests"><testsuite name="pytest" errors="0" failures="0" skipped="0" tests="6" time="1.919" timestamp="2026-07-31T00:08:47.250088+00:00" hostname="agent-env-5f35255d-4b36-4220-a229-8613b5162e3a"><testcase classname="tests.test_iteration16.TestTaskStatsBadges" name="test_admin_stats_has_julie_badges" time="0.731" /><testcase classname="tests.test_iteration16.TestWeeklyReportRun" name="test_admin_can_trigger" time="1.059" /><testcase classname="tests.test_iteration16.TestTaskStatsBadges" name="test_employee_stats_has_own_badges" time="0.429" /><testcase classname="tests.test_iteration16.TestStructuredAlerts" name="test_proposal_alerts_structured" time="0.226" /><testcase classname="tests.test_iteration16.TestWeeklyReportRun" name="test_employee_forbidden" time="0.434" /><testcase classname="tests.test_iteration16.TestWeeklyReportRun" name="test_invalid_week_start_400" time="0.103" /></testsuite></testsuites>