<?xml version="1.0" encoding="utf-8"?><testsuites name="pytest tests"><testsuite name="pytest" errors="0" failures="0" skipped="0" tests="8" time="3.185" timestamp="2026-08-04T04:05:28.851189+00:00" hostname="agent-env-5f35255d-4b36-4220-a229-8613b5162e3a"><testcase classname="tests.test_iteration42.TestSecuritySettings" name="test_get_default" time="0.782" /><testcase classname="tests.test_iteration42.TestSecuritySettings" name="test_put_bounds" time="0.528" /><testcase classname="tests.test_iteration42.TestCalendarICS" name="test_get_feed_token_and_ics" time="1.355" /><testcase classname="tests.test_iteration42.TestCalendarICS" name="test_invalid_token_404" time="0.282" /><testcase classname="tests.test_iteration42.TestSecuritySettings" name="test_employee_forbidden" time="0.427" /><testcase classname="tests.test_iteration42.TestCalendarICS" name="test_reset_regenerates_token" time="0.946" /><testcase classname="tests.test_iteration42.TestSecuritySettings" name="test_mfa_required_blocked_when_admin_no_mfa" time="0.097" /><testcase classname="tests.test_iteration42.TestSecuritySettings" name="test_password_policy_enforced_on_change" time="1.013" /></testsuite></testsuites>