<?xml version="1.0" encoding="utf-8"?><testsuites name="pytest tests"><testsuite name="pytest" errors="0" failures="0" skipped="0" tests="12" time="4.384" timestamp="2026-07-31T11:45:48.959851+00:00" hostname="agent-env-5f35255d-4b36-4220-a229-8613b5162e3a"><testcase classname="tests.test_iteration24.TestAttachments" name="test_post_attachment_and_last_message_preview" time="1.416" /><testcase classname="tests.test_iteration24.TestScheduleReceipts" name="test_publish_and_status_flow" time="2.092" /><testcase classname="tests.test_iteration24.TestAttachments" name="test_julie_can_access_attachment_in_equipe" time="0.754" /><testcase classname="tests.test_iteration24.TestScheduleReceipts" name="test_status_for_unpublished_week" time="0.102" /><testcase classname="tests.test_iteration24.TestAttachments" name="test_julie_forbidden_on_gestionnaires_attachment" time="0.363" /><testcase classname="tests.test_iteration24.TestScheduleReceipts" name="test_julie_forbidden_on_status" time="0.138" /><testcase classname="tests.test_iteration24.TestScheduleReceipts" name="test_invalid_week_start" time="0.277" /><testcase classname="tests.test_iteration24.TestAttachments" name="test_attachment_invalid_data_prefix" time="0.290" /><testcase classname="tests.test_iteration24.TestPinMessage" name="test_pin_toggle_and_conversation_state" time="0.708" /><testcase classname="tests.test_iteration24.TestAttachments" name="test_empty_body_and_no_attachment" time="0.242" /><testcase classname="tests.test_iteration24.TestPinMessage" name="test_pin_forbidden_for_employee" time="0.296" /><testcase classname="tests.test_iteration24.TestPinMessage" name="test_pin_message_not_found" time="0.109" /></testsuite></testsuites>