<?xml version="1.0" encoding="utf-8"?><testsuites name="pytest tests"><testsuite name="pytest" errors="0" failures="0" skipped="0" tests="6" time="8.013" timestamp="2026-08-01T14:38:00.961256+00:00" hostname="agent-env-5f35255d-4b36-4220-a229-8613b5162e3a"><testcase classname="tests.test_iteration33.TestBudgetHistory" name="test_admin_default_months" time="0.897" /><testcase classname="tests.test_iteration33.TestBudgetHistory" name="test_months_out_of_range" time="0.103" /><testcase classname="tests.test_iteration33.TestShiftNotifications" name="test_full_flow" time="4.256" /><testcase classname="tests.test_iteration33.TestBudgetHistory" name="test_employee_forbidden" time="0.440" /><testcase classname="tests.test_iteration33.TestShiftNotifications" name="test_ai_shift_no_notification" time="1.926" /><testcase classname="tests.test_iteration33.TestShiftNotifications" name="test_upsert_no_duplicate" time="1.459" /></testsuite></testsuites>