<?xml version="1.0" encoding="utf-8"?><testsuites name="pytest tests"><testsuite name="pytest" errors="0" failures="0" skipped="0" tests="11" time="5.290" timestamp="2026-08-26T00:05:42.098646+00:00" hostname="agent-env-5f35255d-4b36-4220-a229-8613b5162e3a"><testcase classname="tests.test_iteration53_accounts_health" name="test_all_documented_accounts_can_login" time="3.016" /><testcase classname="tests.test_iteration53.TestCreateAccountForEmployee" name="test_existing_email_returns_400_french" time="0.762" /><testcase classname="tests.test_iteration53.TestCreateAccountForEmployee" name="test_invalid_email_returns_400" time="0.216" /><testcase classname="tests.test_iteration53.TestCreateAccountForEmployee" name="test_employee_role_forbidden" time="0.900" /><testcase classname="tests.test_iteration53.TestCreateAccountForEmployee" name="test_create_then_duplicate_then_cleanup" time="1.513" /><testcase classname="tests.test_iteration53_accounts_health" name="test_bruteforce_lockout_on_unknown_account" time="0.796" /><testcase classname="tests.test_iteration53.TestCreateAccountForEmployee" name="test_bulk_invite_forbidden_for_employee" time="0.156" /><testcase classname="tests.test_iteration53.TestModuleAccessLookup" name="test_by_employee_found_for_e1" time="0.139" /><testcase classname="tests.test_iteration53.TestModuleAccessLookup" name="test_by_employee_not_found_for_e3" time="0.125" /><testcase classname="tests.test_iteration53.TestLinkedIds" name="test_initial_linked_ids" time="0.475" /><testcase classname="tests.test_iteration53.TestLinkedIds" name="test_requires_auth" time="0.109" /></testsuite></testsuites>