<?xml version="1.0" encoding="utf-8"?><testsuites name="pytest tests"><testsuite name="pytest" errors="0" failures="0" skipped="0" tests="17" time="12.518" timestamp="2026-07-31T01:26:50.326365+00:00" hostname="agent-env-5f35255d-4b36-4220-a229-8613b5162e3a"><testcase classname="tests.test_iteration19.TestPharmacySettings" name="test_get_default" time="0.577" /><testcase classname="tests.test_iteration19.TestPharmacySettings" name="test_julie_put_403" time="0.104" /><testcase classname="tests.test_iteration19.TestAppointments" name="test_admin_create_appointment_ok" time="0.847" /><testcase classname="tests.test_iteration19.TestAppointments" name="test_end_before_start_400" time="0.245" /><testcase classname="tests.test_iteration19.TestPharmacySettings" name="test_admin_put_and_restore" time="1.001" /><testcase classname="tests.test_iteration19.TestAppointments" name="test_empty_client_400" time="0.108" /><testcase classname="tests.test_iteration19.TestAppointments" name="test_julie_create_for_other_403" time="0.439" /><testcase classname="tests.test_iteration19.TestAppointments" name="test_julie_create_for_self_ok" time="0.100" /><testcase classname="tests.test_iteration19.TestPharmacySettings" name="test_admin_put_empty_400" time="0.134" /><testcase classname="tests.test_iteration19.TestAppointments" name="test_delete_by_other_employee_403" time="0.511" /><testcase classname="tests.test_iteration19.TestDeliveryProofs" name="test_julie_forbidden" time="0.104" /><testcase classname="tests.test_iteration19.TestAppointments" name="test_zzz_cleanup" time="0.212" /><testcase classname="tests.test_iteration19.TestDeliveryProofs" name="test_manager_list_and_search" time="1.336" /><testcase classname="tests.test_iteration19.TestDeliveryRoute" name="test_julie_empty_when_no_active" time="3.619" /><testcase classname="tests.test_iteration19.TestDeliveryProofs" name="test_zzz_cleanup" time="0.103" /><testcase classname="tests.test_iteration19.TestDeliveryRoute" name="test_create_and_get_route" time="5.889" /><testcase classname="tests.test_iteration19.TestDeliveryRoute" name="test_zzz_cleanup" time="0.215" /></testsuite></testsuites>