<?xml version="1.0" encoding="utf-8"?><testsuites name="pytest tests"><testsuite name="pytest" errors="0" failures="1" skipped="0" tests="27" time="5.278" timestamp="2026-07-31T11:19:03.418491+00:00" hostname="agent-env-5f35255d-4b36-4220-a229-8613b5162e3a"><testcase classname="tests.test_iteration23.TestPublish" name="test_publish_first_time" time="0.869" /><testcase classname="tests.test_iteration23.TestChat" name="test_00_precleanup" time="0.719" /><testcase classname="tests.test_iteration23.TestChat" name="test_chat_users_admin" time="0.103" /><testcase classname="tests.test_iteration23.TestPublish" name="test_publish_second_time_updated" time="0.453" /><testcase classname="tests.test_iteration23.TestChat" name="test_chat_users_julie_forbidden" time="0.418" /><testcase classname="tests.test_iteration23.TestChat" name="test_create_gestionnaires_conversation" time="0.561" /><testcase classname="tests.test_iteration23.TestPublish" name="test_julie_notifications" time="0.581" /><testcase classname="tests.test_iteration23.TestChat" name="test_create_gestionnaires_duplicate" time="0.145" /><testcase classname="tests.test_iteration23.TestPublish" name="test_publish_empty_recipients" time="0.101" /><testcase classname="tests.test_iteration23.TestChat" name="test_create_direct_julie" time="0.115" /><testcase classname="tests.test_iteration23.TestPublish" name="test_publish_invalid_week" time="0.095" /><testcase classname="tests.test_iteration23.TestChat" name="test_create_direct_duplicate" time="0.099" /><testcase classname="tests.test_iteration23.TestPublish" name="test_publish_julie_forbidden" time="0.096" /><testcase classname="tests.test_iteration23.TestChat" name="test_create_direct_unknown_user" time="0.100" /><testcase classname="tests.test_iteration23.TestPublish" name="test_cleanup_mongo" time="0.016" /><testcase classname="tests.test_iteration23.TestPunchCost" name="test_cost_ok" time="0.105"><failure message="assert 0.11999999999999034 &lt; 0.05&#10; +  where 0.11999999999999034 = abs((90.79 - 90.91))&#10; +    where 90.91 = round((3.51 * 25.9), 2)">tests/test_iteration23.py:319: in test_cost_ok
    assert abs(julie["cost"] - round(julie["hours"] * 25.9, 2)) &lt; 0.05
E   assert 0.11999999999999034 &lt; 0.05
E    +  where 0.11999999999999034 = abs((90.79 - 90.91))
E    +    where 90.91 = round((3.51 * 25.9), 2)</failure></testcase><testcase classname="tests.test_iteration23.TestChat" name="test_create_invalid_type" time="0.098" /><testcase classname="tests.test_iteration23.TestPunchCost" name="test_cost_invalid_date" time="0.097" /><testcase classname="tests.test_iteration23.TestChat" name="test_create_julie_forbidden" time="0.093" /><testcase classname="tests.test_iteration23.TestPunchCost" name="test_cost_julie_forbidden" time="0.096" /><testcase classname="tests.test_iteration23.TestChat" name="test_list_conversations_julie_visibility" time="0.138" /><testcase classname="tests.test_iteration23.TestChat" name="test_message_send_and_validations" time="0.395" /><testcase classname="tests.test_iteration23.TestChat" name="test_julie_cannot_post_in_gestionnaires" time="0.209" /><testcase classname="tests.test_iteration23.TestChat" name="test_unread_flow" time="0.619" /><testcase classname="tests.test_iteration23.TestChat" name="test_delete_julie_forbidden" time="0.242" /><testcase classname="tests.test_iteration23.TestChat" name="test_delete_conversation_admin" time="0.300" /><testcase classname="tests.test_iteration23.TestChat" name="test_zz_cleanup" time="0.198" /></testsuite></testsuites>