<?xml version="1.0" encoding="utf-8"?><testsuites name="pytest tests"><testsuite name="pytest" errors="0" failures="0" skipped="0" tests="14" time="1.985" timestamp="2026-07-30T21:00:06.156433+00:00" hostname="agent-env-5f35255d-4b36-4220-a229-8613b5162e3a"><testcase classname="tests.test_iteration9.TestPaySettings" name="test_invalid_period_type_400" time="0.762" /><testcase classname="tests.test_iteration9.TestProfiles" name="test_employee_list_returns_only_own_profile" time="0.728" /><testcase classname="tests.test_iteration9.TestProfiles" name="test_employee_cannot_update_other_profile" time="0.117" /><testcase classname="tests.test_iteration9.TestPaySettings" name="test_get_pay_settings" time="0.053" /><testcase classname="tests.test_iteration9.TestPaySettings" name="test_set_and_reset_biweekly" time="0.141" /><testcase classname="tests.test_iteration9.TestProfiles" name="test_employee_can_update_own" time="0.151" /><testcase classname="tests.test_iteration9.TestPunchByCode" name="test_invalid_code_returns_404" time="0.101" /><testcase classname="tests.test_iteration9.TestProfiles" name="test_employee_cannot_generate_punch_code" time="0.073" /><testcase classname="tests.test_iteration9.TestPunchByCode" name="test_missing_code_field" time="0.052" /><testcase classname="tests.test_iteration9.TestScheduleApply" name="test_admin_apply_blocked_400_when_pending_approvals" time="0.244" /><testcase classname="tests.test_iteration9.TestScheduleApply" name="test_get_proposals_includes_demo" time="0.048" /><testcase classname="tests.test_iteration9.TestProfiles" name="test_admin_lists_all_profiles" time="0.420" /><testcase classname="tests.test_iteration9.TestPunchesSummary" name="test_summary_requires_auth" time="0.073" /><testcase classname="tests.test_iteration9.TestPunchesSummary" name="test_summary_admin_ok" time="0.074" /></testsuite></testsuites>