<?xml version="1.0" encoding="utf-8"?><testsuites name="pytest tests"><testsuite name="pytest" errors="0" failures="0" skipped="0" tests="8" time="2.455" timestamp="2026-08-04T01:23:52.521298+00:00" hostname="agent-env-5f35255d-4b36-4220-a229-8613b5162e3a"><testcase classname="tests.test_iteration40.TestTaskReminders" name="test_1_login" time="0.387" /><testcase classname="tests.test_iteration40.TestTaskReminders" name="test_2_create_pending_task" time="0.144" /><testcase classname="tests.test_iteration40.TestTaskReminders" name="test_3_first_reminder_run_sends" time="0.395" /><testcase classname="tests.test_iteration40.TestTaskReminders" name="test_4_second_reminder_run_dedup" time="0.369" /><testcase classname="tests.test_iteration40.TestTaskReminders" name="test_5_chat_has_task_reminder" time="0.239" /><testcase classname="tests.test_iteration40.TestTaskReminders" name="test_6_run_all_shifts_no_param" time="0.330" /><testcase classname="tests.test_iteration40.TestTaskReminders" name="test_7_requires_auth" time="0.116" /><testcase classname="tests.test_iteration40.TestTaskReminders" name="test_9_cleanup_task" time="0.142" /></testsuite></testsuites>