<?xml version="1.0" encoding="utf-8"?><testsuites name="pytest tests"><testsuite name="pytest" errors="0" failures="0" skipped="0" tests="21" time="44.197" timestamp="2026-07-30T21:51:30.027020+00:00" hostname="agent-env-5f35255d-4b36-4220-a229-8613b5162e3a"><testcase classname="tests.test_iteration10.TestPunchAdvanced" name="test_preview_valid_pin_in" time="0.423" /><testcase classname="tests.test_iteration10.TestReplacements" name="test_create_agency" time="0.702" /><testcase classname="tests.test_iteration10.TestReplacements" name="test_create_replacement_request" time="0.267" /><testcase classname="tests.test_iteration10.TestPunchAdvanced" name="test_preview_does_not_punch" time="0.472" /><testcase classname="tests.test_iteration10.TestPunchAdvanced" name="test_preview_invalid_pin" time="0.051" /><testcase classname="tests.test_iteration10.TestPunchAdvanced" name="test_open_punches_admin" time="0.107" /><testcase classname="tests.test_iteration10.TestReplacements" name="test_public_get_request_no_auth" time="0.124" /><testcase classname="tests.test_iteration10.TestPunchAdvanced" name="test_open_punches_requires_auth" time="0.106" /><testcase classname="tests.test_iteration10.TestReplacements" name="test_public_invalid_token_404" time="0.114" /><testcase classname="tests.test_iteration10.TestPunchAdvanced" name="test_export_csv_header" time="0.092" /><testcase classname="tests.test_iteration10.TestReplacements" name="test_public_submit_offer_no_auth" time="0.109" /><testcase classname="tests.test_iteration10.TestPunchAdvanced" name="test_export_csv_requires_auth" time="0.113" /><testcase classname="tests.test_iteration10.TestReplacements" name="test_admin_lists_offers" time="0.325" /><testcase classname="tests.test_iteration10.TestEvaluationsFullFlow" name="test_full_evaluation_flow" time="0.750" /><testcase classname="tests.test_iteration10.TestReplacements" name="test_choose_offer_and_lock" time="0.230" /><testcase classname="tests.test_iteration10.TestReplacements" name="test_no_new_offer_on_filled_request" time="0.677" /><testcase classname="tests.test_iteration10.TestEvaluationsFullFlow" name="test_employee_cannot_self_eval_other" time="0.271" /><testcase classname="tests.test_iteration10.TestEvaluationsFullFlow" name="test_refuse_then_repropose" time="1.052" /><testcase classname="tests.test_iteration10.TestTrainingsManual" name="test_manual_text_too_short" time="0.047" /><testcase classname="tests.test_iteration10.TestTrainingsManual" name="test_manual_text_creates_processing" time="0.047" /><testcase classname="tests.test_iteration10.TestTrainingsManual" name="test_update_title_still_works" time="41.213" /></testsuite></testsuites>