<?xml version="1.0" encoding="utf-8"?><testsuites name="pytest tests"><testsuite name="pytest" errors="0" failures="0" skipped="0" tests="4" time="3.599" timestamp="2026-07-30T16:32:00.085618+00:00" hostname="agent-env-5f35255d-4b36-4220-a229-8613b5162e3a"><testcase classname="tests.backend_test.TestTrimWhitespaceLoginFix" name="test_owner_login_with_padded_email_and_password" time="0.407" /><testcase classname="tests.backend_test.TestTrimWhitespaceLoginFix" name="test_owner_login_exact" time="0.270" /><testcase classname="tests.backend_test.TestTrimWhitespaceLoginFix" name="test_wrong_password_still_401_on_throwaway_email" time="0.049" /><testcase classname="tests.backend_test.TestTrimWhitespaceLoginFix" name="test_change_password_with_surrounding_spaces_roundtrip" time="2.484" /></testsuite></testsuites>