<?xml version="1.0" encoding="utf-8"?><testsuites name="pytest tests"><testsuite name="pytest" errors="0" failures="0" skipped="0" tests="7" time="2.653" timestamp="2026-07-30T22:24:32.934441+00:00" hostname="agent-env-5f35255d-4b36-4220-a229-8613b5162e3a"><testcase classname="tests.test_iteration11.TestChosenOfferEnrichment" name="test_setup_agency_and_request_and_choose" time="1.466" /><testcase classname="tests.test_iteration11.TestEvaluationReminders" name="test_setup_eval" time="0.725" /><testcase classname="tests.test_iteration11.TestEvaluationReminders" name="test_reminder_not_sent_when_recent" time="0.054" /><testcase classname="tests.test_iteration11.TestEvaluationReminders" name="test_reminder_after_backdating" time="0.274" /><testcase classname="tests.test_iteration11.TestEvaluationReminders" name="test_reminder_requires_auth" time="0.467" /><testcase classname="tests.test_iteration11.TestChosenOfferEnrichment" name="test_chosen_offer_enrichment_in_list" time="0.100" /><testcase classname="tests.test_iteration11.TestEvaluationRegression" name="test_full_flow_and_keep_for_frontend" time="0.673" /></testsuite></testsuites>