<?xml version="1.0" encoding="utf-8"?><testsuites name="pytest tests"><testsuite name="pytest" errors="0" failures="0" skipped="0" tests="45" time="14.000" timestamp="2026-07-30T20:26:59.139284+00:00" hostname="agent-env-5f35255d-4b36-4220-a229-8613b5162e3a"><testcase classname="tests.backend_test.TestLicensesJWT" name="test_list_no_token_401" time="0.144" /><testcase classname="tests.backend_test.TestAuthJWT" name="test_login_admin_ok" time="0.440" /><testcase classname="tests.backend_test.TestAuthJWT" name="test_login_bad_password" time="0.420" /><testcase classname="tests.backend_test.TestLicensesJWT" name="test_list_with_admin_bearer" time="0.721" /><testcase classname="tests.backend_test.TestLicensesJWT" name="test_create_and_get_license" time="0.309" /><testcase classname="tests.backend_test.TestLicensesJWT" name="test_report_60d" time="0.140" /><testcase classname="tests.backend_test.TestAuthJWT" name="test_me_with_token" time="0.439" /><testcase classname="tests.backend_test.TestAuthJWT" name="test_me_no_token" time="0.066" /><testcase classname="tests.backend_test.TestLicensesJWT" name="test_audit_admin_forbidden" time="0.061" /><testcase classname="tests.backend_test.TestAuthJWT" name="test_me_invalid_token" time="0.063" /><testcase classname="tests.backend_test.TestLicensesJWT" name="test_audit_superadmin_ok" time="0.558" /><testcase classname="tests.backend_test.TestAuthJWT" name="test_employee_login_and_licenses_forbidden" time="0.794" /><testcase classname="tests.backend_test.TestAdminUsers" name="test_list_requires_superadmin" time="0.664" /><testcase classname="tests.backend_test.TestAuthJWT" name="test_superadmin_temp_password_flag" time="0.382" /><testcase classname="tests.backend_test.TestAdminUsers" name="test_list_users_superadmin" time="0.065" /><testcase classname="tests.backend_test.TestAuthJWT" name="test_brute_force_lockout_via_public_url" time="1.632" /><testcase classname="tests.backend_test.TestAdminUsers" name="test_create_login_reset_suspend_delete" time="2.449" /><testcase classname="tests.backend_test.TestAuthJWT" name="test_valid_login_unaffected_by_other_email_lockout" time="1.986" /><testcase classname="tests.backend_test.TestAdminUsers" name="test_cannot_self_suspend_or_self_delete" time="0.377" /><testcase classname="tests.backend_test.TestAdminUsers" name="test_invalid_role" time="0.063" /><testcase classname="tests.backend_test.TestTrimWhitespaceLoginFix" name="test_owner_login_with_padded_email_and_password" time="0.449" /><testcase classname="tests.backend_test.TestTrimWhitespaceLoginFix" name="test_owner_login_exact" time="0.451" /><testcase classname="tests.backend_test.TestTrimWhitespaceLoginFix" name="test_wrong_password_still_401_on_throwaway_email" time="0.221" /><testcase classname="tests.test_iteration7.TestEmailSettings" name="test_get_settings_admin_ok" time="0.517" /><testcase classname="tests.backend_test.TestTrimWhitespaceLoginFix" name="test_change_password_with_surrounding_spaces_roundtrip" time="2.065" /><testcase classname="tests.test_iteration7.TestEmailSettings" name="test_post_admin_forbidden" time="0.223" /><testcase classname="tests.test_iteration7.TestEmailSettings" name="test_post_employee_forbidden" time="0.968" /><testcase classname="tests.test_iteration7.TestEmailSettings" name="test_post_no_token_401" time="0.285" /><testcase classname="tests.test_iteration7.TestEmailSettings" name="test_superadmin_save_and_restore" time="0.971" /><testcase classname="tests.backend_test.TestLicenseReminders" name="test_reminders_run_admin_ok" time="0.081" /><testcase classname="tests.backend_test.TestLicenseReminders" name="test_reminders_forbidden_without_token" time="0.110" /><testcase classname="tests.backend_test.TestLicenseReminders" name="test_reminders_forbidden_for_employee" time="0.067" /><testcase classname="tests.backend_test.TestLicenseReminders" name="test_reminder_sent_and_deduplicated" time="0.514" /><testcase classname="tests.test_iteration7.TestSuperadminOverview" name="test_admin_forbidden" time="0.069" /><testcase classname="tests.test_iteration7.TestSuperadminOverview" name="test_employee_forbidden" time="0.109" /><testcase classname="tests.test_iteration7.TestSuperadminOverview" name="test_no_token_401" time="0.069" /><testcase classname="tests.test_iteration7.TestSuperadminOverview" name="test_superadmin_ok" time="0.077" /><testcase classname="tests.backend_test.TestChangePassword" name="test_change_password_wrong_current" time="0.290" /><testcase classname="tests.test_iteration7.TestTrainingUploadGuards" name="test_upload_rejects_non_pdf" time="0.287" /><testcase classname="tests.backend_test.TestChangePassword" name="test_change_password_success_and_restore" time="2.987" /><testcase classname="tests.test_iteration7.TestTrainingUploadGuards" name="test_upload_requires_auth" time="0.288" /><testcase classname="tests.test_iteration7.TestAttempts" name="test_wrong_answer_count_400" time="0.504" /><testcase classname="tests.test_iteration7.TestAttempts" name="test_attempt_requires_auth" time="0.286" /><testcase classname="tests.test_iteration7.TestTrainingsList" name="test_admin_sees_correct_index" time="0.458" /><testcase classname="tests.test_iteration7.TestTrainingsList" name="test_employee_hides_correct_index" time="0.370" /></testsuite></testsuites>