<?xml version="1.0" encoding="utf-8"?><testsuites name="pytest tests"><testsuite name="pytest" errors="0" failures="0" skipped="0" tests="8" time="3.308" timestamp="2026-08-01T02:03:16.711925+00:00" hostname="agent-env-5f35255d-4b36-4220-a229-8613b5162e3a"><testcase classname="tests.test_iteration28.TestPrivacyConsent" name="test_accept_privacy_requires_auth" time="0.379" /><testcase classname="tests.test_iteration28.TestAnonymize" name="test_anonymize_forbidden_for_employee" time="0.715" /><testcase classname="tests.test_iteration28.TestAnonymize" name="test_anonymize_admin_ok_on_fake_id" time="0.437" /><testcase classname="tests.test_iteration28.TestPrivacyConsent" name="test_julie_already_accepted" time="0.665" /><testcase classname="tests.test_iteration28.TestPrivacyConsent" name="test_accept_privacy_persists" time="0.608" /><testcase classname="tests.test_iteration28.TestAnonymize" name="test_anonymize_requires_auth" time="0.240" /><testcase classname="tests.test_iteration28.TestUnusualIP" name="test_login_events_record_ip_and_flag_field" time="1.210" /><testcase classname="tests.test_iteration28.TestUnusualIP" name="test_login_events_forbidden_for_non_super" time="0.100" /></testsuite></testsuites>