<?xml version="1.0" encoding="utf-8"?><testsuites name="pytest tests"><testsuite name="pytest" errors="0" failures="0" skipped="0" tests="23" time="6.171" timestamp="2026-08-03T00:12:32.068291+00:00" hostname="agent-env-5f35255d-4b36-4220-a229-8613b5162e3a"><testcase classname="tests.test_iteration35" name="test_admin_and_julie_login" time="2.292" /><testcase classname="tests.test_iteration35" name="test_admin_sets_allocations_for_julie" time="0.129" /><testcase classname="tests.test_iteration35" name="test_allocation_invalid_value_400" time="0.107" /><testcase classname="tests.test_iteration35" name="test_employee_cannot_set_allocations" time="0.100" /><testcase classname="tests.test_iteration35" name="test_balances_admin_sees_all" time="0.105" /><testcase classname="tests.test_iteration35" name="test_balances_employee_only_own" time="0.103" /><testcase classname="tests.test_iteration35" name="test_create_leave_invalid_type_400" time="0.101" /><testcase classname="tests.test_iteration35" name="test_create_leave_invalid_dates_400" time="0.105" /><testcase classname="tests.test_iteration35" name="test_create_leave_bad_date_format_400" time="0.099" /><testcase classname="tests.test_iteration35" name="test_julie_lists_own_only_no_history" time="0.285" /><testcase classname="tests.test_iteration35" name="test_admin_lists_all_with_history" time="0.106" /><testcase classname="tests.test_iteration35" name="test_employee_cannot_decide" time="0.154" /><testcase classname="tests.test_iteration35" name="test_admin_approves_and_balance_deducted" time="0.257" /><testcase classname="tests.test_iteration35" name="test_decide_already_processed_400" time="0.103" /><testcase classname="tests.test_iteration35" name="test_delete_approved_leave_400" time="0.113" /><testcase classname="tests.test_iteration35" name="test_absences_julie_sees_type_absence_only" time="0.107" /><testcase classname="tests.test_iteration35" name="test_absences_admin_sees_real_type" time="0.104" /><testcase classname="tests.test_iteration35" name="test_julie_leave_requests_never_include_others" time="0.211" /><testcase classname="tests.test_iteration35" name="test_julie_cancels_own_pending" time="0.211" /><testcase classname="tests.test_iteration35" name="test_admin_creates_for_specific_employee" time="0.105" /><testcase classname="tests.test_iteration35" name="test_bulk_import_is_idempotent" time="0.587" /><testcase classname="tests.test_iteration35" name="test_bulk_import_forbidden_for_employee" time="0.117" /><testcase classname="tests.test_iteration35" name="test_admin_notification_for_new_leave" time="0.235" /></testsuite></testsuites>