<?xml version="1.0" encoding="utf-8"?><testsuites name="pytest tests"><testsuite name="pytest" errors="0" failures="0" skipped="1" tests="8" time="3.122" timestamp="2026-07-30T23:38:06.372131+00:00" hostname="agent-env-5f35255d-4b36-4220-a229-8613b5162e3a"><testcase classname="tests.test_iteration14.TestTaskStats" name="test_admin_stats_shape" time="0.507" /><testcase classname="tests.test_iteration14.TestTaskStats" name="test_employee_stats_scoped_to_self" time="1.200" /><testcase classname="tests.test_iteration14.TestTasksBulk" name="test_bulk_admin_creates_n" time="0.594" /><testcase classname="tests.test_iteration14.TestTasksBulk" name="test_bulk_employee_forbidden" time="0.111" /><testcase classname="tests.test_iteration14.TestQualificationWarning" name="test_qualif_out_of_capacities_true" time="0.201" /><testcase classname="tests.test_iteration14.TestQualificationWarning" name="test_qualif_in_capacities_false" time="0.220" /><testcase classname="tests.test_iteration14.TestQualificationWarning" name="test_qualif_unassigned_false" time="0.218" /><testcase classname="tests.test_iteration14.TestScheduleGenPayload" name="test_schedule_generate_accepts_absences_field" time="0.000"><skipped type="pytest.skip" message="Skipping real AI schedule generation to avoid cost — validated by main agent via curl.">/app/backend/tests/test_iteration14.py:217: Skipping real AI schedule generation to avoid cost — validated by main agent via curl.</skipped></testcase></testsuite></testsuites>