<?xml version="1.0" encoding="utf-8"?><testsuites name="pytest tests"><testsuite name="pytest" errors="0" failures="0" skipped="4" tests="134" time="31.842" timestamp="2026-08-25T20:13:13.187079+00:00" hostname="agent-env-5f35255d-4b36-4220-a229-8613b5162e3a"><testcase classname="tests.test_iteration47.TestPriorite1IsolationLeo" name="test_leo_no_ph1_data[/hr-state]" time="2.572" /><testcase classname="tests.test_iteration47.TestPriorite1IsolationSuperadmin" name="test_superadmin_no_hr_data[/hr-state]" time="2.566" /><testcase classname="tests.test_iteration47.TestPriorite1IsolationSuperadmin" name="test_superadmin_no_hr_data[/shifts]" time="0.148" /><testcase classname="tests.test_iteration47.TestPriorite1IsolationLeo" name="test_leo_no_ph1_data[/shifts]" time="0.219" /><testcase classname="tests.test_iteration47.TestPriorite1IsolationSuperadmin" name="test_superadmin_no_hr_data[/tasks?start=2026-08-01&amp;end=2026-08-31]" time="0.137" /><testcase classname="tests.test_iteration47.TestPriorite1IsolationLeo" name="test_leo_no_ph1_data[/tasks?start=2026-08-01&amp;end=2026-08-31]" time="0.121" /><testcase classname="tests.test_iteration47.TestPriorite1IsolationSuperadmin" name="test_superadmin_no_hr_data[/leave/requests]" time="0.149" /><testcase classname="tests.test_iteration47.TestPriorite1IsolationLeo" name="test_leo_no_ph1_data[/tasks/goal?start=2026-08-03]" time="0.158" /><testcase classname="tests.test_iteration47.TestPriorite1IsolationSuperadmin" name="test_superadmin_no_hr_data[/benefits]" time="0.136" /><testcase classname="tests.test_iteration47.TestPriorite1IsolationLeo" name="test_leo_no_ph1_data[/tasks/honor-roll?month=2026-08]" time="0.157" /><testcase classname="tests.test_iteration47.TestPriorite1IsolationSuperadmin" name="test_superadmin_no_hr_data[/punches/summary?start=2026-01-01&amp;end=2026-12-31]" time="0.152" /><testcase classname="tests.test_iteration47.TestPriorite1IsolationLeo" name="test_leo_no_ph1_data[/leave/requests]" time="0.141" /><testcase classname="tests.test_iteration47.TestPriorite1IsolationSuperadmin" name="test_superadmin_no_hr_data[/evaluations]" time="0.185" /><testcase classname="tests.test_iteration47.TestPriorite1IsolationLeo" name="test_leo_no_ph1_data[/leave/absences]" time="0.109" /><testcase classname="tests.test_iteration47.TestPriorite1IsolationSuperadmin" name="test_superadmin_no_hr_data[/deliveries]" time="0.150" /><testcase classname="tests.test_iteration47.TestPriorite1IsolationLeo" name="test_leo_no_ph1_data[/leave/balances]" time="0.224" /><testcase classname="tests.test_iteration47.TestPriorite1IsolationSuperadmin" name="test_superadmin_no_hr_data[/open-shifts]" time="0.137" /><testcase classname="tests.test_iteration47.TestPriorite1IsolationLeo" name="test_leo_no_ph1_data[/leave/policy]" time="0.129" /><testcase classname="tests.test_iteration47.TestPriorite1IsolationSuperadmin" name="test_superadmin_no_hr_data[/polls]" time="0.170" /><testcase classname="tests.test_iteration47.TestPriorite1IsolationLeo" name="test_leo_no_ph1_data[/benefits]" time="0.184" /><testcase classname="tests.test_iteration47.TestPriorite1IsolationSuperadmin" name="test_superadmin_no_hr_data[/kudos]" time="0.185" /><testcase classname="tests.test_iteration47.TestPriorite1IsolationLeo" name="test_leo_no_ph1_data[/punches?start=2026-01-01&amp;end=2026-12-31]" time="0.171" /><testcase classname="tests.test_iteration47.TestPriorite1IsolationSuperadmin" name="test_superadmin_no_hr_data[/announcements]" time="0.173" /><testcase classname="tests.test_iteration47.TestPriorite1IsolationLeo" name="test_leo_no_ph1_data[/punches/summary?start=2026-01-01&amp;end=2026-12-31]" time="0.148" /><testcase classname="tests.test_iteration47.TestPriorite1IsolationSuperadmin" name="test_superadmin_no_hr_data[/trainings]" time="0.160" /><testcase classname="tests.test_iteration47.TestPriorite1IsolationLeo" name="test_leo_no_ph1_data[/punches/open]" time="0.151" /><testcase classname="tests.test_iteration47.TestPriorite1IsolationSuperadmin" name="test_superadmin_hr_state_null" time="0.130" /><testcase classname="tests.test_iteration47.TestPriorite1IsolationLeo" name="test_leo_no_ph1_data[/punch/settings]" time="0.175" /><testcase classname="tests.test_iteration47.TestPriorite1IsolationSuperadmin" name="test_superadmin_cross_pharmacy_endpoints[/licenses]" time="0.165" /><testcase classname="tests.test_iteration47.TestPriorite1IsolationLeo" name="test_leo_no_ph1_data[/punch/cost?start=2026-01-01&amp;end=2026-12-31]" time="0.163" /><testcase classname="tests.test_iteration47.TestPriorite1IsolationSuperadmin" name="test_superadmin_cross_pharmacy_endpoints[/evaluations]" time="0.215" /><testcase classname="tests.test_iteration47.TestPriorite1IsolationLeo" name="test_leo_no_ph1_data[/licenses]" time="0.168" /><testcase classname="tests.test_iteration47.TestPriorite1IsolationSuperadmin" name="test_superadmin_cross_pharmacy_endpoints[/trainings]" time="0.137" /><testcase classname="tests.test_iteration47.TestPriorite1IsolationLeo" name="test_leo_no_ph1_data[/evaluations]" time="0.161" /><testcase classname="tests.test_iteration47.TestPriorite1IsolationSuperadmin" name="test_superadmin_cross_pharmacy_endpoints[/profiles]" time="0.180" /><testcase classname="tests.test_iteration47.TestPriorite1IsolationLeo" name="test_leo_no_ph1_data[/deliveries]" time="0.186" /><testcase classname="tests.test_iteration47.TestPriorite1IsolationSuperadmin" name="test_superadmin_cross_pharmacy_endpoints[/schedule/proposals]" time="0.162" /><testcase classname="tests.test_iteration47.TestPriorite1IsolationLeo" name="test_leo_no_ph1_data[/deliveries/proofs]" time="0.156" /><testcase classname="tests.test_iteration47.TestPriorite1IsolationLeo" name="test_leo_no_ph1_data[/announcements]" time="0.335" /><testcase classname="tests.test_iteration47.TestPriorite1IsolationLeo" name="test_leo_no_ph1_data[/polls]" time="0.145" /><testcase classname="tests.test_iteration45.TestHrStateSync" name="test_get_shape" time="0.545" /><testcase classname="tests.test_iteration47.TestPriorite1IsolationLeo" name="test_leo_no_ph1_data[/kudos]" time="0.154" /><testcase classname="tests.test_iteration45.TestHrStateSync" name="test_put_strips_shifts_and_persists" time="0.154" /><testcase classname="tests.test_iteration47.TestPriorite1IsolationLeo" name="test_leo_no_ph1_data[/open-shifts]" time="0.161" /><testcase classname="tests.test_iteration45.TestHrStateSync" name="test_wipe_guard_rejects_emptied_lists" time="0.241" /><testcase classname="tests.test_iteration47.TestPriorite1IsolationLeo" name="test_leo_no_ph1_data[/appointments?start=2026-01-01&amp;end=2026-12-31]" time="0.176" /><testcase classname="tests.test_iteration47.TestPriorite1IsolationLeo" name="test_leo_no_ph1_data[/time-bank]" time="0.205" /><testcase classname="tests.test_iteration47.TestPriorite1IsolationLeo" name="test_leo_no_ph1_data[/sst]" time="0.139"><skipped type="pytest.skip" message="/sst inexistant (404)">/app/backend/tests/test_iteration47.py:80: /sst inexistant (404)</skipped></testcase><testcase classname="tests.test_iteration45.TestHrStateSync" name="test_same_pharmacy_users_share_state" time="0.460" /><testcase classname="tests.test_iteration47.TestPriorite1IsolationLeo" name="test_leo_no_ph1_data[/work-stations]" time="0.215" /><testcase classname="tests.test_iteration45.TestHrStateSync" name="test_employee_write_is_merged_not_full" time="0.259" /><testcase classname="tests.test_iteration47.TestPriorite1IsolationLeo" name="test_leo_no_ph1_data[/hr-custom-fields]" time="0.158"><skipped type="pytest.skip" message="/hr-custom-fields inexistant (404)">/app/backend/tests/test_iteration47.py:80: /hr-custom-fields inexistant (404)</skipped></testcase><testcase classname="tests.test_iteration45.TestHrStateSync" name="test_large_state_rejected" time="0.703" /><testcase classname="tests.test_iteration47.TestPriorite1IsolationLeo" name="test_leo_no_ph1_data[/agencies]" time="0.160" /><testcase classname="tests.test_iteration47.TestPriorite1IsolationLeo" name="test_leo_no_ph1_data[/replacements/requests]" time="0.157" /><testcase classname="tests.test_iteration47.TestPriorite1IsolationLeo" name="test_leo_no_ph1_data[/chat/conversations]" time="0.206" /><testcase classname="tests.test_iteration47.TestPriorite1IsolationLeo" name="test_leo_no_ph1_data[/chat/users]" time="0.143" /><testcase classname="tests.test_iteration47.TestPriorite1IsolationLeo" name="test_leo_no_ph1_data[/schedule/settings]" time="0.296" /><testcase classname="tests.test_iteration47.TestPriorite1IsolationLeo" name="test_leo_no_ph1_data[/schedule/proposals]" time="0.188" /><testcase classname="tests.test_iteration46.TestPayroll" name="test_export_payroll[nethris]" time="0.762" /><testcase classname="tests.test_iteration47.TestPriorite1IsolationLeo" name="test_leo_no_ph1_data[/schedule/templates]" time="0.158" /><testcase classname="tests.test_iteration47.TestPriorite1IsolationLeo" name="test_leo_no_ph1_data[/trainings]" time="0.295" /><testcase classname="tests.test_iteration46.TestPayroll" name="test_export_payroll[adp]" time="0.080" /><testcase classname="tests.test_iteration46.TestPayroll" name="test_export_payroll[employeurd]" time="0.453" /><testcase classname="tests.test_iteration47.TestPriorite1IsolationLeo" name="test_leo_no_ph1_data[/notifications]" time="0.315" /><testcase classname="tests.test_iteration47.TestPriorite1IsolationLeo" name="test_leo_no_ph1_data[/pay-settings]" time="0.280" /><testcase classname="tests.test_iteration47.TestPriorite1IsolationLeo" name="test_leo_no_ph1_data[/pharmacy/settings]" time="0.204" /><testcase classname="tests.test_iteration46.TestPayroll" name="test_export_forbidden_employee" time="0.418" /><testcase classname="tests.test_iteration46.TestPayroll" name="test_budgets_report_csv" time="0.162" /><testcase classname="tests.test_iteration47.TestPriorite1IsolationLeo" name="test_leo_no_ph1_data[/report-settings]" time="0.194" /><testcase classname="tests.test_iteration46.TestPayroll" name="test_pay_settings" time="0.067" /><testcase classname="tests.test_iteration46.TestContent" name="test_benefits_admin_vs_employee" time="0.182" /><testcase classname="tests.test_iteration47.TestPriorite1IsolationLeo" name="test_leo_no_ph1_data[/security-settings]" time="0.147" /><testcase classname="tests.test_iteration46.TestContent" name="test_trainings" time="0.238" /><testcase classname="tests.test_iteration47.TestPriorite1IsolationLeo" name="test_leo_no_ph1_data[/email-settings]" time="0.165" /><testcase classname="tests.test_iteration47.TestPriorite1IsolationLeo" name="test_leo_no_ph1_data[/reports/budget-history]" time="0.161" /><testcase classname="tests.test_iteration46.TestContent" name="test_notifications" time="0.205" /><testcase classname="tests.test_iteration47.TestPriorite1IsolationLeo" name="test_leo_no_ph1_data[/branches]" time="0.193"><skipped type="pytest.skip" message="/branches inexistant (404)">/app/backend/tests/test_iteration47.py:80: /branches inexistant (404)</skipped></testcase><testcase classname="tests.test_iteration46.TestContent" name="test_open_shifts_and_team" time="0.378" /><testcase classname="tests.test_iteration47.TestPriorite1IsolationLeo" name="test_leo_no_ph1_data[/profiles]" time="0.209" /><testcase classname="tests.test_iteration47.TestPriorite1IsolationLeo" name="test_leo_no_ph1_data[/documents]" time="0.146"><skipped type="pytest.skip" message="/documents inexistant (404)">/app/backend/tests/test_iteration47.py:80: /documents inexistant (404)</skipped></testcase><testcase classname="tests.test_iteration46.TestContent" name="test_appointments_and_deliveries" time="0.281" /><testcase classname="tests.test_iteration47.TestPriorite1IsolationLeo" name="test_leo_no_ph1_data[/document-requests]" time="0.146" /><testcase classname="tests.test_iteration47.TestPriorite1IsolationLeo" name="test_leo_hr_state_only_own_employee" time="0.222" /><testcase classname="tests.test_iteration46.TestContent" name="test_licenses_and_chat" time="0.246" /><testcase classname="tests.test_iteration47.TestPriorite1IsolationLeo" name="test_leo_shifts_empty" time="0.130" /><testcase classname="tests.test_iteration47.TestRegressionPh1" name="test_admin_sees_own_employees_and_payroll" time="0.285" /><testcase classname="tests.test_iteration47.TestRegressionPh1" name="test_admin_shifts_present" time="0.319" /><testcase classname="tests.test_iteration47.TestRegressionPh1" name="test_shift_create_delete" time="0.782" /><testcase classname="tests.test_iteration46.TestAuth" name="test_login_roles" time="0.682" /><testcase classname="tests.test_iteration46.TestAuth" name="test_bad_password" time="0.083" /><testcase classname="tests.test_iteration46.TestAuth" name="test_me" time="0.207" /><testcase classname="tests.test_iteration46.TestAuth" name="test_me_without_token" time="0.122" /><testcase classname="tests.test_iteration46.TestAuth" name="test_security_settings_defaults" time="0.089" /><testcase classname="tests.test_iteration46.TestSchedule" name="test_settings" time="0.129" /><testcase classname="tests.test_iteration46.TestSchedule" name="test_publish_week" time="0.418" /><testcase classname="tests.test_iteration47.TestRegressionPh1" name="test_employee_julie_sees_own_data" time="0.164" /><testcase classname="tests.test_iteration47.TestRegressionPh1" name="test_auth_me_scoping" time="0.271" /><testcase classname="tests.test_iteration46.TestSchedule" name="test_publish_forbidden_for_employee" time="0.077" /><testcase classname="tests.test_iteration46.TestSchedule" name="test_templates_list" time="0.082" /><testcase classname="tests.test_iteration46.TestPerformance" name="test_hot_endpoint_under_1_5s[/api/shifts]" time="0.367" /><testcase classname="tests.test_iteration46.TestPunch" name="test_preview_and_punch_cycle" time="0.670" /><testcase classname="tests.test_iteration46.TestPerformance" name="test_hot_endpoint_under_1_5s[/api/hr-state]" time="0.178" /><testcase classname="tests.test_iteration46.TestPerformance" name="test_hot_endpoint_under_1_5s[/api/notifications]" time="0.177" /><testcase classname="tests.test_iteration46.TestPunch" name="test_bad_pin" time="0.092" /><testcase classname="tests.test_iteration46.TestPerformance" name="test_hot_endpoint_under_1_5s[/api/tasks?start=2026-08-17&amp;end=2026-08-23]" time="0.179" /><testcase classname="tests.test_iteration46.TestPunch" name="test_summary_admin" time="0.087" /><testcase classname="tests.test_iteration46.TestPunch" name="test_punch_settings" time="0.233" /><testcase classname="tests.test_iteration47.TestPriorite3Pharmacies" name="test_list_pharmacies" time="0.222" /><testcase classname="tests.test_iteration47.TestPriorite3Pharmacies" name="test_create_requires_name" time="0.311" /><testcase classname="tests.test_iteration47.TestPriorite3Pharmacies" name="test_create_update_pharmacy" time="0.733" /><testcase classname="tests.test_iteration45.TestHrStateAuth" name="test_get_without_token" time="0.593" /><testcase classname="tests.test_iteration45.TestHrStateAuth" name="test_put_without_token" time="0.103" /><testcase classname="tests.test_iteration45.TestHrStateAuth" name="test_put_invalid_payload" time="0.183" /><testcase classname="tests.test_iteration47.TestPriorite2CompteSansPharmacie" name="test_create_admin_without_pharmacy_rejected" time="0.224" /><testcase classname="tests.test_iteration47.TestPriorite2CompteSansPharmacie" name="test_create_admin_unknown_pharmacy_rejected" time="0.296" /><testcase classname="tests.test_iteration47.TestPriorite3Pharmacies" name="test_update_unknown_pharmacy_404" time="0.138" /><testcase classname="tests.test_iteration46.TestLeave" name="test_request_approve_flow" time="0.596" /><testcase classname="tests.test_iteration47.TestPriorite2CompteSansPharmacie" name="test_create_superadmin_without_pharmacy_ok" time="1.060" /><testcase classname="tests.test_iteration46.TestLeave" name="test_balances" time="0.094" /><testcase classname="tests.test_iteration46.TestLeave" name="test_policy" time="0.084" /><testcase classname="tests.test_iteration46.TestShiftEmployeeName" name="test_post_shift_stores_employee_name" time="0.272" /><testcase classname="tests.test_iteration46.TestShiftEmployeeName" name="test_employee_cannot_write_shifts" time="0.071" /><testcase classname="tests.test_iteration46.TestTasks" name="test_tasks_list_stats_goal" time="0.543" /><testcase classname="tests.test_iteration46.TestTasks" name="test_task_create_toggle_delete" time="0.557" /><testcase classname="tests.test_iteration45.TestShiftsRegression" name="test_shifts_get" time="0.556" /><testcase classname="tests.test_iteration45.TestShiftsRegression" name="test_shift_crud" time="0.473" /><testcase classname="tests.test_iteration47.TestPriorite1IsolationPh1" name="test_admin_ph1_no_leo_data" time="0.196" /><testcase classname="tests.test_iteration47.TestAuthHardening" name="test_bcrypt_hash_format" time="0.072" /><testcase classname="tests.test_iteration47.TestAuthHardening" name="test_no_token_401" time="0.175" /><testcase classname="tests.test_iteration47.TestPriorite1IsolationPh1" name="test_admin_ph1_pharmacies_forbidden" time="0.152" /><testcase classname="tests.test_iteration46.TestHrStateSecurity" name="test_employee_put_does_not_wipe_sensitive_lists" time="1.050" /><testcase classname="tests.test_iteration45" name="test_zz_cleanup" time="0.786" /><testcase classname="tests.test_iteration46.TestScheduleAI" name="test_generate_and_delete" time="12.399" /></testsuite></testsuites>