<?xml version="1.0" encoding="utf-8"?><testsuites name="pytest tests"><testsuite name="pytest" errors="0" failures="2" skipped="0" tests="26" time="4.820" timestamp="2026-07-31T00:34:31.892284+00:00" hostname="agent-env-5f35255d-4b36-4220-a229-8613b5162e3a"><testcase classname="tests.test_iteration17.TestGlobalPartners" name="test_admin_cannot_list_partners" time="2.129" /><testcase classname="tests.test_iteration17.TestDeliveries" name="test_manager_creates_delivery" time="2.480" /><testcase classname="tests.test_iteration17.TestGlobalPartners" name="test_super_get_partners_has_demo" time="0.112" /><testcase classname="tests.test_iteration17.TestGlobalPartners" name="test_super_create_missing_roles" time="0.098" /><testcase classname="tests.test_iteration17.TestGlobalPartners" name="test_super_create_and_delete" time="0.204" /><testcase classname="tests.test_iteration17.TestDeliveries" name="test_admin_sees_all" time="0.144" /><testcase classname="tests.test_iteration17.TestGlobalPartners" name="test_agencies_include_global" time="0.108" /><testcase classname="tests.test_iteration17.TestDeliveries" name="test_julie_only_sees_own" time="0.129" /><testcase classname="tests.test_iteration17.TestGlobalPartners" name="test_replacement_request_emails_partner" time="0.261" /><testcase classname="tests.test_iteration17.TestDeliveries" name="test_julie_updates_en_route" time="0.106" /><testcase classname="tests.test_iteration17.TestDeliveries" name="test_julie_updates_livree" time="0.107" /><testcase classname="tests.test_iteration17.TestGlobalPartners" name="test_cleanup_requests" time="0.106" /><testcase classname="tests.test_iteration17.TestDeliveries" name="test_invalid_status" time="0.107" /><testcase classname="tests.test_iteration17.TestHonorRollAndGoal" name="test_honor_roll_admin" time="0.100" /><testcase classname="tests.test_iteration17.TestDeliveries" name="test_unassigned_employee_403" time="0.327" /><testcase classname="tests.test_iteration17.TestHonorRollAndGoal" name="test_honor_roll_employee" time="0.145" /><testcase classname="tests.test_iteration17.TestHonorRollAndGoal" name="test_goal_get" time="0.104" /><testcase classname="tests.test_iteration17.TestHonorRollAndGoal" name="test_goal_invalid_target" time="0.113" /><testcase classname="tests.test_iteration17.TestDeliveries" name="test_invalid_priority" time="0.147" /><testcase classname="tests.test_iteration17.TestHonorRollAndGoal" name="test_goal_employee_forbidden" time="0.119" /><testcase classname="tests.test_iteration17.TestDeliveries" name="test_admin_delete" time="0.106" /><testcase classname="tests.test_iteration17.TestHonorRollAndGoal" name="test_goal_reset_to_80" time="0.884" /><testcase classname="tests.test_iteration17.TestManagerRole" name="test_manager_login_role" time="0.000" /><testcase classname="tests.test_iteration17.TestManagerRole" name="test_manager_licenses_report" time="0.101" /><testcase classname="tests.test_iteration17.TestManagerRole" name="test_manager_can_create_task" time="0.098"><failure message="AssertionError: {&quot;detail&quot;:[{&quot;type&quot;:&quot;missing&quot;,&quot;loc&quot;:[&quot;body&quot;,&quot;date&quot;],&quot;msg&quot;:&quot;Field required&quot;,&quot;input&quot;:{&quot;title&quot;:&quot;TEST_manager_task_it17&quot;,&quot;assigned_to&quot;:&quot;e2&quot;,&quot;due_date&quot;:&quot;2026-08-15&quot;},&quot;url&quot;:&quot;https://errors.pydantic.dev/2.13/&#10;assert 422 in (200, 201)&#10; +  where 422 = &lt;Response [422]&gt;.status_code">backend/tests/test_iteration17.py:52: in test_manager_can_create_task
    assert r.status_code in (200, 201), r.text[:200]
E   AssertionError: {"detail":[{"type":"missing","loc":["body","date"],"msg":"Field required","input":{"title":"TEST_manager_task_it17","assigned_to":"e2","due_date":"2026-08-15"},"url":"https://errors.pydantic.dev/2.13/
E   assert 422 in (200, 201)
E    +  where 422 = &lt;Response [422]&gt;.status_code</failure></testcase><testcase classname="tests.test_iteration17.TestManagerRole" name="test_manager_tasks_stats" time="0.109"><failure message="AssertionError: assert 1 &gt;= 2&#10; +  where 1 = len([{'name': 'Julie Lavoie', 'total': 4, 'done': 4, 'team_checks': 0, ...}])">backend/tests/test_iteration17.py:64: in test_manager_tasks_stats
    assert len(data["by_employee"]) &gt;= 2  # multi-employee visibility
    ^^^^^^^^^^^^^^^^^^^^^^^^^^^^^^^^^^^^
E   AssertionError: assert 1 &gt;= 2
E    +  where 1 = len([{'name': 'Julie Lavoie', 'total': 4, 'done': 4, 'team_checks': 0, ...}])</failure></testcase></testsuite></testsuites>