<?xml version="1.0" encoding="utf-8"?><testsuites name="pytest tests"><testsuite name="pytest" errors="0" failures="0" skipped="0" tests="14" time="8.432" timestamp="2026-07-31T02:25:21.900831+00:00" hostname="agent-env-5f35255d-4b36-4220-a229-8613b5162e3a"><testcase classname="tests.test_iteration21.TestScheduleSettings" name="test_get_returns_shape" time="0.581" /><testcase classname="tests.test_iteration21.TestScheduleGenerateErrors" name="test_invalid_week_start_400" time="0.912" /><testcase classname="tests.test_iteration21.TestScheduleSettings" name="test_get_employee_ok" time="0.433" /><testcase classname="tests.test_iteration21.TestScheduleGenerateErrors" name="test_no_employees_400" time="0.103" /><testcase classname="tests.test_iteration21.TestScheduleSettings" name="test_put_admin_normalizes_and_persists" time="0.442" /><testcase classname="tests.test_iteration21.TestScheduleGenerateErrors" name="test_generate_forbidden_for_employee" time="0.439" /><testcase classname="tests.test_iteration21.TestScheduleGenerateWithBudget" name="test_generate_kickoff_and_wait" time="6.354" /><testcase classname="tests.test_iteration21.TestScheduleSettings" name="test_put_bounds_500" time="0.127" /><testcase classname="tests.test_iteration21.TestScheduleSettings" name="test_put_negative_budget_400" time="0.110" /><testcase classname="tests.test_iteration21.TestScheduleSettings" name="test_put_traffic_invalid_type_400" time="0.109" /><testcase classname="tests.test_iteration21.TestScheduleSettings" name="test_put_forbidden_for_employee" time="0.112" /><testcase classname="tests.test_iteration21.TestScheduleSettings" name="test_cleanup_reset_to_zero" time="0.106" /><testcase classname="tests.test_iteration21.TestScheduleGenerateWithBudget" name="test_cleanup_delete_proposal" time="0.109" /><testcase classname="tests.test_iteration21.TestRegressionDemo" name="test_demo_proposal_still_listed" time="0.117" /></testsuite></testsuites>