<?xml version="1.0" encoding="utf-8"?><testsuites name="pytest tests"><testsuite name="pytest" errors="0" failures="0" skipped="0" tests="11" time="2.180" timestamp="2026-08-21T05:20:15.646630+00:00" hostname="agent-env-5f35255d-4b36-4220-a229-8613b5162e3a"><testcase classname="tests.test_iteration45.TestHrStateAuth" name="test_get_without_token" time="0.426" /><testcase classname="tests.test_iteration45.TestHrStateAuth" name="test_put_without_token" time="0.055" /><testcase classname="tests.test_iteration45.TestHrStateSync" name="test_get_shape" time="0.485" /><testcase classname="tests.test_iteration45.TestHrStateSync" name="test_put_strips_shifts_and_persists" time="0.331" /><testcase classname="tests.test_iteration45.TestHrStateAuth" name="test_put_invalid_payload" time="0.353" /><testcase classname="tests.test_iteration45.TestShiftsRegression" name="test_shifts_get" time="0.266" /><testcase classname="tests.test_iteration45.TestHrStateSync" name="test_same_pharmacy_users_share_state" time="0.392" /><testcase classname="tests.test_iteration45.TestShiftsRegression" name="test_shift_crud" time="0.277" /><testcase classname="tests.test_iteration45.TestHrStateSync" name="test_employee_can_write_state" time="0.115" /><testcase classname="tests.test_iteration45.TestHrStateSync" name="test_large_state_rejected" time="0.507" /><testcase classname="tests.test_iteration45" name="test_zz_cleanup" time="0.110" /></testsuite></testsuites>