<?xml version="1.0" encoding="utf-8"?><testsuites name="pytest tests"><testsuite name="pytest" errors="0" failures="0" skipped="0" tests="21" time="7.072" timestamp="2026-08-03T02:07:57.877717+00:00" hostname="agent-env-5f35255d-4b36-4220-a229-8613b5162e3a"><testcase classname="tests.test_iteration37.TestOpenShifts" name="test_create_open_shift" time="0.738" /><testcase classname="tests.test_iteration37.TestPollsKudos" name="test_create_poll" time="0.738" /><testcase classname="tests.test_iteration37.TestOpenShifts" name="test_list_open_shifts" time="0.327" /><testcase classname="tests.test_iteration37.TestPollsKudos" name="test_vote_julie" time="0.665" /><testcase classname="tests.test_iteration37.TestPollsKudos" name="test_vote_second_time_rejected" time="0.145" /><testcase classname="tests.test_iteration37.TestOpenShifts" name="test_claim_open_shift_julie" time="0.488" /><testcase classname="tests.test_iteration37.TestPollsKudos" name="test_close_poll" time="0.444" /><testcase classname="tests.test_iteration37.TestOpenShifts" name="test_claim_second_time_conflict" time="0.112" /><testcase classname="tests.test_iteration37.TestOpenShifts" name="test_delete_open_shift" time="0.230" /><testcase classname="tests.test_iteration37.TestBirthdays" name="test_birth_date_validation_invalid" time="0.189" /><testcase classname="tests.test_iteration37.TestPollsKudos" name="test_delete_poll" time="0.103" /><testcase classname="tests.test_iteration37.TestBirthdays" name="test_birth_date_valid" time="0.103" /><testcase classname="tests.test_iteration37.TestPollsKudos" name="test_create_kudos" time="0.133" /><testcase classname="tests.test_iteration37.TestBirthdays" name="test_restore_today_and_check_birthdays" time="0.212" /><testcase classname="tests.test_iteration37.TestPollsKudos" name="test_applaud_kudos" time="0.147" /><testcase classname="tests.test_iteration37.TestPollsKudos" name="test_cleanup_kudos" time="0.107" /><testcase classname="tests.test_iteration37.TestPunchBreaks" name="test_full_break_flow" time="3.556" /><testcase classname="tests.test_iteration37.TestSuperadmin" name="test_admin_forbidden" time="0.107" /><testcase classname="tests.test_iteration37.TestSuperadmin" name="test_superadmin_overview_enriched" time="0.451" /><testcase classname="tests.test_iteration37.TestPunchBreaks" name="test_punch_settings_get_put" time="0.475" /><testcase classname="tests.test_iteration37.TestMultiBranch" name="test_create_shift_with_branch" time="0.312" /></testsuite></testsuites>