<?xml version="1.0" encoding="utf-8"?><testsuites name="pytest tests"><testsuite name="pytest" errors="0" failures="0" skipped="1" tests="13" time="5.299" timestamp="2026-08-01T00:15:22.545060+00:00" hostname="agent-env-5f35255d-4b36-4220-a229-8613b5162e3a"><testcase classname="tests.test_iteration26.TestPunchCodeHashed" name="test_punch_preview_public_shortened_name" time="0.357" /><testcase classname="tests.test_iteration26.TestAuthRegression" name="test_old_admin_password_rejected" time="0.356" /><testcase classname="tests.test_iteration26.TestAuthRegression" name="test_new_admin_password_ok" time="0.560" /><testcase classname="tests.test_iteration26.TestPunchCodeHashed" name="test_profile_no_punch_code_field" time="0.557" /><testcase classname="tests.test_iteration26.TestPunchCodeHashed" name="test_regenerate_punch_code_e3" time="1.890" /><testcase classname="tests.test_iteration26.TestAuthRegression" name="test_new_julie_password_ok" time="0.331" /><testcase classname="tests.test_iteration26.TestAuthRegression" name="test_new_gestion_password_ok" time="0.445" /><testcase classname="tests.test_iteration26.TestTemporaryPasswordFlow" name="test_temp_login_blocked_endpoints" time="0.663"><skipped type="pytest.skip" message="Mot de passe temporaire déjà consommé par test précédent">/app/backend/tests/test_iteration26.py:64: Mot de passe temporaire déjà consommé par test précédent</skipped></testcase><testcase classname="tests.test_iteration26.TestEncryptedLicense" name="test_upload_and_retrieve_pdf_decrypted" time="1.264" /><testcase classname="tests.test_iteration26.TestChatAuth" name="test_chat_without_auth_401" time="0.097" /><testcase classname="tests.test_iteration26.TestChatAuth" name="test_chat_with_auth_ok" time="1.110" /><testcase classname="tests.test_iteration26.TestBruteForceLock" name="test_5_failed_logins_gives_429" time="0.571" /><testcase classname="tests.test_iteration26.TestJuliePunchMe" name="test_julie_can_punch" time="0.738" /></testsuite></testsuites>