<?xml version="1.0" encoding="utf-8"?><testsuites name="pytest tests"><testsuite name="pytest" errors="0" failures="0" skipped="0" tests="17" time="7.010" timestamp="2026-07-30T16:04:05.789320+00:00" hostname="agent-env-5f35255d-4b36-4220-a229-8613b5162e3a"><testcase classname="tests.backend_test.TestLicensesJWT" name="test_list_no_token_401" time="0.169" /><testcase classname="tests.backend_test.TestAuthJWT" name="test_login_admin_ok" time="0.452" /><testcase classname="tests.backend_test.TestAuthJWT" name="test_login_bad_password" time="0.446" /><testcase classname="tests.backend_test.TestLicensesJWT" name="test_list_with_admin_bearer" time="0.717" /><testcase classname="tests.backend_test.TestLicensesJWT" name="test_create_and_get_license" time="0.310" /><testcase classname="tests.backend_test.TestLicensesJWT" name="test_report_60d" time="0.135" /><testcase classname="tests.backend_test.TestAuthJWT" name="test_me_with_token" time="0.423" /><testcase classname="tests.backend_test.TestAuthJWT" name="test_me_no_token" time="0.086" /><testcase classname="tests.backend_test.TestLicensesJWT" name="test_audit_admin_forbidden" time="0.108" /><testcase classname="tests.backend_test.TestAuthJWT" name="test_me_invalid_token" time="0.092" /><testcase classname="tests.backend_test.TestLicensesJWT" name="test_audit_superadmin_ok" time="0.522" /><testcase classname="tests.backend_test.TestAuthJWT" name="test_employee_login_and_licenses_forbidden" time="1.063" /><testcase classname="tests.backend_test.TestChangePassword" name="test_change_password_wrong_current" time="0.585" /><testcase classname="tests.backend_test.TestChangePassword" name="test_change_password_success_and_restore" time="2.730" /><testcase classname="tests.backend_test.TestAuthJWT" name="test_superadmin_temp_password_flag" time="0.953" /><testcase classname="tests.backend_test.TestAuthJWT" name="test_brute_force_lockout_via_public_url" time="1.877" /><testcase classname="tests.backend_test.TestAuthJWT" name="test_valid_login_unaffected_by_other_email_lockout" time="1.284" /></testsuite></testsuites>