<?xml version="1.0" encoding="utf-8"?><testsuites name="pytest tests"><testsuite name="pytest" errors="0" failures="0" skipped="0" tests="14" time="3.192" timestamp="2026-07-30T15:30:56.970778+00:00" hostname="agent-env-5f35255d-4b36-4220-a229-8613b5162e3a"><testcase classname="tests.backend_test.TestAuth" name="test_no_headers_forbidden" time="0.175" /><testcase classname="tests.backend_test.TestLicensesCRUD" name="test_create_license_no_file" time="0.317" /><testcase classname="tests.backend_test.TestAuth" name="test_employee_forbidden" time="0.081" /><testcase classname="tests.backend_test.TestAuth" name="test_audit_admin_forbidden" time="0.117" /><testcase classname="tests.backend_test.TestLicensesCRUD" name="test_upload_and_download_certificate" time="1.230" /><testcase classname="tests.backend_test.TestReport" name="test_report_60_days" time="0.149" /><testcase classname="tests.backend_test.TestReport" name="test_save_report_settings" time="0.181" /><testcase classname="tests.backend_test.TestReport" name="test_send_report_missing_resend_key" time="0.152" /><testcase classname="tests.backend_test.TestRoot" name="test_root" time="0.089" /><testcase classname="tests.backend_test.TestChat" name="test_chat_stream" time="1.678" /><testcase classname="tests.backend_test.TestLicensesCRUD" name="test_update_license" time="0.254" /><testcase classname="tests.backend_test.TestLicensesCRUD" name="test_admin_isolation" time="0.190" /><testcase classname="tests.backend_test.TestLicensesCRUD" name="test_droit_a_loubli" time="0.326" /><testcase classname="tests.backend_test.TestAudit" name="test_audit_logs_superadmin" time="0.231" /></testsuite></testsuites>