<?xml version="1.0" encoding="utf-8"?><testsuites name="pytest tests"><testsuite name="pytest" errors="0" failures="6" skipped="4" tests="134" time="30.239" timestamp="2026-08-21T14:41:49.659292+00:00" hostname="agent-env-5f35255d-4b36-4220-a229-8613b5162e3a"><testcase classname="tests.test_iteration47.TestPriorite1IsolationSuperadmin" name="test_superadmin_no_hr_data[/hr-state]" time="2.568" /><testcase classname="tests.test_iteration47.TestPriorite1IsolationLeo" name="test_leo_no_ph1_data[/hr-state]" time="2.668" /><testcase classname="tests.test_iteration47.TestPriorite1IsolationSuperadmin" name="test_superadmin_no_hr_data[/shifts]" time="0.196" /><testcase classname="tests.test_iteration47.TestPriorite1IsolationLeo" name="test_leo_no_ph1_data[/shifts]" time="0.161" /><testcase classname="tests.test_iteration47.TestPriorite1IsolationSuperadmin" name="test_superadmin_no_hr_data[/tasks?start=2026-08-01&amp;end=2026-08-31]" time="0.151" /><testcase classname="tests.test_iteration47.TestPriorite1IsolationLeo" name="test_leo_no_ph1_data[/tasks?start=2026-08-01&amp;end=2026-08-31]" time="0.141" /><testcase classname="tests.test_iteration47.TestPriorite1IsolationSuperadmin" name="test_superadmin_no_hr_data[/leave/requests]" time="0.190" /><testcase classname="tests.test_iteration47.TestPriorite1IsolationLeo" name="test_leo_no_ph1_data[/tasks/goal?start=2026-08-03]" time="0.143" /><testcase classname="tests.test_iteration47.TestPriorite1IsolationSuperadmin" name="test_superadmin_no_hr_data[/benefits]" time="0.161" /><testcase classname="tests.test_iteration47.TestPriorite1IsolationLeo" name="test_leo_no_ph1_data[/tasks/honor-roll?month=2026-08]" time="0.216" /><testcase classname="tests.test_iteration47.TestPriorite1IsolationSuperadmin" name="test_superadmin_no_hr_data[/punches/summary?start=2026-01-01&amp;end=2026-12-31]" time="0.179" /><testcase classname="tests.test_iteration47.TestPriorite1IsolationLeo" name="test_leo_no_ph1_data[/leave/requests]" time="0.156" /><testcase classname="tests.test_iteration47.TestPriorite1IsolationSuperadmin" name="test_superadmin_no_hr_data[/evaluations]" time="0.141"><failure message="AssertionError: FUITE RH chez superadmin sur /evaluations: ['Julie', 'luminahr.ca', 'ph1'] -&gt; [{&quot;id&quot;: &quot;4b9bd515-e629-4afa-9761-0a458431b5ef&quot;, &quot;pharmacy_id&quot;: &quot;ph1&quot;, &quot;employee_id&quot;: &quot;e2&quot;, &quot;employee_name&quot;: &quot;Julie Gagnon&quot;, &quot;current_rate&quot;: 22.5, &quot;baiia_increase_pct&quot;: 8.0, &quot;status&quot;: &quot;propose&quot;, &quot;admin_eval&quot;: {&quot;answers&quot;: {&quot;q1&quot;: 5, &quot;q2&quot;: 5, &quot;q3&quot;: 5, &quot;q4&quot;: 5, &quot;q5&quot;: 5, &quot;q6&quot;: 5, &quot;q7&quot;: 5, &quot;q8&quot;: 5, &quot;q9&quot;: 5, &quot;q10&quot;: 5}, &quot;score&quot;: 100.0, &quot;strengths&quot;: &quot;T&quot;, &quot;improvements&quot;: &quot;T&quot;, &quot;objectives&quot;: &quot;T&quot;, &quot;completed_at&quot;: &quot;2026-07-30T23:02:08.428617+00:00&quot;, &quot;by&quot;: &quot;admin@luminahr.ca&quot;}, &quot;self_eval&quot;: {&quot;answers&quot;: {&quot;s1&quot;: 4&#10;assert not ['Julie', 'luminahr.ca', 'ph1']">self = &lt;test_iteration47.TestPriorite1IsolationSuperadmin object at 0xff6fa76e7190&gt;
tokens = {'admin': 'eyJhbGciOiJIUzI1NiIsInR5cCI6IkpXVCJ9.eyJzdWIiOiIwOGViNzY1MC04YzA0LTRhOTktYjc3OS1hYTYyZDJmZDMzNmYiLCJlbWFpbC...IsInJvbGUiOiJzdXBlcmFkbWluIiwiZXhwIjoxNzg3NDA5NzEyLCJ0eXBlIjoiYWNjZXNzIn0.HhO9y6_MbCw1OOkIcxAodHRBgMPkJxe0XIM6a1M4gfY'}
path = '/evaluations'

    @pytest.mark.parametrize("path", [
        "/hr-state", "/shifts", "/tasks?start=2026-08-01&amp;end=2026-08-31", "/leave/requests", "/benefits",
        "/punches/summary?start=2026-01-01&amp;end=2026-12-31", "/evaluations", "/deliveries",
        "/open-shifts", "/polls", "/kudos", "/announcements", "/trainings",
    ])
    def test_superadmin_no_hr_data(self, tokens, path):
        r = requests.get(f"{BASE}{path}", headers=h(tokens["superadmin"]), timeout=60)
        if r.status_code in (404, 405):
            pytest.skip(f"{path} inexistant")
        assert r.status_code in (200, 403), f"{path} -&gt; {r.status_code} {r.text[:200]}"
        if r.status_code != 200:
            return
        leaks = find_leaks(r.json())
&gt;       assert not leaks, f"FUITE RH chez superadmin sur {path}: {leaks} -&gt; {json.dumps(r.json(), ensure_ascii=False)[:500]}"
E       AssertionError: FUITE RH chez superadmin sur /evaluations: ['Julie', 'luminahr.ca', 'ph1'] -&gt; [{"id": "4b9bd515-e629-4afa-9761-0a458431b5ef", "pharmacy_id": "ph1", "employee_id": "e2", "employee_name": "Julie Gagnon", "current_rate": 22.5, "baiia_increase_pct": 8.0, "status": "propose", "admin_eval": {"answers": {"q1": 5, "q2": 5, "q3": 5, "q4": 5, "q5": 5, "q6": 5, "q7": 5, "q8": 5, "q9": 5, "q10": 5}, "score": 100.0, "strengths": "T", "improvements": "T", "objectives": "T", "completed_at": "2026-07-30T23:02:08.428617+00:00", "by": "admin@luminahr.ca"}, "self_eval": {"answers": {"s1": 4
E       assert not ['Julie', 'luminahr.ca', 'ph1']

tests/test_iteration47.py:122: AssertionError</failure></testcase><testcase classname="tests.test_iteration47.TestPriorite1IsolationLeo" name="test_leo_no_ph1_data[/leave/absences]" time="0.168" /><testcase classname="tests.test_iteration47.TestPriorite1IsolationSuperadmin" name="test_superadmin_no_hr_data[/deliveries]" time="0.139" /><testcase classname="tests.test_iteration47.TestPriorite1IsolationLeo" name="test_leo_no_ph1_data[/leave/balances]" time="0.155" /><testcase classname="tests.test_iteration47.TestPriorite1IsolationSuperadmin" name="test_superadmin_no_hr_data[/open-shifts]" time="0.158" /><testcase classname="tests.test_iteration47.TestPriorite1IsolationLeo" name="test_leo_no_ph1_data[/leave/policy]" time="0.194" /><testcase classname="tests.test_iteration47.TestPriorite1IsolationSuperadmin" name="test_superadmin_no_hr_data[/polls]" time="0.127" /><testcase classname="tests.test_iteration47.TestPriorite1IsolationLeo" name="test_leo_no_ph1_data[/benefits]" time="0.233" /><testcase classname="tests.test_iteration47.TestPriorite1IsolationSuperadmin" name="test_superadmin_no_hr_data[/kudos]" time="0.135" /><testcase classname="tests.test_iteration47.TestPriorite1IsolationSuperadmin" name="test_superadmin_no_hr_data[/announcements]" time="0.178" /><testcase classname="tests.test_iteration47.TestPriorite1IsolationLeo" name="test_leo_no_ph1_data[/punches?start=2026-01-01&amp;end=2026-12-31]" time="0.179" /><testcase classname="tests.test_iteration47.TestPriorite1IsolationSuperadmin" name="test_superadmin_no_hr_data[/trainings]" time="0.153"><failure message="AssertionError: FUITE RH chez superadmin sur /trainings: ['luminahr.ca', 'ph1'] -&gt; [{&quot;id&quot;: &quot;5d2a444d-08bc-4e47-adbd-0db5a64d1e28&quot;, &quot;pharmacy_id&quot;: &quot;ph1&quot;, &quot;title&quot;: &quot;Formation d'intégration Proxim&quot;, &quot;status&quot;: &quot;published&quot;, &quot;error&quot;: null, &quot;source_filename&quot;: &quot;formation_test.pdf&quot;, &quot;source_size&quot;: 3109, &quot;sections&quot;: [{&quot;id&quot;: &quot;6a3fae87-ad87-4de4-ba31-d541404dea6a&quot;, &quot;sector&quot;: &quot;Ouverture&quot;, &quot;title&quot;: &quot;Procédure d’ouverture de la pharmacie&quot;, &quot;content&quot;: &quot;La procédure d’ouverture doit être réalisée avec rigueur dès 8 h 30 afin d’assurer un démarrage sécuritaire, conforme et efficace des opératio&#10;assert not ['luminahr.ca', 'ph1']">self = &lt;test_iteration47.TestPriorite1IsolationSuperadmin object at 0xff6fa76f8210&gt;
tokens = {'admin': 'eyJhbGciOiJIUzI1NiIsInR5cCI6IkpXVCJ9.eyJzdWIiOiIwOGViNzY1MC04YzA0LTRhOTktYjc3OS1hYTYyZDJmZDMzNmYiLCJlbWFpbC...IsInJvbGUiOiJzdXBlcmFkbWluIiwiZXhwIjoxNzg3NDA5NzEyLCJ0eXBlIjoiYWNjZXNzIn0.HhO9y6_MbCw1OOkIcxAodHRBgMPkJxe0XIM6a1M4gfY'}
path = '/trainings'

    @pytest.mark.parametrize("path", [
        "/hr-state", "/shifts", "/tasks?start=2026-08-01&amp;end=2026-08-31", "/leave/requests", "/benefits",
        "/punches/summary?start=2026-01-01&amp;end=2026-12-31", "/evaluations", "/deliveries",
        "/open-shifts", "/polls", "/kudos", "/announcements", "/trainings",
    ])
    def test_superadmin_no_hr_data(self, tokens, path):
        r = requests.get(f"{BASE}{path}", headers=h(tokens["superadmin"]), timeout=60)
        if r.status_code in (404, 405):
            pytest.skip(f"{path} inexistant")
        assert r.status_code in (200, 403), f"{path} -&gt; {r.status_code} {r.text[:200]}"
        if r.status_code != 200:
            return
        leaks = find_leaks(r.json())
&gt;       assert not leaks, f"FUITE RH chez superadmin sur {path}: {leaks} -&gt; {json.dumps(r.json(), ensure_ascii=False)[:500]}"
E       AssertionError: FUITE RH chez superadmin sur /trainings: ['luminahr.ca', 'ph1'] -&gt; [{"id": "5d2a444d-08bc-4e47-adbd-0db5a64d1e28", "pharmacy_id": "ph1", "title": "Formation d'intégration Proxim", "status": "published", "error": null, "source_filename": "formation_test.pdf", "source_size": 3109, "sections": [{"id": "6a3fae87-ad87-4de4-ba31-d541404dea6a", "sector": "Ouverture", "title": "Procédure d’ouverture de la pharmacie", "content": "La procédure d’ouverture doit être réalisée avec rigueur dès 8 h 30 afin d’assurer un démarrage sécuritaire, conforme et efficace des opératio
E       assert not ['luminahr.ca', 'ph1']

tests/test_iteration47.py:122: AssertionError</failure></testcase><testcase classname="tests.test_iteration47.TestPriorite1IsolationLeo" name="test_leo_no_ph1_data[/punches/summary?start=2026-01-01&amp;end=2026-12-31]" time="0.149" /><testcase classname="tests.test_iteration47.TestPriorite1IsolationSuperadmin" name="test_superadmin_hr_state_null" time="0.123" /><testcase classname="tests.test_iteration47.TestPriorite1IsolationLeo" name="test_leo_no_ph1_data[/punches/open]" time="0.141" /><testcase classname="tests.test_iteration47.TestPriorite1IsolationSuperadmin" name="test_superadmin_cross_pharmacy_endpoints[/licenses]" time="0.134"><failure message="AssertionError: FUITE ph1 chez superadmin sur /licenses: ['Julie', 'luminahr.ca', 'ph1']&#10;assert not ['Julie', 'luminahr.ca', 'ph1']">self = &lt;test_iteration47.TestPriorite1IsolationSuperadmin object at 0xff6fa76f9d50&gt;
tokens = {'admin': 'eyJhbGciOiJIUzI1NiIsInR5cCI6IkpXVCJ9.eyJzdWIiOiIwOGViNzY1MC04YzA0LTRhOTktYjc3OS1hYTYyZDJmZDMzNmYiLCJlbWFpbC...IsInJvbGUiOiJzdXBlcmFkbWluIiwiZXhwIjoxNzg3NDA5NzEyLCJ0eXBlIjoiYWNjZXNzIn0.HhO9y6_MbCw1OOkIcxAodHRBgMPkJxe0XIM6a1M4gfY'}
path = '/licenses'

    @pytest.mark.parametrize("path", ["/licenses", "/evaluations", "/trainings", "/profiles", "/schedule/proposals"])
    def test_superadmin_cross_pharmacy_endpoints(self, tokens, path):
        """FUITE CONNUE : ces endpoints ne filtrent pas quand le superadmin n'a pas de pharmacie
        (query {} = TOUTES les pharmacies) au lieu d'utiliser scoped_pid -&gt; '__plateforme__'."""
        r = requests.get(f"{BASE}{path}", headers=h(tokens["superadmin"]), timeout=30)
        assert r.status_code == 200
        leaks = find_leaks(r.json())
&gt;       assert not leaks, f"FUITE ph1 chez superadmin sur {path}: {leaks}"
E       AssertionError: FUITE ph1 chez superadmin sur /licenses: ['Julie', 'luminahr.ca', 'ph1']
E       assert not ['Julie', 'luminahr.ca', 'ph1']

tests/test_iteration47.py:136: AssertionError</failure></testcase><testcase classname="tests.test_iteration47.TestPriorite1IsolationLeo" name="test_leo_no_ph1_data[/punch/settings]" time="0.137" /><testcase classname="tests.test_iteration47.TestPriorite1IsolationSuperadmin" name="test_superadmin_cross_pharmacy_endpoints[/evaluations]" time="0.178"><failure message="AssertionError: FUITE ph1 chez superadmin sur /evaluations: ['Julie', 'luminahr.ca', 'ph1']&#10;assert not ['Julie', 'luminahr.ca', 'ph1']">self = &lt;test_iteration47.TestPriorite1IsolationSuperadmin object at 0xff6fa76e41d0&gt;
tokens = {'admin': 'eyJhbGciOiJIUzI1NiIsInR5cCI6IkpXVCJ9.eyJzdWIiOiIwOGViNzY1MC04YzA0LTRhOTktYjc3OS1hYTYyZDJmZDMzNmYiLCJlbWFpbC...IsInJvbGUiOiJzdXBlcmFkbWluIiwiZXhwIjoxNzg3NDA5NzEyLCJ0eXBlIjoiYWNjZXNzIn0.HhO9y6_MbCw1OOkIcxAodHRBgMPkJxe0XIM6a1M4gfY'}
path = '/evaluations'

    @pytest.mark.parametrize("path", ["/licenses", "/evaluations", "/trainings", "/profiles", "/schedule/proposals"])
    def test_superadmin_cross_pharmacy_endpoints(self, tokens, path):
        """FUITE CONNUE : ces endpoints ne filtrent pas quand le superadmin n'a pas de pharmacie
        (query {} = TOUTES les pharmacies) au lieu d'utiliser scoped_pid -&gt; '__plateforme__'."""
        r = requests.get(f"{BASE}{path}", headers=h(tokens["superadmin"]), timeout=30)
        assert r.status_code == 200
        leaks = find_leaks(r.json())
&gt;       assert not leaks, f"FUITE ph1 chez superadmin sur {path}: {leaks}"
E       AssertionError: FUITE ph1 chez superadmin sur /evaluations: ['Julie', 'luminahr.ca', 'ph1']
E       assert not ['Julie', 'luminahr.ca', 'ph1']

tests/test_iteration47.py:136: AssertionError</failure></testcase><testcase classname="tests.test_iteration47.TestPriorite1IsolationLeo" name="test_leo_no_ph1_data[/punch/cost?start=2026-01-01&amp;end=2026-12-31]" time="0.153" /><testcase classname="tests.test_iteration47.TestPriorite1IsolationSuperadmin" name="test_superadmin_cross_pharmacy_endpoints[/trainings]" time="0.142"><failure message="AssertionError: FUITE ph1 chez superadmin sur /trainings: ['luminahr.ca', 'ph1']&#10;assert not ['luminahr.ca', 'ph1']">self = &lt;test_iteration47.TestPriorite1IsolationSuperadmin object at 0xff6fa76f9e50&gt;
tokens = {'admin': 'eyJhbGciOiJIUzI1NiIsInR5cCI6IkpXVCJ9.eyJzdWIiOiIwOGViNzY1MC04YzA0LTRhOTktYjc3OS1hYTYyZDJmZDMzNmYiLCJlbWFpbC...IsInJvbGUiOiJzdXBlcmFkbWluIiwiZXhwIjoxNzg3NDA5NzEyLCJ0eXBlIjoiYWNjZXNzIn0.HhO9y6_MbCw1OOkIcxAodHRBgMPkJxe0XIM6a1M4gfY'}
path = '/trainings'

    @pytest.mark.parametrize("path", ["/licenses", "/evaluations", "/trainings", "/profiles", "/schedule/proposals"])
    def test_superadmin_cross_pharmacy_endpoints(self, tokens, path):
        """FUITE CONNUE : ces endpoints ne filtrent pas quand le superadmin n'a pas de pharmacie
        (query {} = TOUTES les pharmacies) au lieu d'utiliser scoped_pid -&gt; '__plateforme__'."""
        r = requests.get(f"{BASE}{path}", headers=h(tokens["superadmin"]), timeout=30)
        assert r.status_code == 200
        leaks = find_leaks(r.json())
&gt;       assert not leaks, f"FUITE ph1 chez superadmin sur {path}: {leaks}"
E       AssertionError: FUITE ph1 chez superadmin sur /trainings: ['luminahr.ca', 'ph1']
E       assert not ['luminahr.ca', 'ph1']

tests/test_iteration47.py:136: AssertionError</failure></testcase><testcase classname="tests.test_iteration47.TestPriorite1IsolationLeo" name="test_leo_no_ph1_data[/licenses]" time="0.193" /><testcase classname="tests.test_iteration47.TestPriorite1IsolationSuperadmin" name="test_superadmin_cross_pharmacy_endpoints[/profiles]" time="0.220"><failure message="AssertionError: FUITE ph1 chez superadmin sur /profiles: ['Sophie', 'Julie', 'Karim', 'Lavoie', 'luminahr.ca', 'ph1']&#10;assert not ['Sophie', 'Julie', 'Karim', 'Lavoie', 'luminahr.ca', 'ph1']">self = &lt;test_iteration47.TestPriorite1IsolationSuperadmin object at 0xff6fa76f9fd0&gt;
tokens = {'admin': 'eyJhbGciOiJIUzI1NiIsInR5cCI6IkpXVCJ9.eyJzdWIiOiIwOGViNzY1MC04YzA0LTRhOTktYjc3OS1hYTYyZDJmZDMzNmYiLCJlbWFpbC...IsInJvbGUiOiJzdXBlcmFkbWluIiwiZXhwIjoxNzg3NDA5NzEyLCJ0eXBlIjoiYWNjZXNzIn0.HhO9y6_MbCw1OOkIcxAodHRBgMPkJxe0XIM6a1M4gfY'}
path = '/profiles'

    @pytest.mark.parametrize("path", ["/licenses", "/evaluations", "/trainings", "/profiles", "/schedule/proposals"])
    def test_superadmin_cross_pharmacy_endpoints(self, tokens, path):
        """FUITE CONNUE : ces endpoints ne filtrent pas quand le superadmin n'a pas de pharmacie
        (query {} = TOUTES les pharmacies) au lieu d'utiliser scoped_pid -&gt; '__plateforme__'."""
        r = requests.get(f"{BASE}{path}", headers=h(tokens["superadmin"]), timeout=30)
        assert r.status_code == 200
        leaks = find_leaks(r.json())
&gt;       assert not leaks, f"FUITE ph1 chez superadmin sur {path}: {leaks}"
E       AssertionError: FUITE ph1 chez superadmin sur /profiles: ['Sophie', 'Julie', 'Karim', 'Lavoie', 'luminahr.ca', 'ph1']
E       assert not ['Sophie', 'Julie', 'Karim', 'Lavoie', 'luminahr.ca', 'ph1']

tests/test_iteration47.py:136: AssertionError</failure></testcase><testcase classname="tests.test_iteration47.TestPriorite1IsolationLeo" name="test_leo_no_ph1_data[/evaluations]" time="0.181" /><testcase classname="tests.test_iteration47.TestPriorite1IsolationSuperadmin" name="test_superadmin_cross_pharmacy_endpoints[/schedule/proposals]" time="0.147" /><testcase classname="tests.test_iteration47.TestPriorite1IsolationLeo" name="test_leo_no_ph1_data[/deliveries]" time="0.153" /><testcase classname="tests.test_iteration47.TestPriorite1IsolationLeo" name="test_leo_no_ph1_data[/deliveries/proofs]" time="0.329" /><testcase classname="tests.test_iteration47.TestPriorite1IsolationLeo" name="test_leo_no_ph1_data[/announcements]" time="0.120" /><testcase classname="tests.test_iteration45.TestHrStateSync" name="test_get_shape" time="0.540" /><testcase classname="tests.test_iteration47.TestPriorite1IsolationLeo" name="test_leo_no_ph1_data[/polls]" time="0.203" /><testcase classname="tests.test_iteration45.TestHrStateSync" name="test_put_strips_shifts_and_persists" time="0.165" /><testcase classname="tests.test_iteration47.TestPriorite1IsolationLeo" name="test_leo_no_ph1_data[/kudos]" time="0.136" /><testcase classname="tests.test_iteration45.TestHrStateSync" name="test_wipe_guard_rejects_emptied_lists" time="0.240" /><testcase classname="tests.test_iteration47.TestPriorite1IsolationLeo" name="test_leo_no_ph1_data[/open-shifts]" time="0.126" /><testcase classname="tests.test_iteration47.TestPriorite1IsolationLeo" name="test_leo_no_ph1_data[/appointments?start=2026-01-01&amp;end=2026-12-31]" time="0.278" /><testcase classname="tests.test_iteration47.TestPriorite1IsolationLeo" name="test_leo_no_ph1_data[/time-bank]" time="0.153" /><testcase classname="tests.test_iteration45.TestHrStateSync" name="test_same_pharmacy_users_share_state" time="0.456" /><testcase classname="tests.test_iteration47.TestPriorite1IsolationLeo" name="test_leo_no_ph1_data[/sst]" time="0.143"><skipped type="pytest.skip" message="/sst inexistant (404)">/app/backend/tests/test_iteration47.py:80: /sst inexistant (404)</skipped></testcase><testcase classname="tests.test_iteration45.TestHrStateSync" name="test_employee_write_is_merged_not_full" time="0.235" /><testcase classname="tests.test_iteration47.TestPriorite1IsolationLeo" name="test_leo_no_ph1_data[/work-stations]" time="0.149" /><testcase classname="tests.test_iteration45.TestHrStateSync" name="test_large_state_rejected" time="0.881" /><testcase classname="tests.test_iteration47.TestPriorite1IsolationLeo" name="test_leo_no_ph1_data[/hr-custom-fields]" time="0.137"><skipped type="pytest.skip" message="/hr-custom-fields inexistant (404)">/app/backend/tests/test_iteration47.py:80: /hr-custom-fields inexistant (404)</skipped></testcase><testcase classname="tests.test_iteration47.TestPriorite1IsolationLeo" name="test_leo_no_ph1_data[/agencies]" time="0.158" /><testcase classname="tests.test_iteration47.TestPriorite1IsolationLeo" name="test_leo_no_ph1_data[/replacements/requests]" time="0.160" /><testcase classname="tests.test_iteration47.TestPriorite1IsolationLeo" name="test_leo_no_ph1_data[/chat/conversations]" time="0.149" /><testcase classname="tests.test_iteration47.TestPriorite1IsolationLeo" name="test_leo_no_ph1_data[/chat/users]" time="0.185" /><testcase classname="tests.test_iteration47.TestPriorite1IsolationLeo" name="test_leo_no_ph1_data[/schedule/settings]" time="0.144" /><testcase classname="tests.test_iteration47.TestPriorite1IsolationLeo" name="test_leo_no_ph1_data[/schedule/proposals]" time="0.252" /><testcase classname="tests.test_iteration47.TestPriorite1IsolationLeo" name="test_leo_no_ph1_data[/schedule/templates]" time="0.131" /><testcase classname="tests.test_iteration46.TestPayroll" name="test_export_payroll[nethris]" time="0.444" /><testcase classname="tests.test_iteration46.TestPayroll" name="test_export_payroll[adp]" time="0.078" /><testcase classname="tests.test_iteration47.TestPriorite1IsolationLeo" name="test_leo_no_ph1_data[/trainings]" time="0.192" /><testcase classname="tests.test_iteration46.TestPayroll" name="test_export_payroll[employeurd]" time="0.088" /><testcase classname="tests.test_iteration47.TestPriorite1IsolationLeo" name="test_leo_no_ph1_data[/notifications]" time="0.242" /><testcase classname="tests.test_iteration47.TestPriorite1IsolationLeo" name="test_leo_no_ph1_data[/pay-settings]" time="0.249" /><testcase classname="tests.test_iteration46.TestPayroll" name="test_export_forbidden_employee" time="0.430" /><testcase classname="tests.test_iteration46.TestPayroll" name="test_budgets_report_csv" time="0.092" /><testcase classname="tests.test_iteration46.TestPayroll" name="test_pay_settings" time="0.075" /><testcase classname="tests.test_iteration47.TestPriorite1IsolationLeo" name="test_leo_no_ph1_data[/pharmacy/settings]" time="0.148" /><testcase classname="tests.test_iteration46.TestContent" name="test_benefits_admin_vs_employee" time="0.186" /><testcase classname="tests.test_iteration47.TestPriorite1IsolationLeo" name="test_leo_no_ph1_data[/report-settings]" time="0.149" /><testcase classname="tests.test_iteration46.TestContent" name="test_trainings" time="0.176" /><testcase classname="tests.test_iteration47.TestPriorite1IsolationLeo" name="test_leo_no_ph1_data[/security-settings]" time="0.168" /><testcase classname="tests.test_iteration46.TestContent" name="test_notifications" time="0.183" /><testcase classname="tests.test_iteration47.TestPriorite1IsolationLeo" name="test_leo_no_ph1_data[/email-settings]" time="0.218" /><testcase classname="tests.test_iteration46.TestContent" name="test_open_shifts_and_team" time="0.300" /><testcase classname="tests.test_iteration47.TestPriorite1IsolationLeo" name="test_leo_no_ph1_data[/reports/budget-history]" time="0.153" /><testcase classname="tests.test_iteration47.TestPriorite1IsolationLeo" name="test_leo_no_ph1_data[/branches]" time="0.135"><skipped type="pytest.skip" message="/branches inexistant (404)">/app/backend/tests/test_iteration47.py:80: /branches inexistant (404)</skipped></testcase><testcase classname="tests.test_iteration46.TestContent" name="test_appointments_and_deliveries" time="0.174" /><testcase classname="tests.test_iteration47.TestPriorite1IsolationLeo" name="test_leo_no_ph1_data[/profiles]" time="0.191" /><testcase classname="tests.test_iteration46.TestContent" name="test_licenses_and_chat" time="0.168" /><testcase classname="tests.test_iteration47.TestPriorite1IsolationLeo" name="test_leo_no_ph1_data[/documents]" time="0.151"><skipped type="pytest.skip" message="/documents inexistant (404)">/app/backend/tests/test_iteration47.py:80: /documents inexistant (404)</skipped></testcase><testcase classname="tests.test_iteration47.TestRegressionPh1" name="test_admin_sees_own_employees_and_payroll" time="0.142" /><testcase classname="tests.test_iteration47.TestPriorite1IsolationLeo" name="test_leo_no_ph1_data[/document-requests]" time="0.138" /><testcase classname="tests.test_iteration47.TestRegressionPh1" name="test_admin_shifts_present" time="0.168" /><testcase classname="tests.test_iteration47.TestPriorite1IsolationLeo" name="test_leo_hr_state_only_own_employee" time="0.239" /><testcase classname="tests.test_iteration47.TestRegressionPh1" name="test_shift_create_delete" time="0.965" /><testcase classname="tests.test_iteration47.TestPriorite1IsolationLeo" name="test_leo_shifts_empty" time="0.151" /><testcase classname="tests.test_iteration47.TestRegressionPh1" name="test_employee_julie_sees_own_data" time="0.303" /><testcase classname="tests.test_iteration47.TestRegressionPh1" name="test_auth_me_scoping" time="0.430" /><testcase classname="tests.test_iteration46.TestAuth" name="test_login_roles" time="1.259" /><testcase classname="tests.test_iteration46.TestAuth" name="test_bad_password" time="0.081" /><testcase classname="tests.test_iteration46.TestAuth" name="test_me" time="0.188" /><testcase classname="tests.test_iteration47.TestPriorite3Pharmacies" name="test_list_pharmacies" time="0.133" /><testcase classname="tests.test_iteration47.TestPriorite3Pharmacies" name="test_create_requires_name" time="0.145" /><testcase classname="tests.test_iteration46.TestAuth" name="test_me_without_token" time="0.073" /><testcase classname="tests.test_iteration46.TestAuth" name="test_security_settings_defaults" time="0.076" /><testcase classname="tests.test_iteration47.TestPriorite3Pharmacies" name="test_create_update_pharmacy" time="0.602" /><testcase classname="tests.test_iteration46.TestSchedule" name="test_settings" time="0.071" /><testcase classname="tests.test_iteration46.TestSchedule" name="test_publish_week" time="0.390" /><testcase classname="tests.test_iteration46.TestSchedule" name="test_publish_forbidden_for_employee" time="0.074" /><testcase classname="tests.test_iteration46.TestSchedule" name="test_templates_list" time="0.099" /><testcase classname="tests.test_iteration47.TestPriorite3Pharmacies" name="test_update_unknown_pharmacy_404" time="0.130" /><testcase classname="tests.test_iteration46.TestPerformance" name="test_hot_endpoint_under_1_5s[/api/shifts]" time="0.220" /><testcase classname="tests.test_iteration46.TestPunch" name="test_preview_and_punch_cycle" time="0.256" /><testcase classname="tests.test_iteration46.TestPerformance" name="test_hot_endpoint_under_1_5s[/api/hr-state]" time="0.150" /><testcase classname="tests.test_iteration46.TestPunch" name="test_bad_pin" time="0.078" /><testcase classname="tests.test_iteration46.TestPerformance" name="test_hot_endpoint_under_1_5s[/api/notifications]" time="0.154" /><testcase classname="tests.test_iteration46.TestPunch" name="test_summary_admin" time="0.076" /><testcase classname="tests.test_iteration46.TestPunch" name="test_punch_settings" time="0.084" /><testcase classname="tests.test_iteration46.TestPerformance" name="test_hot_endpoint_under_1_5s[/api/tasks?start=2026-08-17&amp;end=2026-08-23]" time="0.154" /><testcase classname="tests.test_iteration47.TestPriorite2CompteSansPharmacie" name="test_create_admin_without_pharmacy_rejected" time="0.289" /><testcase classname="tests.test_iteration47.TestPriorite2CompteSansPharmacie" name="test_create_admin_unknown_pharmacy_rejected" time="0.165" /><testcase classname="tests.test_iteration45.TestHrStateAuth" name="test_get_without_token" time="0.571" /><testcase classname="tests.test_iteration47.TestPriorite2CompteSansPharmacie" name="test_create_superadmin_without_pharmacy_ok" time="0.586" /><testcase classname="tests.test_iteration45.TestHrStateAuth" name="test_put_without_token" time="0.077" /><testcase classname="tests.test_iteration45.TestHrStateAuth" name="test_put_invalid_payload" time="0.413" /><testcase classname="tests.test_iteration47.TestPriorite1IsolationPh1" name="test_admin_ph1_no_leo_data" time="0.149" /><testcase classname="tests.test_iteration46.TestLeave" name="test_request_approve_flow" time="0.458" /><testcase classname="tests.test_iteration47.TestPriorite1IsolationPh1" name="test_admin_ph1_pharmacies_forbidden" time="0.150" /><testcase classname="tests.test_iteration47.TestAuthHardening" name="test_bcrypt_hash_format" time="0.075" /><testcase classname="tests.test_iteration47.TestAuthHardening" name="test_no_token_401" time="0.176" /><testcase classname="tests.test_iteration46.TestLeave" name="test_balances" time="0.086" /><testcase classname="tests.test_iteration46.TestLeave" name="test_policy" time="0.076" /><testcase classname="tests.test_iteration46.TestShiftEmployeeName" name="test_post_shift_stores_employee_name" time="0.426" /><testcase classname="tests.test_iteration45.TestShiftsRegression" name="test_shifts_get" time="0.621" /><testcase classname="tests.test_iteration46.TestShiftEmployeeName" name="test_employee_cannot_write_shifts" time="0.124" /><testcase classname="tests.test_iteration45.TestShiftsRegression" name="test_shift_crud" time="0.707" /><testcase classname="tests.test_iteration45" name="test_zz_cleanup" time="0.707" /><testcase classname="tests.test_iteration46.TestTasks" name="test_tasks_list_stats_goal" time="0.461" /><testcase classname="tests.test_iteration46.TestHrStateSecurity" name="test_employee_put_does_not_wipe_sensitive_lists" time="0.565" /><testcase classname="tests.test_iteration46.TestTasks" name="test_task_create_toggle_delete" time="0.603" /><testcase classname="tests.test_iteration46.TestScheduleAI" name="test_generate_and_delete" time="12.367" /></testsuite></testsuites>